[info] welcome to sbt 1.8.0 (Oracle Corporation Java 9.0.4)
[info] loading global plugins from /Users/y3536zha/.sbt/1.0/plugins
[info] loading settings for project dotty-build-build from build.sbt ...
[info] loading project definition from /Users/y3536zha/Desktop/scala_no_change/dotty/project/project
[info] loading settings for project dotty-build from build.sbt,plugins.sbt ...
[info] loading project definition from /Users/y3536zha/Desktop/scala_no_change/dotty/project
[info] loading settings for project scala3 from build.sbt ...
[info] resolving key references (31394 settings) ...
[info] set current project to scala3 (in build file:/Users/y3536zha/Desktop/scala_no_change/dotty/)
SLF4J: No SLF4J providers were found.
SLF4J: Defaulting to no-operation (NOP) logger implementation
SLF4J: See https://www.slf4j.org/codes.html#noProviders for further details.
SLF4J: Class path contains SLF4J bindings targeting slf4j-api versions 1.7.x or earlier.
SLF4J: Ignoring binding found at [jar:file:/Users/y3536zha/.sbt/boot/scala-2.12.17/org.scala-sbt/sbt/1.8.0/log4j-slf4j-impl-2.17.1.jar!/org/slf4j/impl/StaticLoggerBinder.class]
SLF4J: See https://www.slf4j.org/codes.html#ignoredBindings for an explanation.
[info] Wrote /Users/y3536zha/Desktop/scala_no_change/dotty/interfaces/target/scala3-interfaces-3.3.1-RC1-bin-SNAPSHOT.pom
[info] Wrote /Users/y3536zha/Desktop/scala_no_change/dotty/tasty/../out/bootstrap/tasty-core-bootstrapped/scala-3.3.1-RC1-bin-SNAPSHOT-nonbootstrapped/tasty-core_3-3.3.1-RC1-bin-SNAPSHOT.pom
[info] Wrote /Users/y3536zha/Desktop/scala_no_change/dotty/library-js/../out/bootstrap/scala3-library-bootstrappedJS/scala-3.3.1-RC1-bin-SNAPSHOT-nonbootstrapped/scala3-library_sjs1_3-3.3.1-RC1-bin-SNAPSHOT.pom
[info] Wrote /Users/y3536zha/Desktop/scala_no_change/dotty/tasty-inspector/../out/bootstrap/scala3-tasty-inspector/scala-3.3.1-RC1-bin-SNAPSHOT-nonbootstrapped/scala3-tasty-inspector_3-3.3.1-RC1-bin-SNAPSHOT.pom
[info] Wrote /Users/y3536zha/Desktop/scala_no_change/dotty/compiler/../out/bootstrap/scala3-compiler-bootstrapped/scala-3.3.1-RC1-bin-SNAPSHOT-nonbootstrapped/scala3-compiler_3-3.3.1-RC1-bin-SNAPSHOT.pom
[info] Wrote /Users/y3536zha/Desktop/scala_no_change/dotty/sbt-community-build/target/scala-2.12/sbt-1.0/sbt-community-build-0.1.0-SNAPSHOT.pom
[info] Wrote /Users/y3536zha/Desktop/scala_no_change/dotty/library/../out/bootstrap/scala3-library-bootstrapped/scala-3.3.1-RC1-bin-SNAPSHOT-nonbootstrapped/scala3-library_3-3.3.1-RC1-bin-SNAPSHOT.pom
[info] Wrote /Users/y3536zha/Desktop/scala_no_change/dotty/sbt-bridge/src/target/scala3-sbt-bridge-3.3.1-RC1-bin-SNAPSHOT.pom
[info] Wrote /Users/y3536zha/Desktop/scala_no_change/dotty/scaladoc/../out/bootstrap/scaladoc/scala-3.3.1-RC1-bin-SNAPSHOT-nonbootstrapped/scaladoc_3-3.3.1-RC1-bin-SNAPSHOT.pom
[info] :: delivering :: ch.epfl.lamp#sbt-community-build;0.1.0-SNAPSHOT :: 0.1.0-SNAPSHOT :: integration :: Wed Jun 21 13:42:17 EDT 2023
[info] 	delivering ivy file to /Users/y3536zha/Desktop/scala_no_change/dotty/sbt-community-build/target/scala-2.12/sbt-1.0/ivy-0.1.0-SNAPSHOT.xml
[info] 	published sbt-community-build to /Users/y3536zha/.ivy2/local/ch.epfl.lamp/sbt-community-build/scala_2.12/sbt_1.0/0.1.0-SNAPSHOT/poms/sbt-community-build.pom
[info] 	published sbt-community-build to /Users/y3536zha/.ivy2/local/ch.epfl.lamp/sbt-community-build/scala_2.12/sbt_1.0/0.1.0-SNAPSHOT/jars/sbt-community-build.jar
[info] 	published sbt-community-build to /Users/y3536zha/.ivy2/local/ch.epfl.lamp/sbt-community-build/scala_2.12/sbt_1.0/0.1.0-SNAPSHOT/srcs/sbt-community-build-sources.jar
[info] 	published sbt-community-build to /Users/y3536zha/.ivy2/local/ch.epfl.lamp/sbt-community-build/scala_2.12/sbt_1.0/0.1.0-SNAPSHOT/docs/sbt-community-build-javadoc.jar
[info] 	published ivy to /Users/y3536zha/.ivy2/local/ch.epfl.lamp/sbt-community-build/scala_2.12/sbt_1.0/0.1.0-SNAPSHOT/ivys/ivy.xml
[info] :: delivering :: org.scala-lang#scala3-interfaces;3.3.1-RC1-bin-SNAPSHOT :: 3.3.1-RC1-bin-SNAPSHOT :: integration :: Wed Jun 21 13:42:17 EDT 2023
[info] 	delivering ivy file to /Users/y3536zha/Desktop/scala_no_change/dotty/interfaces/target/ivy-3.3.1-RC1-bin-SNAPSHOT.xml
[info] 	published scala3-interfaces to /Users/y3536zha/.ivy2/local/org.scala-lang/scala3-interfaces/3.3.1-RC1-bin-SNAPSHOT/poms/scala3-interfaces.pom
[info] 	published scala3-interfaces to /Users/y3536zha/.ivy2/local/org.scala-lang/scala3-interfaces/3.3.1-RC1-bin-SNAPSHOT/jars/scala3-interfaces.jar
[info] 	published scala3-interfaces to /Users/y3536zha/.ivy2/local/org.scala-lang/scala3-interfaces/3.3.1-RC1-bin-SNAPSHOT/srcs/scala3-interfaces-sources.jar
[info] 	published scala3-interfaces to /Users/y3536zha/.ivy2/local/org.scala-lang/scala3-interfaces/3.3.1-RC1-bin-SNAPSHOT/docs/scala3-interfaces-javadoc.jar
[info] 	published ivy to /Users/y3536zha/.ivy2/local/org.scala-lang/scala3-interfaces/3.3.1-RC1-bin-SNAPSHOT/ivys/ivy.xml
[info] :: delivering :: org.scala-lang#scala3-sbt-bridge;3.3.1-RC1-bin-SNAPSHOT :: 3.3.1-RC1-bin-SNAPSHOT :: integration :: Wed Jun 21 13:42:18 EDT 2023
[info] 	delivering ivy file to /Users/y3536zha/Desktop/scala_no_change/dotty/sbt-bridge/src/target/ivy-3.3.1-RC1-bin-SNAPSHOT.xml
[info] 	published scala3-sbt-bridge to /Users/y3536zha/.ivy2/local/org.scala-lang/scala3-sbt-bridge/3.3.1-RC1-bin-SNAPSHOT/poms/scala3-sbt-bridge.pom
[info] 	published scala3-sbt-bridge to /Users/y3536zha/.ivy2/local/org.scala-lang/scala3-sbt-bridge/3.3.1-RC1-bin-SNAPSHOT/jars/scala3-sbt-bridge.jar
[info] 	published scala3-sbt-bridge to /Users/y3536zha/.ivy2/local/org.scala-lang/scala3-sbt-bridge/3.3.1-RC1-bin-SNAPSHOT/srcs/scala3-sbt-bridge-sources.jar
[info] 	published scala3-sbt-bridge to /Users/y3536zha/.ivy2/local/org.scala-lang/scala3-sbt-bridge/3.3.1-RC1-bin-SNAPSHOT/docs/scala3-sbt-bridge-javadoc.jar
[info] 	published ivy to /Users/y3536zha/.ivy2/local/org.scala-lang/scala3-sbt-bridge/3.3.1-RC1-bin-SNAPSHOT/ivys/ivy.xml
[info] :: delivering :: org.scala-lang#tasty-core_3;3.3.1-RC1-bin-SNAPSHOT :: 3.3.1-RC1-bin-SNAPSHOT :: integration :: Wed Jun 21 13:42:21 EDT 2023
[info] 	delivering ivy file to /Users/y3536zha/Desktop/scala_no_change/dotty/out/bootstrap/tasty-core-bootstrapped/scala-3.3.1-RC1-bin-SNAPSHOT-nonbootstrapped/ivy-3.3.1-RC1-bin-SNAPSHOT.xml
[info] 	published tasty-core_3 to /Users/y3536zha/.ivy2/local/org.scala-lang/tasty-core_3/3.3.1-RC1-bin-SNAPSHOT/poms/tasty-core_3.pom
[info] 	published tasty-core_3 to /Users/y3536zha/.ivy2/local/org.scala-lang/tasty-core_3/3.3.1-RC1-bin-SNAPSHOT/jars/tasty-core_3.jar
[info] 	published tasty-core_3 to /Users/y3536zha/.ivy2/local/org.scala-lang/tasty-core_3/3.3.1-RC1-bin-SNAPSHOT/srcs/tasty-core_3-sources.jar
[info] 	published tasty-core_3 to /Users/y3536zha/.ivy2/local/org.scala-lang/tasty-core_3/3.3.1-RC1-bin-SNAPSHOT/docs/tasty-core_3-javadoc.jar
[info] 	published ivy to /Users/y3536zha/.ivy2/local/org.scala-lang/tasty-core_3/3.3.1-RC1-bin-SNAPSHOT/ivys/ivy.xml
[info] Main Scala API documentation to /Users/y3536zha/Desktop/scala_no_change/dotty/library-js/../out/bootstrap/scala3-library-bootstrappedJS/scala-3.3.1-RC1-bin-SNAPSHOT-nonbootstrapped/api...
[info] Main Scala API documentation to /Users/y3536zha/Desktop/scala_no_change/dotty/library/../out/bootstrap/scala3-library-bootstrapped/scala-3.3.1-RC1-bin-SNAPSHOT-nonbootstrapped/api...
[info] :: delivering :: org.scala-lang#scala3-tasty-inspector_3;3.3.1-RC1-bin-SNAPSHOT :: 3.3.1-RC1-bin-SNAPSHOT :: integration :: Wed Jun 21 13:42:21 EDT 2023
[info] 	delivering ivy file to /Users/y3536zha/Desktop/scala_no_change/dotty/out/bootstrap/scala3-tasty-inspector/scala-3.3.1-RC1-bin-SNAPSHOT-nonbootstrapped/ivy-3.3.1-RC1-bin-SNAPSHOT.xml
[info] 	published scala3-tasty-inspector_3 to /Users/y3536zha/.ivy2/local/org.scala-lang/scala3-tasty-inspector_3/3.3.1-RC1-bin-SNAPSHOT/poms/scala3-tasty-inspector_3.pom
[info] 	published scala3-tasty-inspector_3 to /Users/y3536zha/.ivy2/local/org.scala-lang/scala3-tasty-inspector_3/3.3.1-RC1-bin-SNAPSHOT/jars/scala3-tasty-inspector_3.jar
[info] 	published scala3-tasty-inspector_3 to /Users/y3536zha/.ivy2/local/org.scala-lang/scala3-tasty-inspector_3/3.3.1-RC1-bin-SNAPSHOT/srcs/scala3-tasty-inspector_3-sources.jar
[info] 	published scala3-tasty-inspector_3 to /Users/y3536zha/.ivy2/local/org.scala-lang/scala3-tasty-inspector_3/3.3.1-RC1-bin-SNAPSHOT/docs/scala3-tasty-inspector_3-javadoc.jar
[info] 	published ivy to /Users/y3536zha/.ivy2/local/org.scala-lang/scala3-tasty-inspector_3/3.3.1-RC1-bin-SNAPSHOT/ivys/ivy.xml
[info] :: delivering :: org.scala-lang#scaladoc_3;3.3.1-RC1-bin-SNAPSHOT :: 3.3.1-RC1-bin-SNAPSHOT :: integration :: Wed Jun 21 13:42:22 EDT 2023
[info] 	delivering ivy file to /Users/y3536zha/Desktop/scala_no_change/dotty/out/bootstrap/scaladoc/scala-3.3.1-RC1-bin-SNAPSHOT-nonbootstrapped/ivy-3.3.1-RC1-bin-SNAPSHOT.xml
[info] 	published scaladoc_3 to /Users/y3536zha/.ivy2/local/org.scala-lang/scaladoc_3/3.3.1-RC1-bin-SNAPSHOT/poms/scaladoc_3.pom
[info] 	published scaladoc_3 to /Users/y3536zha/.ivy2/local/org.scala-lang/scaladoc_3/3.3.1-RC1-bin-SNAPSHOT/jars/scaladoc_3.jar
[info] 	published scaladoc_3 to /Users/y3536zha/.ivy2/local/org.scala-lang/scaladoc_3/3.3.1-RC1-bin-SNAPSHOT/srcs/scaladoc_3-sources.jar
[info] 	published scaladoc_3 to /Users/y3536zha/.ivy2/local/org.scala-lang/scaladoc_3/3.3.1-RC1-bin-SNAPSHOT/docs/scaladoc_3-javadoc.jar
[info] 	published ivy to /Users/y3536zha/.ivy2/local/org.scala-lang/scaladoc_3/3.3.1-RC1-bin-SNAPSHOT/ivys/ivy.xml
[info] :: delivering :: org.scala-lang#scala3-compiler_3;3.3.1-RC1-bin-SNAPSHOT :: 3.3.1-RC1-bin-SNAPSHOT :: integration :: Wed Jun 21 13:42:22 EDT 2023
[info] 	delivering ivy file to /Users/y3536zha/Desktop/scala_no_change/dotty/out/bootstrap/scala3-compiler-bootstrapped/scala-3.3.1-RC1-bin-SNAPSHOT-nonbootstrapped/ivy-3.3.1-RC1-bin-SNAPSHOT.xml
[info] 	published scala3-compiler_3 to /Users/y3536zha/.ivy2/local/org.scala-lang/scala3-compiler_3/3.3.1-RC1-bin-SNAPSHOT/poms/scala3-compiler_3.pom
[warn] Setting -skip-by-regex set to .+\.internal($|\..+) redundantly
[warn] bad option '-project-version 3.3.1-RC1-bin-SNAPSHOT' was ignored
[warn] Setting -skip-by-regex set to .+\.impl($|\..+) redundantly
[warn] Setting -skip-by-regex set to .+\.internal($|\..+) redundantly
[warn] Flag -project-logo set repeatedly
[warn] Setting -skip-by-regex set to .+\.impl($|\..+) redundantly
[warn] Setting -social-links set to github::https://github.com/lampepfl/dotty redundantly
[warn] Setting -skip-by-id set to scala.runtime.stdLibPatches redundantly
[warn] Setting -social-links set to discord::https://discord.com/invite/scala redundantly
[warn] Setting -skip-by-id set to scala.runtime.MatchCase redundantly
[warn] Setting -social-links set to twitter::https://twitter.com/scala_lang redundantly
[warn] bad option '-project-logo docs/_assets/images/logo.svg' was ignored
[warn] Setting -skip-by-id set to scala.runtime.stdLibPatches redundantly
[warn] Setting -social-links set to github::https://github.com/lampepfl/dotty redundantly
[warn] Setting -skip-by-id set to scala.runtime.MatchCase redundantly
[warn] Setting -social-links set to discord::https://discord.com/invite/scala redundantly
[warn] Setting -social-links set to twitter::https://twitter.com/scala_lang redundantly
[warn] Flag -project-footer set repeatedly
[warn] bad option '-project-footer "Copyright (c) 2002-2023, LAMP/EPFL"' was ignored
[warn] Flag -author set repeatedly
[warn] bad option '-default-template static-site-main' was ignored
[warn] Flag -groups set repeatedly
[warn] Flag -author set repeatedly
[warn] Flag -default-template set repeatedly
[warn] Flag -groups set repeatedly
[warn] Setting -external-mappings set to .*scala/.*::scaladoc3::https://dotty.epfl.ch/api/ redundantly
[warn] Setting -external-mappings set to .*java/.*::javadoc::https://docs.oracle.com/javase/8/docs/api/ redundantly
[warn] bad option '-project-version 3.3.1-RC1-bin-SNAPSHOT' was ignored
[warn] Setting -skip-by-regex set to .+\.internal($|\..+) redundantly
[warn] Setting -skip-by-regex set to .+\.impl($|\..+) redundantly
[warn] Setting -skip-by-id set to scala.runtime.stdLibPatches redundantly
[warn] Setting -skip-by-id set to scala.runtime.MatchCase redundantly
[warn] bad option '-project-logo docs/_assets/images/logo.svg' was ignored
[warn] Setting -social-links set to github::https://github.com/lampepfl/dotty redundantly
[warn] Setting -social-links set to discord::https://discord.com/invite/scala redundantly
[warn] Setting -social-links set to twitter::https://twitter.com/scala_lang redundantly
[warn] bad option '-project-footer "Copyright (c) 2002-2023, LAMP/EPFL"' was ignored
[warn] bad option '-default-template static-site-main' was ignored
[warn] Flag -author set repeatedly
[warn] Flag -groups set repeatedly
[info] Skipping unused scalacOptions: -Werror, -Yno-experimental, -Yexplicit-nulls
[info] Skipping unused scalacOptions: -Werror, -Yno-experimental, -Yexplicit-nulls
[info] 	published scala3-compiler_3 to /Users/y3536zha/.ivy2/local/org.scala-lang/scala3-compiler_3/3.3.1-RC1-bin-SNAPSHOT/jars/scala3-compiler_3.jar
[info] 	published scala3-compiler_3 to /Users/y3536zha/.ivy2/local/org.scala-lang/scala3-compiler_3/3.3.1-RC1-bin-SNAPSHOT/srcs/scala3-compiler_3-sources.jar
[info] 	published scala3-compiler_3 to /Users/y3536zha/.ivy2/local/org.scala-lang/scala3-compiler_3/3.3.1-RC1-bin-SNAPSHOT/docs/scala3-compiler_3-javadoc.jar
[info] 	published ivy to /Users/y3536zha/.ivy2/local/org.scala-lang/scala3-compiler_3/3.3.1-RC1-bin-SNAPSHOT/ivys/ivy.xml
[warn] -- Warning: library/src/scala/util/FromDigits.scala:21:6 -----------------------
[warn] -- Warning: library/src/scala/util/FromDigits.scala:21:6 -----------------------
[warn] 21 |  def fromDigits(digits: String): T
[warn]    |      ^
[warn] 21 |  def fromDigits(digits: String): T
[warn]    |      No DRI found for query: MalformedNumber
[warn]    |      ^
[warn]    |      No DRI found for query: MalformedNumber
[error] -- [E069] Naming Error: /Users/y3536zha/Desktop/scala_no_change/dotty/library/src/scala/IArray.scala:13:7 
[error] -- [E069] Naming Error: /Users/y3536zha/Desktop/scala_no_change/dotty/library/src/scala/IArray.scala:13:7 
[error] 13 |object IArray:
[error]    |       ^
[error] 13 |object IArray:
[error]    |object IArray cannot have the same name as object IArray in package scala -- cannot define object member with the same name as a object member in self reference _.
[error]    |       ^
[error]    |(Note: this can be resolved by using another name)
[error]    |object IArray cannot have the same name as object IArray in package scala -- cannot define object member with the same name as a object member in self reference _.
[error]    |(Note: this can be resolved by using another name)
[warn] 14 warnings found
[warn] 28 warnings found
[error] one error found
[error] one error found
[info] :: delivering :: org.scala-lang#scala3-library_3;3.3.1-RC1-bin-SNAPSHOT :: 3.3.1-RC1-bin-SNAPSHOT :: integration :: Wed Jun 21 13:42:39 EDT 2023
[info] 	delivering ivy file to /Users/y3536zha/Desktop/scala_no_change/dotty/out/bootstrap/scala3-library-bootstrapped/scala-3.3.1-RC1-bin-SNAPSHOT-nonbootstrapped/ivy-3.3.1-RC1-bin-SNAPSHOT.xml
[info] 	published scala3-library_3 to /Users/y3536zha/.ivy2/local/org.scala-lang/scala3-library_3/3.3.1-RC1-bin-SNAPSHOT/poms/scala3-library_3.pom
[info] 	published scala3-library_3 to /Users/y3536zha/.ivy2/local/org.scala-lang/scala3-library_3/3.3.1-RC1-bin-SNAPSHOT/jars/scala3-library_3.jar
[info] 	published scala3-library_3 to /Users/y3536zha/.ivy2/local/org.scala-lang/scala3-library_3/3.3.1-RC1-bin-SNAPSHOT/srcs/scala3-library_3-sources.jar
[info] 	published scala3-library_3 to /Users/y3536zha/.ivy2/local/org.scala-lang/scala3-library_3/3.3.1-RC1-bin-SNAPSHOT/docs/scala3-library_3-javadoc.jar
[info] 	published ivy to /Users/y3536zha/.ivy2/local/org.scala-lang/scala3-library_3/3.3.1-RC1-bin-SNAPSHOT/ivys/ivy.xml
[info] :: delivering :: org.scala-lang#scala3-library_sjs1_3;3.3.1-RC1-bin-SNAPSHOT :: 3.3.1-RC1-bin-SNAPSHOT :: integration :: Wed Jun 21 13:42:39 EDT 2023
[info] 	delivering ivy file to /Users/y3536zha/Desktop/scala_no_change/dotty/out/bootstrap/scala3-library-bootstrappedJS/scala-3.3.1-RC1-bin-SNAPSHOT-nonbootstrapped/ivy-3.3.1-RC1-bin-SNAPSHOT.xml
[info] 	published scala3-library_sjs1_3 to /Users/y3536zha/.ivy2/local/org.scala-lang/scala3-library_sjs1_3/3.3.1-RC1-bin-SNAPSHOT/poms/scala3-library_sjs1_3.pom
[info] 	published scala3-library_sjs1_3 to /Users/y3536zha/.ivy2/local/org.scala-lang/scala3-library_sjs1_3/3.3.1-RC1-bin-SNAPSHOT/jars/scala3-library_sjs1_3.jar
[info] 	published scala3-library_sjs1_3 to /Users/y3536zha/.ivy2/local/org.scala-lang/scala3-library_sjs1_3/3.3.1-RC1-bin-SNAPSHOT/srcs/scala3-library_sjs1_3-sources.jar
[info] 	published scala3-library_sjs1_3 to /Users/y3536zha/.ivy2/local/org.scala-lang/scala3-library_sjs1_3/3.3.1-RC1-bin-SNAPSHOT/docs/scala3-library_sjs1_3-javadoc.jar
[info] 	published ivy to /Users/y3536zha/.ivy2/local/org.scala-lang/scala3-library_sjs1_3/3.3.1-RC1-bin-SNAPSHOT/ivys/ivy.xml
[info] Test run dotty.communitybuild.CommunityBuildTestA started
[info] Test run dotty.communitybuild.CommunityBuildTestA finished: 0 failed, 0 ignored, 0 total, 0.0s
[info] Test run dotty.communitybuild.CommunityBuildTestC started
[info] Test run dotty.communitybuild.CommunityBuildTestC finished: 0 failed, 0 ignored, 0 total, 0.0s
[info] Test run dotty.communitybuild.CommunityBuildTestB started
[info] Test dotty.communitybuild.CommunityBuildTestB.fs2 started
[32m[STARTING fs2][0m
[32mPublishing scalacheck[0m
[32msbt -sbt-version 1.8.0 -Dsbt.supershell=false -Ddotty.communitybuild.dir=/Users/y3536zha/Desktop/scala_no_change/dotty/community-build --addPluginSbtFile=/Users/y3536zha/Desktop/scala_no_change/dotty/community-build/sbt-injected-plugins clean; set Global/logLevel := Level.Error; set Global/updateOptions ~= (_.withLatestSnapshots(false)); set Global/scalacOptions ++= List("-Xcheck-macros","-Ysafe-init");++3.3.1-RC1-bin-SNAPSHOT!; coreJVM/publishLocal;coreJS/publishLocal[0m
[info] welcome to sbt 1.8.0 (Oracle Corporation Java 9.0.4)
[info] loading global plugins from /Users/y3536zha/.sbt/1.0/plugins
[info] loading settings for project scalacheck-build from plugin.sbt,sbt-injected-plugins ...
[info] loading project definition from /Users/y3536zha/Desktop/scala_no_change/dotty/community-build/community-projects/scalacheck/project
[info] loading settings for project root from build.sbt ...
SLF4J: No SLF4J providers were found.
SLF4J: Defaulting to no-operation (NOP) logger implementation
SLF4J: See https://www.slf4j.org/codes.html#noProviders for further details.
SLF4J: Class path contains SLF4J bindings targeting slf4j-api versions 1.7.x or earlier.
SLF4J: Ignoring binding found at [jar:file:/Users/y3536zha/.sbt/boot/scala-2.12.17/org.scala-sbt/sbt/1.8.0/log4j-slf4j-impl-2.17.1.jar!/org/slf4j/impl/StaticLoggerBinder.class]
SLF4J: See https://www.slf4j.org/codes.html#ignoredBindings for an explanation.
[info] set current project to scalacheck (in build file:/Users/y3536zha/Desktop/scala_no_change/dotty/community-build/community-projects/scalacheck/)
[success] Total time: 0 s, completed Jun 21, 2023, 1:42:50 PM
[info] Defining Global / logLevel
[info] The new value will be used by Test / test / testListeners, Test / testOnly / testListeners and 64 others.
[info] 	Run `last` for details.
[info] Reapplying settings...
[info] set current project to scalacheck (in build file:/Users/y3536zha/Desktop/scala_no_change/dotty/community-build/community-projects/scalacheck/)
[info] Defining Global / updateOptions
[info] The new value will be used by bench / dependencyTreeIgnoreMissingUpdate / updateOptions, bench / ivyConfiguration and 21 others.
[info] 	Run `last` for details.
[info] Reapplying settings...
[info] set current project to scalacheck (in build file:/Users/y3536zha/Desktop/scala_no_change/dotty/community-build/community-projects/scalacheck/)
[info] Defining Global / scalacOptions
[info] The new value will be used by bench / scalacOptions, coreJS / scalacOptions and 5 others.
[info] 	Run `last` for details.
[info] Reapplying settings...
[info] set current project to scalacheck (in build file:/Users/y3536zha/Desktop/scala_no_change/dotty/community-build/community-projects/scalacheck/)
[info] Forcing Scala version to 3.3.1-RC1-bin-SNAPSHOT on all projects.
[info] Reapplying settings...
[info] Loading dependency tracking file /Users/y3536zha/Desktop/scala_no_change/dotty/community-build/dotty-community-build-deps
[info] Dependency tracking file /Users/y3536zha/Desktop/scala_no_change/dotty/community-build/dotty-community-build-deps does not exist
[info] set current project to scalacheck (in build file:/Users/y3536zha/Desktop/scala_no_change/dotty/community-build/community-projects/scalacheck/)
[success] Total time: 18 s, completed Jun 21, 2023, 1:43:11 PM
[success] Total time: 10 s, completed Jun 21, 2023, 1:43:21 PM
[32mPublishing discipline[0m
[32msbt -sbt-version 1.8.0 -Dsbt.supershell=false -Ddotty.communitybuild.dir=/Users/y3536zha/Desktop/scala_no_change/dotty/community-build --addPluginSbtFile=/Users/y3536zha/Desktop/scala_no_change/dotty/community-build/sbt-injected-plugins clean; set Global/logLevel := Level.Error; set Global/updateOptions ~= (_.withLatestSnapshots(false)); set Global/scalacOptions ++= List("-Xcheck-macros");++3.3.1-RC1-bin-SNAPSHOT!; set every credentials := Nil;coreJVM/publishLocal;coreJS/publishLocal[0m
[info] welcome to sbt 1.8.0 (Oracle Corporation Java 9.0.4)
[info] loading global plugins from /Users/y3536zha/.sbt/1.0/plugins
[info] loading settings for project discipline-build from plugins.sbt,sbt-injected-plugins ...
[info] loading project definition from /Users/y3536zha/Desktop/scala_no_change/dotty/community-build/community-projects/discipline/project
[info] loading settings for project root from build.sbt ...
[info] Loading dependency tracking file /Users/y3536zha/Desktop/scala_no_change/dotty/community-build/dotty-community-build-deps
SLF4J: No SLF4J providers were found.
SLF4J: Defaulting to no-operation (NOP) logger implementation
SLF4J: See https://www.slf4j.org/codes.html#noProviders for further details.
SLF4J: Class path contains SLF4J bindings targeting slf4j-api versions 1.7.x or earlier.
SLF4J: Ignoring binding found at [jar:file:/Users/y3536zha/.sbt/boot/scala-2.12.17/org.scala-sbt/sbt/1.8.0/log4j-slf4j-impl-2.17.1.jar!/org/slf4j/impl/StaticLoggerBinder.class]
SLF4J: See https://www.slf4j.org/codes.html#ignoredBindings for an explanation.
[info] set scmInfo to https://github.com/dotty-staging/discipline
[info] set current project to discipline (in build file:/Users/y3536zha/Desktop/scala_no_change/dotty/community-build/community-projects/discipline/)
[success] Total time: 0 s, completed Jun 21, 2023, 1:43:30 PM
[info] Defining Global / logLevel
[info] The new value will be used by Test / test / testListeners, Test / testOnly / testListeners and 53 others.
[info] 	Run `last` for details.
[info] Reapplying settings...
[info] Loading dependency tracking file /Users/y3536zha/Desktop/scala_no_change/dotty/community-build/dotty-community-build-deps
[info] set scmInfo to https://github.com/dotty-staging/discipline
[info] set current project to discipline (in build file:/Users/y3536zha/Desktop/scala_no_change/dotty/community-build/community-projects/discipline/)
[info] Defining Global / updateOptions
[info] The new value will be used by coreJS / dependencyTreeIgnoreMissingUpdate / updateOptions, coreJS / ivyConfiguration and 18 others.
[info] 	Run `last` for details.
[info] Reapplying settings...
[info] Loading dependency tracking file /Users/y3536zha/Desktop/scala_no_change/dotty/community-build/dotty-community-build-deps
[info] set scmInfo to https://github.com/dotty-staging/discipline
[info] set current project to discipline (in build file:/Users/y3536zha/Desktop/scala_no_change/dotty/community-build/community-projects/discipline/)
[info] Defining Global / scalacOptions
[info] The new value will be used by coreJS / scalacOptions, coreJVM / scalacOptions and 4 others.
[info] 	Run `last` for details.
[info] Reapplying settings...
[info] Loading dependency tracking file /Users/y3536zha/Desktop/scala_no_change/dotty/community-build/dotty-community-build-deps
[info] set scmInfo to https://github.com/dotty-staging/discipline
[info] set current project to discipline (in build file:/Users/y3536zha/Desktop/scala_no_change/dotty/community-build/community-projects/discipline/)
[info] Forcing Scala version to 3.3.1-RC1-bin-SNAPSHOT on all projects.
[info] Reapplying settings...
[info] Loading dependency tracking file /Users/y3536zha/Desktop/scala_no_change/dotty/community-build/dotty-community-build-deps
[info] set scmInfo to https://github.com/dotty-staging/discipline
[info] set current project to discipline (in build file:/Users/y3536zha/Desktop/scala_no_change/dotty/community-build/community-projects/discipline/)
[info] Defining Global / credentials, coreJS / credentials and 5 others.
[info] The new values will be used by allCredentials, coreJS / allCredentials and 39 others.
[info] 	Run `last` for details.
[info] Reapplying settings...
[info] Loading dependency tracking file /Users/y3536zha/Desktop/scala_no_change/dotty/community-build/dotty-community-build-deps
[info] set scmInfo to https://github.com/dotty-staging/discipline
[info] set current project to discipline (in build file:/Users/y3536zha/Desktop/scala_no_change/dotty/community-build/community-projects/discipline/)
[success] Total time: 7 s, completed Jun 21, 2023, 1:43:40 PM
[success] Total time: 2 s, completed Jun 21, 2023, 1:43:42 PM
[32mPublishing munit[0m
[32msbt -sbt-version 1.8.0 -Dsbt.supershell=false -Ddotty.communitybuild.dir=/Users/y3536zha/Desktop/scala_no_change/dotty/community-build --addPluginSbtFile=/Users/y3536zha/Desktop/scala_no_change/dotty/community-build/sbt-injected-plugins clean; set Global/logLevel := Level.Error; set Global/updateOptions ~= (_.withLatestSnapshots(false)); set Global/scalacOptions ++= List("-Xcheck-macros","-Ysafe-init");++3.3.1-RC1-bin-SNAPSHOT!; munitJVM/publishLocal; munitJS/publishLocal; munitScalacheckJVM/publishLocal; munitScalacheckJS/publishLocal; junit/publishLocal[0m
[info] welcome to sbt 1.8.0 (Oracle Corporation Java 9.0.4)
[info] loading global plugins from /Users/y3536zha/.sbt/1.0/plugins
[info] loading settings for project munit-build from plugins.sbt,sbt-injected-plugins ...
[info] loading project definition from /Users/y3536zha/Desktop/scala_no_change/dotty/community-build/community-projects/munit/project
[info] loading settings for project munit from build.sbt ...
[info] resolving key references (14023 settings) ...
SLF4J: No SLF4J providers were found.
SLF4J: Defaulting to no-operation (NOP) logger implementation
SLF4J: See https://www.slf4j.org/codes.html#noProviders for further details.
SLF4J: Class path contains SLF4J bindings targeting slf4j-api versions 1.7.x or earlier.
SLF4J: Ignoring binding found at [jar:file:/Users/y3536zha/.sbt/boot/scala-2.12.17/org.scala-sbt/sbt/1.8.0/log4j-slf4j-impl-2.17.1.jar!/org/slf4j/impl/StaticLoggerBinder.class]
SLF4J: See https://www.slf4j.org/codes.html#ignoredBindings for an explanation.
[info] set current project to munit (in build file:/Users/y3536zha/Desktop/scala_no_change/dotty/community-build/community-projects/munit/)
[success] Total time: 0 s, completed Jun 21, 2023, 1:43:53 PM
[info] Defining Global / logLevel
[info] The new value will be used by Test / test / testListeners, Test / testOnly / testListeners and 101 others.
[info] 	Run `last` for details.
[info] Reapplying settings...
[info] set current project to munit (in build file:/Users/y3536zha/Desktop/scala_no_change/dotty/community-build/community-projects/munit/)
[info] Defining Global / updateOptions
[info] The new value will be used by dependencyTreeIgnoreMissingUpdate / updateOptions, docs / dependencyTreeIgnoreMissingUpdate / updateOptions and 36 others.
[info] 	Run `last` for details.
[info] Reapplying settings...
[info] set current project to munit (in build file:/Users/y3536zha/Desktop/scala_no_change/dotty/community-build/community-projects/munit/)
[info] Defining Global / scalacOptions
[info] The new value will be used by Compile / scalacOptions, Scalafix / scalacOptions and 12 others.
[info] 	Run `last` for details.
[info] Reapplying settings...
[info] set current project to munit (in build file:/Users/y3536zha/Desktop/scala_no_change/dotty/community-build/community-projects/munit/)
[info] Forcing Scala version to 3.3.1-RC1-bin-SNAPSHOT on all projects.
[info] Reapplying settings...
[info] Loading dependency tracking file /Users/y3536zha/Desktop/scala_no_change/dotty/community-build/dotty-community-build-deps
[info] set current project to munit (in build file:/Users/y3536zha/Desktop/scala_no_change/dotty/community-build/community-projects/munit/)
[success] Total time: 13 s, completed Jun 21, 2023, 1:44:10 PM
[success] Total time: 6 s, completed Jun 21, 2023, 1:44:16 PM
[success] Total time: 2 s, completed Jun 21, 2023, 1:44:17 PM
[success] Total time: 2 s, completed Jun 21, 2023, 1:44:19 PM
[success] Total time: 1 s, completed Jun 21, 2023, 1:44:20 PM
[32mPublishing discipline-munit[0m
[32msbt -sbt-version 1.8.0 -Dsbt.supershell=false -Ddotty.communitybuild.dir=/Users/y3536zha/Desktop/scala_no_change/dotty/community-build --addPluginSbtFile=/Users/y3536zha/Desktop/scala_no_change/dotty/community-build/sbt-injected-plugins clean; set Global/logLevel := Level.Error; set Global/updateOptions ~= (_.withLatestSnapshots(false)); set Global/scalacOptions ++= List("-Xcheck-macros","-Ysafe-init");++3.3.1-RC1-bin-SNAPSHOT!; coreJVM/publishLocal;coreJS/publishLocal[0m
[info] welcome to sbt 1.8.0 (Oracle Corporation Java 9.0.4)
[info] loading global plugins from /Users/y3536zha/.sbt/1.0/plugins
[info] loading settings for project discipline-munit-build from plugins.sbt,sbt-injected-plugins ...
[info] loading project definition from /Users/y3536zha/Desktop/scala_no_change/dotty/community-build/community-projects/discipline-munit/project
[info] loading settings for project root from build.sbt ...
[info] set scmInfo to https://github.com/dotty-staging/discipline-munit
SLF4J: No SLF4J providers were found.
SLF4J: Defaulting to no-operation (NOP) logger implementation
SLF4J: See https://www.slf4j.org/codes.html#noProviders for further details.
SLF4J: Class path contains SLF4J bindings targeting slf4j-api versions 1.7.x or earlier.
SLF4J: Ignoring binding found at [jar:file:/Users/y3536zha/.sbt/boot/scala-2.12.17/org.scala-sbt/sbt/1.8.0/log4j-slf4j-impl-2.17.1.jar!/org/slf4j/impl/StaticLoggerBinder.class]
SLF4J: See https://www.slf4j.org/codes.html#ignoredBindings for an explanation.
[info] set current project to root (in build file:/Users/y3536zha/Desktop/scala_no_change/dotty/community-build/community-projects/discipline-munit/)
[success] Total time: 0 s, completed Jun 21, 2023, 1:44:29 PM
[info] Defining Global / logLevel
[info] The new value will be used by Test / test / testListeners, Test / testOnly / testListeners and 53 others.
[info] 	Run `last` for details.
[info] Reapplying settings...
[info] set scmInfo to https://github.com/dotty-staging/discipline-munit
[info] set current project to root (in build file:/Users/y3536zha/Desktop/scala_no_change/dotty/community-build/community-projects/discipline-munit/)
[info] Defining Global / updateOptions
[info] The new value will be used by coreJS / dependencyTreeIgnoreMissingUpdate / updateOptions, coreJS / ivyConfiguration and 18 others.
[info] 	Run `last` for details.
[info] Reapplying settings...
[info] set scmInfo to https://github.com/dotty-staging/discipline-munit
[info] set current project to root (in build file:/Users/y3536zha/Desktop/scala_no_change/dotty/community-build/community-projects/discipline-munit/)
[info] Defining Global / scalacOptions
[info] The new value will be used by coreJS / scalacOptions, coreJVM / scalacOptions and 4 others.
[info] 	Run `last` for details.
[info] Reapplying settings...
[info] set scmInfo to https://github.com/dotty-staging/discipline-munit
[info] set current project to root (in build file:/Users/y3536zha/Desktop/scala_no_change/dotty/community-build/community-projects/discipline-munit/)
[info] Forcing Scala version to 3.3.1-RC1-bin-SNAPSHOT on all projects.
[info] Reapplying settings...
[info] Loading dependency tracking file /Users/y3536zha/Desktop/scala_no_change/dotty/community-build/dotty-community-build-deps
[info] set scmInfo to https://github.com/dotty-staging/discipline-munit
[info] set current project to root (in build file:/Users/y3536zha/Desktop/scala_no_change/dotty/community-build/community-projects/discipline-munit/)
[success] Total time: 6 s, completed Jun 21, 2023, 1:44:38 PM
[success] Total time: 2 s, completed Jun 21, 2023, 1:44:40 PM
[32mPublishing simulacrum-scalafix[0m
[32msbt -sbt-version 1.8.0 -Dsbt.supershell=false -Ddotty.communitybuild.dir=/Users/y3536zha/Desktop/scala_no_change/dotty/community-build --addPluginSbtFile=/Users/y3536zha/Desktop/scala_no_change/dotty/community-build/sbt-injected-plugins clean; set Global/logLevel := Level.Error; set Global/updateOptions ~= (_.withLatestSnapshots(false)); set Global/scalacOptions ++= List("-Xcheck-macros","-Ysafe-init");++3.3.1-RC1-bin-SNAPSHOT!; annotation/publishLocal;annotationJS/publishLocal[0m
[info] welcome to sbt 1.8.0 (Oracle Corporation Java 9.0.4)
[info] loading global plugins from /Users/y3536zha/.sbt/1.0/plugins
[info] loading settings for project simulacrum-scalafix-build from plugins.sbt,sbt-injected-plugins ...
[info] loading project definition from /Users/y3536zha/Desktop/scala_no_change/dotty/community-build/community-projects/simulacrum-scalafix/project
[info] loading settings for project root from build.sbt,version.sbt ...
SLF4J: No SLF4J providers were found.
SLF4J: Defaulting to no-operation (NOP) logger implementation
SLF4J: See https://www.slf4j.org/codes.html#noProviders for further details.
SLF4J: Class path contains SLF4J bindings targeting slf4j-api versions 1.7.x or earlier.
SLF4J: Ignoring binding found at [jar:file:/Users/y3536zha/.sbt/boot/scala-2.12.17/org.scala-sbt/sbt/1.8.0/log4j-slf4j-impl-2.17.1.jar!/org/slf4j/impl/StaticLoggerBinder.class]
SLF4J: See https://www.slf4j.org/codes.html#ignoredBindings for an explanation.
[info] set current project to root (in build file:/Users/y3536zha/Desktop/scala_no_change/dotty/community-build/community-projects/simulacrum-scalafix/)
[success] Total time: 0 s, completed Jun 21, 2023, 1:44:50 PM
[info] Defining Global / logLevel
[info] The new value will be used by Test / test / testListeners, Test / testOnly / testListeners and 53 others.
[info] 	Run `last` for details.
[info] Reapplying settings...
[info] set current project to root (in build file:/Users/y3536zha/Desktop/scala_no_change/dotty/community-build/community-projects/simulacrum-scalafix/)
[info] Defining Global / updateOptions
[info] The new value will be used by annotation / dependencyTreeIgnoreMissingUpdate / updateOptions, annotation / ivyConfiguration and 18 others.
[info] 	Run `last` for details.
[info] Reapplying settings...
[info] set current project to root (in build file:/Users/y3536zha/Desktop/scala_no_change/dotty/community-build/community-projects/simulacrum-scalafix/)
[info] Defining Global / scalacOptions
[info] The new value will be used by annotation / scalacOptions, annotationJS / scalacOptions and 4 others.
[info] 	Run `last` for details.
[info] Reapplying settings...
[info] set current project to root (in build file:/Users/y3536zha/Desktop/scala_no_change/dotty/community-build/community-projects/simulacrum-scalafix/)
[info] Forcing Scala version to 3.3.1-RC1-bin-SNAPSHOT on all projects.
[info] Reapplying settings...
[info] Loading dependency tracking file /Users/y3536zha/Desktop/scala_no_change/dotty/community-build/dotty-community-build-deps
[info] set current project to root (in build file:/Users/y3536zha/Desktop/scala_no_change/dotty/community-build/community-projects/simulacrum-scalafix/)
[success] Total time: 5 s, completed Jun 21, 2023, 1:44:57 PM
[success] Total time: 2 s, completed Jun 21, 2023, 1:44:59 PM
[32mPublishing cats[0m
[32msbt -sbt-version 1.8.0 -Dsbt.supershell=false -Ddotty.communitybuild.dir=/Users/y3536zha/Desktop/scala_no_change/dotty/community-build --addPluginSbtFile=/Users/y3536zha/Desktop/scala_no_change/dotty/community-build/sbt-injected-plugins clean; set Global/logLevel := Level.Error; set Global/updateOptions ~= (_.withLatestSnapshots(false)); set Global/scalacOptions ++= List("-Xcheck-macros");++3.3.1-RC1-bin-SNAPSHOT!; rootJVM/publishLocal;rootJS/publishLocal[0m
[info] welcome to sbt 1.8.0 (Oracle Corporation Java 9.0.4)
[info] loading global plugins from /Users/y3536zha/.sbt/1.0/plugins
[info] loading settings for project cats-build from plugins.sbt,sbt-injected-plugins ...
[info] loading project definition from /Users/y3536zha/Desktop/scala_no_change/dotty/community-build/community-projects/cats/project
[info] loading settings for project root from build.sbt,mima.sbt ...
[info] resolving key references (44288 settings) ...
SLF4J: No SLF4J providers were found.
SLF4J: Defaulting to no-operation (NOP) logger implementation
SLF4J: See https://www.slf4j.org/codes.html#noProviders for further details.
SLF4J: Class path contains SLF4J bindings targeting slf4j-api versions 1.7.x or earlier.
SLF4J: Ignoring binding found at [jar:file:/Users/y3536zha/.sbt/boot/scala-2.12.17/org.scala-sbt/sbt/1.8.0/log4j-slf4j-impl-2.17.1.jar!/org/slf4j/impl/StaticLoggerBinder.class]
SLF4J: See https://www.slf4j.org/codes.html#ignoredBindings for an explanation.
[info] set scmInfo to https://github.com/dotty-staging/cats
[info] set current project to root (in build file:/Users/y3536zha/Desktop/scala_no_change/dotty/community-build/community-projects/cats/)
[warn] there's a key that's not used by any other settings/tasks:
[warn]  
[warn] * ThisBuild / tlFatalWarningsInCi
[warn]   +- /Users/y3536zha/Desktop/scala_no_change/dotty/community-build/community-projects/cats/build.sbt:27
[warn]  
[warn] note: a setting might still be used by a command; to exclude a key from this `lintUnused` check
[warn] either append it to `Global / excludeLintKeys` or call .withRank(KeyRanks.Invisible) on the key
[success] Total time: 3 s, completed Jun 21, 2023, 1:45:17 PM
[info] Defining Global / logLevel
[info] The new value will be used by Test / test / testListeners, Test / testOnly / testListeners and 352 others.
[info] 	Run `last` for details.
[info] Reapplying settings...
[info] set scmInfo to https://github.com/dotty-staging/cats
[info] set current project to root (in build file:/Users/y3536zha/Desktop/scala_no_change/dotty/community-build/community-projects/cats/)
[info] Defining Global / updateOptions
[info] The new value will be used by algebraJS / dependencyTreeIgnoreMissingUpdate / updateOptions, algebraJS / ivyConfiguration and 129 others.
[info] 	Run `last` for details.
[info] Reapplying settings...
[info] set scmInfo to https://github.com/dotty-staging/cats
[info] set current project to root (in build file:/Users/y3536zha/Desktop/scala_no_change/dotty/community-build/community-projects/cats/)
[info] Defining Global / scalacOptions
[info] The new value will be used by algebraJS / scalacOptions, algebraJVM / scalacOptions and 41 others.
[info] 	Run `last` for details.
[info] Reapplying settings...
[info] set scmInfo to https://github.com/dotty-staging/cats
[info] set current project to root (in build file:/Users/y3536zha/Desktop/scala_no_change/dotty/community-build/community-projects/cats/)
[info] Forcing Scala version to 3.3.1-RC1-bin-SNAPSHOT on all projects.
[info] Reapplying settings...
[info] Loading dependency tracking file /Users/y3536zha/Desktop/scala_no_change/dotty/community-build/dotty-community-build-deps
[info] set scmInfo to https://github.com/dotty-staging/cats
[info] set current project to root (in build file:/Users/y3536zha/Desktop/scala_no_change/dotty/community-build/community-projects/cats/)
WARN: Unsupported type: Not supported type in refinement AppliedType(TypeRef(TermRef(TermRef(ThisType(TypeRef(NoPrefix,module class <root>)),object cats),NonEmptyParallel),type Aux),List(TypeRef(NoPrefix,type M), TypeRef(NoPrefix,type F0))): cats.laws.NonEmptyParallelLaws[M] {
  type F >: [A >: scala.Nothing <: scala.Any] => F0[A] <: [A >: scala.Nothing <: scala.Any] => F0[A]
  val P: cats.NonEmptyParallel.Aux[M, F0]
}
WARN: Unsupported type: Not supported type in refinement AppliedType(TypeRef(TermRef(TermRef(ThisType(TypeRef(NoPrefix,module class <root>)),object cats),Parallel),type Aux),List(TypeRef(NoPrefix,type M), TypeRef(NoPrefix,type F0))): cats.laws.ParallelLaws[M] {
  type F >: [A >: scala.Nothing <: scala.Any] => F0[A] <: [A >: scala.Nothing <: scala.Any] => F0[A]
  val P: cats.Parallel.Aux[M, F0]
}
WARN: Unsupported type: Not supported type in refinement AppliedType(TypeRef(TermRef(TermRef(ThisType(TypeRef(NoPrefix,module class cats)),object laws),NonEmptyParallelLaws),type Aux),List(TypeRef(NoPrefix,type M), TypeRef(NoPrefix,type F0))): cats.laws.discipline.NonEmptyParallelTests[M] {
  type F >: [A >: scala.Nothing <: scala.Any] => F0[A] <: [A >: scala.Nothing <: scala.Any] => F0[A]
  val laws: cats.laws.NonEmptyParallelLaws.Aux[M, F0]
}
WARN: Unsupported type: Not supported type in refinement AppliedType(TypeRef(TermRef(TermRef(ThisType(TypeRef(NoPrefix,module class cats)),object laws),ParallelLaws),type Aux),List(TypeRef(NoPrefix,type M), TypeRef(NoPrefix,type F0))): cats.laws.discipline.ParallelTests[M] {
  type F >: [A >: scala.Nothing <: scala.Any] => F0[A] <: [A >: scala.Nothing <: scala.Any] => F0[A]
  val laws: cats.laws.ParallelLaws.Aux[M, F0]
}
[success] Total time: 102 s (01:42), completed Jun 21, 2023, 1:47:09 PM
WARN: Unsupported type: Not supported type in refinement AppliedType(TypeRef(TermRef(TermRef(ThisType(TypeRef(NoPrefix,module class <root>)),object cats),NonEmptyParallel),type Aux),List(TypeRef(NoPrefix,type M), TypeRef(NoPrefix,type F0))): cats.laws.NonEmptyParallelLaws[M] {
  type F >: [A >: scala.Nothing <: scala.Any] => F0[A] <: [A >: scala.Nothing <: scala.Any] => F0[A]
  val P: cats.NonEmptyParallel.Aux[M, F0]
}
WARN: Unsupported type: Not supported type in refinement AppliedType(TypeRef(TermRef(TermRef(ThisType(TypeRef(NoPrefix,module class <root>)),object cats),Parallel),type Aux),List(TypeRef(NoPrefix,type M), TypeRef(NoPrefix,type F0))): cats.laws.ParallelLaws[M] {
  type F >: [A >: scala.Nothing <: scala.Any] => F0[A] <: [A >: scala.Nothing <: scala.Any] => F0[A]
  val P: cats.Parallel.Aux[M, F0]
}
WARN: Unsupported type: Not supported type in refinement AppliedType(TypeRef(TermRef(TermRef(ThisType(TypeRef(NoPrefix,module class cats)),object laws),NonEmptyParallelLaws),type Aux),List(TypeRef(NoPrefix,type M), TypeRef(NoPrefix,type F0))): cats.laws.discipline.NonEmptyParallelTests[M] {
  type F >: [A >: scala.Nothing <: scala.Any] => F0[A] <: [A >: scala.Nothing <: scala.Any] => F0[A]
  val laws: cats.laws.NonEmptyParallelLaws.Aux[M, F0]
}
WARN: Unsupported type: Not supported type in refinement AppliedType(TypeRef(TermRef(TermRef(ThisType(TypeRef(NoPrefix,module class cats)),object laws),ParallelLaws),type Aux),List(TypeRef(NoPrefix,type M), TypeRef(NoPrefix,type F0))): cats.laws.discipline.ParallelTests[M] {
  type F >: [A >: scala.Nothing <: scala.Any] => F0[A] <: [A >: scala.Nothing <: scala.Any] => F0[A]
  val laws: cats.laws.ParallelLaws.Aux[M, F0]
}
[success] Total time: 62 s (01:02), completed Jun 21, 2023, 1:48:12 PM
[32mPublishing cats-mtl[0m
[32msbt -sbt-version 1.8.0 -Dsbt.supershell=false -Ddotty.communitybuild.dir=/Users/y3536zha/Desktop/scala_no_change/dotty/community-build --addPluginSbtFile=/Users/y3536zha/Desktop/scala_no_change/dotty/community-build/sbt-injected-plugins clean; set Global/logLevel := Level.Error; set Global/updateOptions ~= (_.withLatestSnapshots(false)); set Global/scalacOptions ++= List("-Xcheck-macros","-Ysafe-init");++3.3.1-RC1-bin-SNAPSHOT!; coreJVM/publishLocal;coreJS/publishLocal;lawsJVM/publishLocal;lawsJS/publishLocal[0m
[info] welcome to sbt 1.8.0 (Oracle Corporation Java 9.0.4)
[info] loading global plugins from /Users/y3536zha/.sbt/1.0/plugins
[info] loading settings for project cats-mtl-build from plugins.sbt,sbt-injected-plugins ...
[info] loading project definition from /Users/y3536zha/Desktop/scala_no_change/dotty/community-build/community-projects/cats-mtl/project
[info] loading settings for project root from build.sbt ...
SLF4J: No SLF4J providers were found.
SLF4J: Defaulting to no-operation (NOP) logger implementation
SLF4J: See https://www.slf4j.org/codes.html#noProviders for further details.
SLF4J: Class path contains SLF4J bindings targeting slf4j-api versions 1.7.x or earlier.
SLF4J: Ignoring binding found at [jar:file:/Users/y3536zha/.sbt/boot/scala-2.12.17/org.scala-sbt/sbt/1.8.0/log4j-slf4j-impl-2.17.1.jar!/org/slf4j/impl/StaticLoggerBinder.class]
SLF4J: See https://www.slf4j.org/codes.html#ignoredBindings for an explanation.
[info] set current project to root (in build file:/Users/y3536zha/Desktop/scala_no_change/dotty/community-build/community-projects/cats-mtl/)
[success] Total time: 0 s, completed Jun 21, 2023, 1:48:24 PM
[info] Defining Global / logLevel
[info] The new value will be used by Test / test / testListeners, Test / testOnly / testListeners and 61 others.
[info] 	Run `last` for details.
[info] Reapplying settings...
[info] set current project to root (in build file:/Users/y3536zha/Desktop/scala_no_change/dotty/community-build/community-projects/cats-mtl/)
[info] Defining Global / updateOptions
[info] The new value will be used by coreJS / dependencyTreeIgnoreMissingUpdate / updateOptions, coreJS / ivyConfiguration and 21 others.
[info] 	Run `last` for details.
[info] Reapplying settings...
[info] set current project to root (in build file:/Users/y3536zha/Desktop/scala_no_change/dotty/community-build/community-projects/cats-mtl/)
[info] Defining Global / scalacOptions
[info] The new value will be used by coreJS / scalacOptions, coreJVM / scalacOptions and 5 others.
[info] 	Run `last` for details.
[info] Reapplying settings...
[info] set current project to root (in build file:/Users/y3536zha/Desktop/scala_no_change/dotty/community-build/community-projects/cats-mtl/)
[info] Forcing Scala version to 3.3.1-RC1-bin-SNAPSHOT on all projects.
[info] Reapplying settings...
[info] Loading dependency tracking file /Users/y3536zha/Desktop/scala_no_change/dotty/community-build/dotty-community-build-deps
[info] set current project to root (in build file:/Users/y3536zha/Desktop/scala_no_change/dotty/community-build/community-projects/cats-mtl/)
[success] Total time: 12 s, completed Jun 21, 2023, 1:48:38 PM
[success] Total time: 5 s, completed Jun 21, 2023, 1:48:43 PM
[success] Total time: 3 s, completed Jun 21, 2023, 1:48:47 PM
[success] Total time: 3 s, completed Jun 21, 2023, 1:48:50 PM
[32mPublishing coop[0m
[32msbt -sbt-version 1.8.0 -Dsbt.supershell=false -Ddotty.communitybuild.dir=/Users/y3536zha/Desktop/scala_no_change/dotty/community-build --addPluginSbtFile=/Users/y3536zha/Desktop/scala_no_change/dotty/community-build/sbt-injected-plugins clean; set Global/logLevel := Level.Error; set Global/updateOptions ~= (_.withLatestSnapshots(false)); set Global/scalacOptions ++= List("-Xcheck-macros","-Ysafe-init");++3.3.1-RC1-bin-SNAPSHOT!; coreJVM/publishLocal;coreJS/publishLocal[0m
[info] welcome to sbt 1.8.0 (Oracle Corporation Java 9.0.4)
[info] loading global plugins from /Users/y3536zha/.sbt/1.0/plugins
[info] loading settings for project coop-build from plugins.sbt,sbt-injected-plugins ...
[info] loading project definition from /Users/y3536zha/Desktop/scala_no_change/dotty/community-build/community-projects/coop/project
[info] loading settings for project root from build.sbt ...
SLF4J: No SLF4J providers were found.
SLF4J: Defaulting to no-operation (NOP) logger implementation
SLF4J: See https://www.slf4j.org/codes.html#noProviders for further details.
SLF4J: Class path contains SLF4J bindings targeting slf4j-api versions 1.7.x or earlier.
SLF4J: Ignoring binding found at [jar:file:/Users/y3536zha/.sbt/boot/scala-2.12.17/org.scala-sbt/sbt/1.8.0/log4j-slf4j-impl-2.17.1.jar!/org/slf4j/impl/StaticLoggerBinder.class]
SLF4J: See https://www.slf4j.org/codes.html#ignoredBindings for an explanation.
[info] set current project to root (in build file:/Users/y3536zha/Desktop/scala_no_change/dotty/community-build/community-projects/coop/)
[success] Total time: 0 s, completed Jun 21, 2023, 1:48:58 PM
[info] Defining Global / logLevel
[info] The new value will be used by Test / test / testListeners, Test / testOnly / testListeners and 21 others.
[info] 	Run `last` for details.
[info] Reapplying settings...
[info] set current project to root (in build file:/Users/y3536zha/Desktop/scala_no_change/dotty/community-build/community-projects/coop/)
[info] Defining Global / updateOptions
[info] The new value will be used by coreJS / dependencyTreeIgnoreMissingUpdate / updateOptions, coreJS / ivyConfiguration and 6 others.
[info] 	Run `last` for details.
[info] Reapplying settings...
[info] set current project to root (in build file:/Users/y3536zha/Desktop/scala_no_change/dotty/community-build/community-projects/coop/)
[info] Defining Global / scalacOptions
[info] The new value will be used by coreJS / scalacOptions, coreJVM / scalacOptions, scalacOptions
[info] Reapplying settings...
[info] set current project to root (in build file:/Users/y3536zha/Desktop/scala_no_change/dotty/community-build/community-projects/coop/)
[info] Forcing Scala version to 3.3.1-RC1-bin-SNAPSHOT on all projects.
[info] Reapplying settings...
[info] Loading dependency tracking file /Users/y3536zha/Desktop/scala_no_change/dotty/community-build/dotty-community-build-deps
[info] set current project to root (in build file:/Users/y3536zha/Desktop/scala_no_change/dotty/community-build/community-projects/coop/)
[success] Total time: 11 s, completed Jun 21, 2023, 1:49:11 PM
[success] Total time: 5 s, completed Jun 21, 2023, 1:49:16 PM
[32mPublishing discipline-specs2[0m
[32msbt -sbt-version 1.8.0 -Dsbt.supershell=false -Ddotty.communitybuild.dir=/Users/y3536zha/Desktop/scala_no_change/dotty/community-build --addPluginSbtFile=/Users/y3536zha/Desktop/scala_no_change/dotty/community-build/sbt-injected-plugins clean; set Global/logLevel := Level.Error; set Global/updateOptions ~= (_.withLatestSnapshots(false)); set Global/scalacOptions ++= List("-Xcheck-macros");++3.3.1-RC1-bin-SNAPSHOT!; coreJVM/publishLocal;coreJS/publishLocal[0m
[info] welcome to sbt 1.8.0 (Oracle Corporation Java 9.0.4)
[info] loading global plugins from /Users/y3536zha/.sbt/1.0/plugins
[info] loading settings for project discipline-specs2-build from plugins.sbt,sbt-injected-plugins ...
[info] loading project definition from /Users/y3536zha/Desktop/scala_no_change/dotty/community-build/community-projects/discipline-specs2/project
[info] loading settings for project root from build.sbt ...
SLF4J: No SLF4J providers were found.
SLF4J: Defaulting to no-operation (NOP) logger implementation
SLF4J: See https://www.slf4j.org/codes.html#noProviders for further details.
SLF4J: Class path contains SLF4J bindings targeting slf4j-api versions 1.7.x or earlier.
SLF4J: Ignoring binding found at [jar:file:/Users/y3536zha/.sbt/boot/scala-2.12.17/org.scala-sbt/sbt/1.8.0/log4j-slf4j-impl-2.17.1.jar!/org/slf4j/impl/StaticLoggerBinder.class]
SLF4J: See https://www.slf4j.org/codes.html#ignoredBindings for an explanation.
[info] set current project to root (in build file:/Users/y3536zha/Desktop/scala_no_change/dotty/community-build/community-projects/discipline-specs2/)
[success] Total time: 0 s, completed Jun 21, 2023, 1:49:27 PM
[info] Defining Global / logLevel
[info] The new value will be used by Test / test / testListeners, Test / testOnly / testListeners and 53 others.
[info] 	Run `last` for details.
[info] Reapplying settings...
[info] set current project to root (in build file:/Users/y3536zha/Desktop/scala_no_change/dotty/community-build/community-projects/discipline-specs2/)
[info] Defining Global / updateOptions
[info] The new value will be used by coreJS / dependencyTreeIgnoreMissingUpdate / updateOptions, coreJS / ivyConfiguration and 18 others.
[info] 	Run `last` for details.
[info] Reapplying settings...
[info] set current project to root (in build file:/Users/y3536zha/Desktop/scala_no_change/dotty/community-build/community-projects/discipline-specs2/)
[info] Defining Global / scalacOptions
[info] The new value will be used by coreJS / scalacOptions, coreJVM / scalacOptions and 4 others.
[info] 	Run `last` for details.
[info] Reapplying settings...
[info] set current project to root (in build file:/Users/y3536zha/Desktop/scala_no_change/dotty/community-build/community-projects/discipline-specs2/)
[info] Forcing Scala version to 3.3.1-RC1-bin-SNAPSHOT on all projects.
[info] Reapplying settings...
[info] Loading dependency tracking file /Users/y3536zha/Desktop/scala_no_change/dotty/community-build/dotty-community-build-deps
[info] set current project to root (in build file:/Users/y3536zha/Desktop/scala_no_change/dotty/community-build/community-projects/discipline-specs2/)
[success] Total time: 5 s, completed Jun 21, 2023, 1:49:34 PM
[success] Total time: 1 s, completed Jun 21, 2023, 1:49:35 PM
[32mPublishing cats-effect-3[0m
[32msbt -sbt-version 1.8.0 -Dsbt.supershell=false -Ddotty.communitybuild.dir=/Users/y3536zha/Desktop/scala_no_change/dotty/community-build --addPluginSbtFile=/Users/y3536zha/Desktop/scala_no_change/dotty/community-build/sbt-injected-plugins clean; set Global/logLevel := Level.Error; set Global/updateOptions ~= (_.withLatestSnapshots(false)); set Global/scalacOptions ++= List("-Xcheck-macros","-Ysafe-init");++3.3.1-RC1-bin-SNAPSHOT!; publishLocal[0m
[info] welcome to sbt 1.8.0 (Oracle Corporation Java 9.0.4)
[info] loading global plugins from /Users/y3536zha/.sbt/1.0/plugins
[info] loading settings for project cats-effect-3-build from plugins.sbt,sbt-injected-plugins ...
[info] loading project definition from /Users/y3536zha/Desktop/scala_no_change/dotty/community-build/community-projects/cats-effect-3/project
[info] loading settings for project root from build.sbt ...
[info] resolving key references (26234 settings) ...
SLF4J: No SLF4J providers were found.
SLF4J: Defaulting to no-operation (NOP) logger implementation
SLF4J: See https://www.slf4j.org/codes.html#noProviders for further details.
SLF4J: Class path contains SLF4J bindings targeting slf4j-api versions 1.7.x or earlier.
SLF4J: Ignoring binding found at [jar:file:/Users/y3536zha/.sbt/boot/scala-2.12.17/org.scala-sbt/sbt/1.8.0/log4j-slf4j-impl-2.17.1.jar!/org/slf4j/impl/StaticLoggerBinder.class]
SLF4J: See https://www.slf4j.org/codes.html#ignoredBindings for an explanation.
[info] set current project to root (in build file:/Users/y3536zha/Desktop/scala_no_change/dotty/community-build/community-projects/cats-effect-3/)
[success] Total time: 1 s, completed Jun 21, 2023, 1:49:51 PM
[info] Defining Global / logLevel
[info] The new value will be used by Test / test / testListeners, Test / testOnly / testListeners and 168 others.
[info] 	Run `last` for details.
[info] Reapplying settings...
[info] set current project to root (in build file:/Users/y3536zha/Desktop/scala_no_change/dotty/community-build/community-projects/cats-effect-3/)
[info] Defining Global / updateOptions
[info] The new value will be used by benchmarks / dependencyTreeIgnoreMissingUpdate / updateOptions, benchmarks / ivyConfiguration and 60 others.
[info] 	Run `last` for details.
[info] Reapplying settings...
[info] set current project to root (in build file:/Users/y3536zha/Desktop/scala_no_change/dotty/community-build/community-projects/cats-effect-3/)
[info] Defining Global / scalacOptions
[info] The new value will be used by benchmarks / scalacOptions, coreJS / scalacOptions and 18 others.
[info] 	Run `last` for details.
[info] Reapplying settings...
[info] set current project to root (in build file:/Users/y3536zha/Desktop/scala_no_change/dotty/community-build/community-projects/cats-effect-3/)
[info] Forcing Scala version to 3.3.1-RC1-bin-SNAPSHOT on all projects.
[info] Reapplying settings...
[info] Loading dependency tracking file /Users/y3536zha/Desktop/scala_no_change/dotty/community-build/dotty-community-build-deps
[info] set current project to root (in build file:/Users/y3536zha/Desktop/scala_no_change/dotty/community-build/community-projects/cats-effect-3/)
[success] Total time: 45 s, completed Jun 21, 2023, 1:50:42 PM
[32mPublishing munit-cats-effect[0m
[32msbt -sbt-version 1.8.0 -Dsbt.supershell=false -Ddotty.communitybuild.dir=/Users/y3536zha/Desktop/scala_no_change/dotty/community-build --addPluginSbtFile=/Users/y3536zha/Desktop/scala_no_change/dotty/community-build/sbt-injected-plugins clean; set Global/logLevel := Level.Error; set Global/updateOptions ~= (_.withLatestSnapshots(false)); set Global/scalacOptions ++= List("-Xcheck-macros","-Ysafe-init");++3.3.1-RC1-bin-SNAPSHOT!; ce3JVM/publishLocal; ce3JS/publishLocal[0m
[info] welcome to sbt 1.8.0 (Oracle Corporation Java 9.0.4)
[info] loading global plugins from /Users/y3536zha/.sbt/1.0/plugins
[info] loading settings for project munit-cats-effect-build from plugins.sbt,sbt-injected-plugins ...
[info] loading project definition from /Users/y3536zha/Desktop/scala_no_change/dotty/community-build/community-projects/munit-cats-effect/project
[info] loading settings for project root from build.sbt ...
SLF4J: No SLF4J providers were found.
SLF4J: Defaulting to no-operation (NOP) logger implementation
SLF4J: See https://www.slf4j.org/codes.html#noProviders for further details.
SLF4J: Class path contains SLF4J bindings targeting slf4j-api versions 1.7.x or earlier.
SLF4J: Ignoring binding found at [jar:file:/Users/y3536zha/.sbt/boot/scala-2.12.17/org.scala-sbt/sbt/1.8.0/log4j-slf4j-impl-2.17.1.jar!/org/slf4j/impl/StaticLoggerBinder.class]
SLF4J: See https://www.slf4j.org/codes.html#ignoredBindings for an explanation.
[info] set scmInfo to https://github.com/dotty-staging/munit-cats-effect
[info] set current project to root (in build file:/Users/y3536zha/Desktop/scala_no_change/dotty/community-build/community-projects/munit-cats-effect/)
[success] Total time: 0 s, completed Jun 21, 2023, 1:50:56 PM
[info] Defining Global / logLevel
[info] The new value will be used by Test / test / testListeners, Test / testOnly / testListeners and 69 others.
[info] 	Run `last` for details.
[info] Reapplying settings...
[info] set scmInfo to https://github.com/dotty-staging/munit-cats-effect
[info] set current project to root (in build file:/Users/y3536zha/Desktop/scala_no_change/dotty/community-build/community-projects/munit-cats-effect/)
[info] Defining Global / updateOptions
[info] The new value will be used by ce2JS / dependencyTreeIgnoreMissingUpdate / updateOptions, ce2JS / ivyConfiguration and 24 others.
[info] 	Run `last` for details.
[info] Reapplying settings...
[info] set scmInfo to https://github.com/dotty-staging/munit-cats-effect
[info] set current project to root (in build file:/Users/y3536zha/Desktop/scala_no_change/dotty/community-build/community-projects/munit-cats-effect/)
[info] Defining Global / scalacOptions
[info] The new value will be used by ce2JS / scalacOptions, ce2JVM / scalacOptions and 6 others.
[info] 	Run `last` for details.
[info] Reapplying settings...
[info] set scmInfo to https://github.com/dotty-staging/munit-cats-effect
[info] set current project to root (in build file:/Users/y3536zha/Desktop/scala_no_change/dotty/community-build/community-projects/munit-cats-effect/)
[info] Forcing Scala version to 3.3.1-RC1-bin-SNAPSHOT on all projects.
[info] Reapplying settings...
[info] Loading dependency tracking file /Users/y3536zha/Desktop/scala_no_change/dotty/community-build/dotty-community-build-deps
[info] set scmInfo to https://github.com/dotty-staging/munit-cats-effect
[info] set current project to root (in build file:/Users/y3536zha/Desktop/scala_no_change/dotty/community-build/community-projects/munit-cats-effect/)
[success] Total time: 9 s, completed Jun 21, 2023, 1:51:09 PM
[success] Total time: 4 s, completed Jun 21, 2023, 1:51:13 PM
[32mPublishing scalacheck-effect[0m
[32msbt -sbt-version 1.8.0 -Dsbt.supershell=false -Ddotty.communitybuild.dir=/Users/y3536zha/Desktop/scala_no_change/dotty/community-build --addPluginSbtFile=/Users/y3536zha/Desktop/scala_no_change/dotty/community-build/sbt-injected-plugins clean; set Global/logLevel := Level.Error; set Global/updateOptions ~= (_.withLatestSnapshots(false)); set Global/scalacOptions ++= List("-Xcheck-macros","-Ysafe-init");++3.3.1-RC1-bin-SNAPSHOT!; publishLocal[0m
[info] welcome to sbt 1.8.0 (Oracle Corporation Java 9.0.4)
[info] loading global plugins from /Users/y3536zha/.sbt/1.0/plugins
[info] loading settings for project scalacheck-effect-build from plugins.sbt,sbt-injected-plugins ...
[info] loading project definition from /Users/y3536zha/Desktop/scala_no_change/dotty/community-build/community-projects/scalacheck-effect/project
[info] loading settings for project root from build.sbt ...
SLF4J: No SLF4J providers were found.
SLF4J: Defaulting to no-operation (NOP) logger implementation
SLF4J: See https://www.slf4j.org/codes.html#noProviders for further details.
SLF4J: Class path contains SLF4J bindings targeting slf4j-api versions 1.7.x or earlier.
SLF4J: Ignoring binding found at [jar:file:/Users/y3536zha/.sbt/boot/scala-2.12.17/org.scala-sbt/sbt/1.8.0/log4j-slf4j-impl-2.17.1.jar!/org/slf4j/impl/StaticLoggerBinder.class]
SLF4J: See https://www.slf4j.org/codes.html#ignoredBindings for an explanation.
[info] set current project to root (in build file:/Users/y3536zha/Desktop/scala_no_change/dotty/community-build/community-projects/scalacheck-effect/)
[success] Total time: 0 s, completed Jun 21, 2023, 1:51:25 PM
[info] Defining Global / logLevel
[info] The new value will be used by Test / test / testListeners, Test / testOnly / testListeners and 37 others.
[info] 	Run `last` for details.
[info] Reapplying settings...
[info] set current project to root (in build file:/Users/y3536zha/Desktop/scala_no_change/dotty/community-build/community-projects/scalacheck-effect/)
[info] Defining Global / updateOptions
[info] The new value will be used by coreJS / dependencyTreeIgnoreMissingUpdate / updateOptions, coreJS / ivyConfiguration and 12 others.
[info] 	Run `last` for details.
[info] Reapplying settings...
[info] set current project to root (in build file:/Users/y3536zha/Desktop/scala_no_change/dotty/community-build/community-projects/scalacheck-effect/)
[info] Defining Global / scalacOptions
[info] The new value will be used by coreJS / scalacOptions, coreJVM / scalacOptions and 2 others.
[info] 	Run `last` for details.
[info] Reapplying settings...
[info] set current project to root (in build file:/Users/y3536zha/Desktop/scala_no_change/dotty/community-build/community-projects/scalacheck-effect/)
[info] Forcing Scala version to 3.3.1-RC1-bin-SNAPSHOT on all projects.
[info] Reapplying settings...
[info] Loading dependency tracking file /Users/y3536zha/Desktop/scala_no_change/dotty/community-build/dotty-community-build-deps
[info] set current project to root (in build file:/Users/y3536zha/Desktop/scala_no_change/dotty/community-build/community-projects/scalacheck-effect/)
Default dialect is deprecated; use explicit: [Scala211,scala212,Scala212Source3,scala213,Scala213Source3,Sbt0137,Sbt1,scala3]
Also see https://scalameta.org/scalafmt/docs/configuration.html#scala-dialects"
[success] Total time: 18 s, completed Jun 21, 2023, 1:51:44 PM
[32mPublishing scodec-bits[0m
[32msbt -sbt-version 1.8.0 -Dsbt.supershell=false -Ddotty.communitybuild.dir=/Users/y3536zha/Desktop/scala_no_change/dotty/community-build --addPluginSbtFile=/Users/y3536zha/Desktop/scala_no_change/dotty/community-build/sbt-injected-plugins clean; set Global/logLevel := Level.Error; set Global/updateOptions ~= (_.withLatestSnapshots(false)); set Global/scalacOptions ++= List("-Xcheck-macros","-Ysafe-init");++3.3.1-RC1-bin-SNAPSHOT!; coreJVM/publishLocal;coreJS/publishLocal[0m
[info] welcome to sbt 1.8.0 (Oracle Corporation Java 9.0.4)
[info] loading global plugins from /Users/y3536zha/.sbt/1.0/plugins
[info] loading settings for project scodec-bits-build from plugins.sbt,sbt-injected-plugins ...
[info] loading project definition from /Users/y3536zha/Desktop/scala_no_change/dotty/community-build/community-projects/scodec-bits/project
[info] loading settings for project root from build.sbt ...
[info] Loading dependency tracking file /Users/y3536zha/Desktop/scala_no_change/dotty/community-build/dotty-community-build-deps
SLF4J: No SLF4J providers were found.
SLF4J: Defaulting to no-operation (NOP) logger implementation
SLF4J: See https://www.slf4j.org/codes.html#noProviders for further details.
SLF4J: Class path contains SLF4J bindings targeting slf4j-api versions 1.7.x or earlier.
SLF4J: Ignoring binding found at [jar:file:/Users/y3536zha/.sbt/boot/scala-2.12.17/org.scala-sbt/sbt/1.8.0/log4j-slf4j-impl-2.17.1.jar!/org/slf4j/impl/StaticLoggerBinder.class]
SLF4J: See https://www.slf4j.org/codes.html#ignoredBindings for an explanation.
[info] set current project to root (in build file:/Users/y3536zha/Desktop/scala_no_change/dotty/community-build/community-projects/scodec-bits/)
[success] Total time: 0 s, completed Jun 21, 2023, 1:51:57 PM
[info] Defining Global / logLevel
[info] The new value will be used by Test / test / testListeners, Test / testOnly / testListeners and 56 others.
[info] 	Run `last` for details.
[info] Reapplying settings...
[info] Loading dependency tracking file /Users/y3536zha/Desktop/scala_no_change/dotty/community-build/dotty-community-build-deps
[info] set current project to root (in build file:/Users/y3536zha/Desktop/scala_no_change/dotty/community-build/community-projects/scodec-bits/)
[info] Defining Global / updateOptions
[info] The new value will be used by benchmark / dependencyTreeIgnoreMissingUpdate / updateOptions, benchmark / ivyConfiguration and 18 others.
[info] 	Run `last` for details.
[info] Reapplying settings...
[info] Loading dependency tracking file /Users/y3536zha/Desktop/scala_no_change/dotty/community-build/dotty-community-build-deps
[info] set current project to root (in build file:/Users/y3536zha/Desktop/scala_no_change/dotty/community-build/community-projects/scodec-bits/)
[info] Defining Global / scalacOptions
[info] The new value will be used by benchmark / scalacOptions, coreJS / scalacOptions and 4 others.
[info] 	Run `last` for details.
[info] Reapplying settings...
[info] Loading dependency tracking file /Users/y3536zha/Desktop/scala_no_change/dotty/community-build/dotty-community-build-deps
[info] set current project to root (in build file:/Users/y3536zha/Desktop/scala_no_change/dotty/community-build/community-projects/scodec-bits/)
[info] Forcing Scala version to 3.3.1-RC1-bin-SNAPSHOT on all projects.
[info] Reapplying settings...
[info] Loading dependency tracking file /Users/y3536zha/Desktop/scala_no_change/dotty/community-build/dotty-community-build-deps
[info] set current project to root (in build file:/Users/y3536zha/Desktop/scala_no_change/dotty/community-build/community-projects/scodec-bits/)
Problem parsing core/shared/src/main/scala/scodec/bits/BitVector.scala:[1576..1591..79383], documentation may not be generated.
Problem parsing core/shared/src/main/scala/scodec/bits/BitwiseOperations.scala:[1576..1591..6342], documentation may not be generated.
Problem parsing core/shared/src/main/scala/scodec/bits/ByteVector.scala:[1576..1591..78139], documentation may not be generated.
[success] Total time: 11 s, completed Jun 21, 2023, 1:52:11 PM
Problem parsing core/shared/src/main/scala/scodec/bits/BitVector.scala:[1576..1591..79383], documentation may not be generated.
Problem parsing core/shared/src/main/scala/scodec/bits/BitwiseOperations.scala:[1576..1591..6342], documentation may not be generated.
Problem parsing core/shared/src/main/scala/scodec/bits/ByteVector.scala:[1576..1591..78139], documentation may not be generated.
[success] Total time: 5 s, completed Jun 21, 2023, 1:52:16 PM
[32m[DEPENDENCIES DONE, NOW ACTUALLY RUNNING fs2][0m
[32mBuilding fs2 with dotty-bootstrapped 3.3.1-RC1-bin-SNAPSHOT...[0m
[32msbt -sbt-version 1.8.0 -Dsbt.supershell=false -Ddotty.communitybuild.dir=/Users/y3536zha/Desktop/scala_no_change/dotty/community-build --addPluginSbtFile=/Users/y3536zha/Desktop/scala_no_change/dotty/community-build/sbt-injected-plugins set Global/testOptions += Tests.Argument(TestFramework("munit.Framework"), "+l"); clean; set Global/logLevel := Level.Error; set Global/updateOptions ~= (_.withLatestSnapshots(false)); set Global/scalacOptions ++= List("-Xcheck-macros");++3.3.1-RC1-bin-SNAPSHOT!; coreJVM/test; coreJS/test[0m
[info] welcome to sbt 1.8.0 (Oracle Corporation Java 9.0.4)
[info] loading global plugins from /Users/y3536zha/.sbt/1.0/plugins
[info] loading settings for project fs2-build from plugins.sbt,sbt-injected-plugins ...
[info] loading project definition from /Users/y3536zha/Desktop/scala_no_change/dotty/community-build/community-projects/fs2/project
[info] loading settings for project root from build.sbt ...
[info] resolving key references (17026 settings) ...
SLF4J: No SLF4J providers were found.
SLF4J: Defaulting to no-operation (NOP) logger implementation
SLF4J: See https://www.slf4j.org/codes.html#noProviders for further details.
SLF4J: Class path contains SLF4J bindings targeting slf4j-api versions 1.7.x or earlier.
SLF4J: Ignoring binding found at [jar:file:/Users/y3536zha/.sbt/boot/scala-2.12.17/org.scala-sbt/sbt/1.8.0/log4j-slf4j-impl-2.17.1.jar!/org/slf4j/impl/StaticLoggerBinder.class]
SLF4J: See https://www.slf4j.org/codes.html#ignoredBindings for an explanation.
[info] set scmInfo to https://github.com/dotty-staging/fs2
[info] set current project to root (in build file:/Users/y3536zha/Desktop/scala_no_change/dotty/community-build/community-projects/fs2/)
[info] Defining Global / testOptions
[info] The new value will be used by Test / test / testOptions, Test / testOnly / testOptions and 54 others.
[info] 	Run `last` for details.
[info] Reapplying settings...
[info] set scmInfo to https://github.com/dotty-staging/fs2
[info] set current project to root (in build file:/Users/y3536zha/Desktop/scala_no_change/dotty/community-build/community-projects/fs2/)
[success] Total time: 0 s, completed Jun 21, 2023, 1:52:33 PM
[info] Defining Global / logLevel
[info] The new value will be used by Test / test / testListeners, Test / testOnly / testListeners and 134 others.
[info] 	Run `last` for details.
[info] Reapplying settings...
[info] set scmInfo to https://github.com/dotty-staging/fs2
[info] set current project to root (in build file:/Users/y3536zha/Desktop/scala_no_change/dotty/community-build/community-projects/fs2/)
[info] Defining Global / updateOptions
[info] The new value will be used by benchmark / dependencyTreeIgnoreMissingUpdate / updateOptions, benchmark / ivyConfiguration and 45 others.
[info] 	Run `last` for details.
[info] Reapplying settings...
[info] set scmInfo to https://github.com/dotty-staging/fs2
[info] set current project to root (in build file:/Users/y3536zha/Desktop/scala_no_change/dotty/community-build/community-projects/fs2/)
[info] Defining Global / scalacOptions
[info] The new value will be used by benchmark / scalacOptions, coreJS / scalacOptions and 13 others.
[info] 	Run `last` for details.
[info] Reapplying settings...
[info] set scmInfo to https://github.com/dotty-staging/fs2
[info] set current project to root (in build file:/Users/y3536zha/Desktop/scala_no_change/dotty/community-build/community-projects/fs2/)
[info] Forcing Scala version to 3.3.1-RC1-bin-SNAPSHOT on all projects.
[info] Reapplying settings...
[info] Loading dependency tracking file /Users/y3536zha/Desktop/scala_no_change/dotty/community-build/dotty-community-build-deps
[info] set scmInfo to https://github.com/dotty-staging/fs2
[info] set current project to root (in build file:/Users/y3536zha/Desktop/scala_no_change/dotty/community-build/community-projects/fs2/)
x
1
2
3
4
1
2
1
2
3
4
1
2
3
4
Hello
1
2
3
4
1
2
3
4
Ran
1
2
3
[success] Total time: 180 s (03:00), completed Jun 21, 2023, 1:55:38 PM
[error] failed to start node; did you install it? (run `last ProjectRef(uri("file:/Users/y3536zha/Desktop/scala_no_change/dotty/community-build/community-projects/fs2/"), "coreJS") / Test / loadedTestFrameworks` for the full stack trace)
[error] (coreJS / Test / loadedTestFrameworks) failed to start node; did you install it? (run `last ProjectRef(uri("file:/Users/y3536zha/Desktop/scala_no_change/dotty/community-build/community-projects/fs2/"), "coreJS") / Test / loadedTestFrameworks` for the full stack trace)
[error] Total time: 29 s, completed Jun 21, 2023, 1:56:08 PM
[32mRerunning tests in fs2 because of a previous run failure.[0m
[32msbt -sbt-version 1.8.0 -Dsbt.supershell=false -Ddotty.communitybuild.dir=/Users/y3536zha/Desktop/scala_no_change/dotty/community-build --addPluginSbtFile=/Users/y3536zha/Desktop/scala_no_change/dotty/community-build/sbt-injected-plugins set Global/testOptions += Tests.Argument(TestFramework("munit.Framework"), "+l"); clean; set Global/logLevel := Level.Error; set Global/updateOptions ~= (_.withLatestSnapshots(false)); set Global/scalacOptions ++= List("-Xcheck-macros");++3.3.1-RC1-bin-SNAPSHOT!; coreJVM/test; coreJS/test[0m
[info] welcome to sbt 1.8.0 (Oracle Corporation Java 9.0.4)
[info] loading global plugins from /Users/y3536zha/.sbt/1.0/plugins
[info] loading settings for project fs2-build from plugins.sbt,sbt-injected-plugins ...
[info] loading project definition from /Users/y3536zha/Desktop/scala_no_change/dotty/community-build/community-projects/fs2/project
[info] loading settings for project root from build.sbt ...
[info] resolving key references (17026 settings) ...
SLF4J: No SLF4J providers were found.
SLF4J: Defaulting to no-operation (NOP) logger implementation
SLF4J: See https://www.slf4j.org/codes.html#noProviders for further details.
SLF4J: Class path contains SLF4J bindings targeting slf4j-api versions 1.7.x or earlier.
SLF4J: Ignoring binding found at [jar:file:/Users/y3536zha/.sbt/boot/scala-2.12.17/org.scala-sbt/sbt/1.8.0/log4j-slf4j-impl-2.17.1.jar!/org/slf4j/impl/StaticLoggerBinder.class]
SLF4J: See https://www.slf4j.org/codes.html#ignoredBindings for an explanation.
[info] set scmInfo to https://github.com/dotty-staging/fs2
[info] set current project to root (in build file:/Users/y3536zha/Desktop/scala_no_change/dotty/community-build/community-projects/fs2/)
[info] Defining Global / testOptions
[info] The new value will be used by Test / test / testOptions, Test / testOnly / testOptions and 54 others.
[info] 	Run `last` for details.
[info] Reapplying settings...
[info] set scmInfo to https://github.com/dotty-staging/fs2
[info] set current project to root (in build file:/Users/y3536zha/Desktop/scala_no_change/dotty/community-build/community-projects/fs2/)
[success] Total time: 0 s, completed Jun 21, 2023, 1:56:20 PM
[info] Defining Global / logLevel
[info] The new value will be used by Test / test / testListeners, Test / testOnly / testListeners and 134 others.
[info] 	Run `last` for details.
[info] Reapplying settings...
[info] set scmInfo to https://github.com/dotty-staging/fs2
[info] set current project to root (in build file:/Users/y3536zha/Desktop/scala_no_change/dotty/community-build/community-projects/fs2/)
[info] Defining Global / updateOptions
[info] The new value will be used by benchmark / dependencyTreeIgnoreMissingUpdate / updateOptions, benchmark / ivyConfiguration and 45 others.
[info] 	Run `last` for details.
[info] Reapplying settings...
[info] set scmInfo to https://github.com/dotty-staging/fs2
[info] set current project to root (in build file:/Users/y3536zha/Desktop/scala_no_change/dotty/community-build/community-projects/fs2/)
[info] Defining Global / scalacOptions
[info] The new value will be used by benchmark / scalacOptions, coreJS / scalacOptions and 13 others.
[info] 	Run `last` for details.
[info] Reapplying settings...
[info] set scmInfo to https://github.com/dotty-staging/fs2
[info] set current project to root (in build file:/Users/y3536zha/Desktop/scala_no_change/dotty/community-build/community-projects/fs2/)
[info] Forcing Scala version to 3.3.1-RC1-bin-SNAPSHOT on all projects.
[info] Reapplying settings...
[info] Loading dependency tracking file /Users/y3536zha/Desktop/scala_no_change/dotty/community-build/dotty-community-build-deps
[info] set scmInfo to https://github.com/dotty-staging/fs2
[info] set current project to root (in build file:/Users/y3536zha/Desktop/scala_no_change/dotty/community-build/community-projects/fs2/)
x
1
2
3
4
1
2
1
2
3
4
1
2
3
4
Hello
1
2
3
4
1
2
3
4
Ran
1
2
3
[success] Total time: 179 s (02:59), completed Jun 21, 2023, 1:59:24 PM
[error] failed to start node; did you install it? (run `last ProjectRef(uri("file:/Users/y3536zha/Desktop/scala_no_change/dotty/community-build/community-projects/fs2/"), "coreJS") / Test / loadedTestFrameworks` for the full stack trace)
[error] (coreJS / Test / loadedTestFrameworks) failed to start node; did you install it? (run `last ProjectRef(uri("file:/Users/y3536zha/Desktop/scala_no_change/dotty/community-build/community-projects/fs2/"), "coreJS") / Test / loadedTestFrameworks` for the full stack trace)
[error] Total time: 28 s, completed Jun 21, 2023, 1:59:52 PM
[32mRerunning tests in fs2 because of a previous run failure.[0m
[32msbt -sbt-version 1.8.0 -Dsbt.supershell=false -Ddotty.communitybuild.dir=/Users/y3536zha/Desktop/scala_no_change/dotty/community-build --addPluginSbtFile=/Users/y3536zha/Desktop/scala_no_change/dotty/community-build/sbt-injected-plugins set Global/testOptions += Tests.Argument(TestFramework("munit.Framework"), "+l"); clean; set Global/logLevel := Level.Error; set Global/updateOptions ~= (_.withLatestSnapshots(false)); set Global/scalacOptions ++= List("-Xcheck-macros");++3.3.1-RC1-bin-SNAPSHOT!; coreJVM/test; coreJS/test[0m
[info] welcome to sbt 1.8.0 (Oracle Corporation Java 9.0.4)
[info] loading global plugins from /Users/y3536zha/.sbt/1.0/plugins
[info] loading settings for project fs2-build from plugins.sbt,sbt-injected-plugins ...
[info] loading project definition from /Users/y3536zha/Desktop/scala_no_change/dotty/community-build/community-projects/fs2/project
[info] loading settings for project root from build.sbt ...
[info] resolving key references (17026 settings) ...
SLF4J: No SLF4J providers were found.
SLF4J: Defaulting to no-operation (NOP) logger implementation
SLF4J: See https://www.slf4j.org/codes.html#noProviders for further details.
SLF4J: Class path contains SLF4J bindings targeting slf4j-api versions 1.7.x or earlier.
SLF4J: Ignoring binding found at [jar:file:/Users/y3536zha/.sbt/boot/scala-2.12.17/org.scala-sbt/sbt/1.8.0/log4j-slf4j-impl-2.17.1.jar!/org/slf4j/impl/StaticLoggerBinder.class]
SLF4J: See https://www.slf4j.org/codes.html#ignoredBindings for an explanation.
[info] set scmInfo to https://github.com/dotty-staging/fs2
[info] set current project to root (in build file:/Users/y3536zha/Desktop/scala_no_change/dotty/community-build/community-projects/fs2/)
[info] Defining Global / testOptions
[info] The new value will be used by Test / test / testOptions, Test / testOnly / testOptions and 54 others.
[info] 	Run `last` for details.
[info] Reapplying settings...
[info] set scmInfo to https://github.com/dotty-staging/fs2
[info] set current project to root (in build file:/Users/y3536zha/Desktop/scala_no_change/dotty/community-build/community-projects/fs2/)
[success] Total time: 0 s, completed Jun 21, 2023, 2:00:04 PM
[info] Defining Global / logLevel
[info] The new value will be used by Test / test / testListeners, Test / testOnly / testListeners and 134 others.
[info] 	Run `last` for details.
[info] Reapplying settings...
[info] set scmInfo to https://github.com/dotty-staging/fs2
[info] set current project to root (in build file:/Users/y3536zha/Desktop/scala_no_change/dotty/community-build/community-projects/fs2/)
[info] Defining Global / updateOptions
[info] The new value will be used by benchmark / dependencyTreeIgnoreMissingUpdate / updateOptions, benchmark / ivyConfiguration and 45 others.
[info] 	Run `last` for details.
[info] Reapplying settings...
[info] set scmInfo to https://github.com/dotty-staging/fs2
[info] set current project to root (in build file:/Users/y3536zha/Desktop/scala_no_change/dotty/community-build/community-projects/fs2/)
[info] Defining Global / scalacOptions
[info] The new value will be used by benchmark / scalacOptions, coreJS / scalacOptions and 13 others.
[info] 	Run `last` for details.
[info] Reapplying settings...
[info] set scmInfo to https://github.com/dotty-staging/fs2
[info] set current project to root (in build file:/Users/y3536zha/Desktop/scala_no_change/dotty/community-build/community-projects/fs2/)
[info] Forcing Scala version to 3.3.1-RC1-bin-SNAPSHOT on all projects.
[info] Reapplying settings...
[info] Loading dependency tracking file /Users/y3536zha/Desktop/scala_no_change/dotty/community-build/dotty-community-build-deps
[info] set scmInfo to https://github.com/dotty-staging/fs2
[info] set current project to root (in build file:/Users/y3536zha/Desktop/scala_no_change/dotty/community-build/community-projects/fs2/)
x
1
2
3
4
1
2
1
2
3
4
1
2
3
4
Hello
1
2
3
4
1
2
3
4
Ran
1
2
3
[success] Total time: 177 s (02:57), completed Jun 21, 2023, 2:03:06 PM
[error] failed to start node; did you install it? (run `last ProjectRef(uri("file:/Users/y3536zha/Desktop/scala_no_change/dotty/community-build/community-projects/fs2/"), "coreJS") / Test / loadedTestFrameworks` for the full stack trace)
[error] (coreJS / Test / loadedTestFrameworks) failed to start node; did you install it? (run `last ProjectRef(uri("file:/Users/y3536zha/Desktop/scala_no_change/dotty/community-build/community-projects/fs2/"), "coreJS") / Test / loadedTestFrameworks` for the full stack trace)
[error] Total time: 28 s, completed Jun 21, 2023, 2:03:34 PM
[32mRerunning tests in fs2 because of a previous run failure.[0m
[32msbt -sbt-version 1.8.0 -Dsbt.supershell=false -Ddotty.communitybuild.dir=/Users/y3536zha/Desktop/scala_no_change/dotty/community-build --addPluginSbtFile=/Users/y3536zha/Desktop/scala_no_change/dotty/community-build/sbt-injected-plugins set Global/testOptions += Tests.Argument(TestFramework("munit.Framework"), "+l"); clean; set Global/logLevel := Level.Error; set Global/updateOptions ~= (_.withLatestSnapshots(false)); set Global/scalacOptions ++= List("-Xcheck-macros");++3.3.1-RC1-bin-SNAPSHOT!; coreJVM/test; coreJS/test[0m
[info] welcome to sbt 1.8.0 (Oracle Corporation Java 9.0.4)
[info] loading global plugins from /Users/y3536zha/.sbt/1.0/plugins
[info] loading settings for project fs2-build from plugins.sbt,sbt-injected-plugins ...
[info] loading project definition from /Users/y3536zha/Desktop/scala_no_change/dotty/community-build/community-projects/fs2/project
[info] loading settings for project root from build.sbt ...
[info] resolving key references (17026 settings) ...
SLF4J: No SLF4J providers were found.
SLF4J: Defaulting to no-operation (NOP) logger implementation
SLF4J: See https://www.slf4j.org/codes.html#noProviders for further details.
SLF4J: Class path contains SLF4J bindings targeting slf4j-api versions 1.7.x or earlier.
SLF4J: Ignoring binding found at [jar:file:/Users/y3536zha/.sbt/boot/scala-2.12.17/org.scala-sbt/sbt/1.8.0/log4j-slf4j-impl-2.17.1.jar!/org/slf4j/impl/StaticLoggerBinder.class]
SLF4J: See https://www.slf4j.org/codes.html#ignoredBindings for an explanation.
[info] set scmInfo to https://github.com/dotty-staging/fs2
[info] set current project to root (in build file:/Users/y3536zha/Desktop/scala_no_change/dotty/community-build/community-projects/fs2/)
[info] Defining Global / testOptions
[info] The new value will be used by Test / test / testOptions, Test / testOnly / testOptions and 54 others.
[info] 	Run `last` for details.
[info] Reapplying settings...
[info] set scmInfo to https://github.com/dotty-staging/fs2
[info] set current project to root (in build file:/Users/y3536zha/Desktop/scala_no_change/dotty/community-build/community-projects/fs2/)
[success] Total time: 0 s, completed Jun 21, 2023, 2:03:46 PM
[info] Defining Global / logLevel
[info] The new value will be used by Test / test / testListeners, Test / testOnly / testListeners and 134 others.
[info] 	Run `last` for details.
[info] Reapplying settings...
[info] set scmInfo to https://github.com/dotty-staging/fs2
[info] set current project to root (in build file:/Users/y3536zha/Desktop/scala_no_change/dotty/community-build/community-projects/fs2/)
[info] Defining Global / updateOptions
[info] The new value will be used by benchmark / dependencyTreeIgnoreMissingUpdate / updateOptions, benchmark / ivyConfiguration and 45 others.
[info] 	Run `last` for details.
[info] Reapplying settings...
[info] set scmInfo to https://github.com/dotty-staging/fs2
[info] set current project to root (in build file:/Users/y3536zha/Desktop/scala_no_change/dotty/community-build/community-projects/fs2/)
[info] Defining Global / scalacOptions
[info] The new value will be used by benchmark / scalacOptions, coreJS / scalacOptions and 13 others.
[info] 	Run `last` for details.
[info] Reapplying settings...
[info] set scmInfo to https://github.com/dotty-staging/fs2
[info] set current project to root (in build file:/Users/y3536zha/Desktop/scala_no_change/dotty/community-build/community-projects/fs2/)
[info] Forcing Scala version to 3.3.1-RC1-bin-SNAPSHOT on all projects.
[info] Reapplying settings...
[info] Loading dependency tracking file /Users/y3536zha/Desktop/scala_no_change/dotty/community-build/dotty-community-build-deps
[info] set scmInfo to https://github.com/dotty-staging/fs2
[info] set current project to root (in build file:/Users/y3536zha/Desktop/scala_no_change/dotty/community-build/community-projects/fs2/)
x
1
2
3
4
1
2
1
2
3
4
1
2
3
4
Hello
1
2
3
4
1
2
3
4
Ran
1
2
3
[success] Total time: 179 s (02:59), completed Jun 21, 2023, 2:06:50 PM
[error] failed to start node; did you install it? (run `last ProjectRef(uri("file:/Users/y3536zha/Desktop/scala_no_change/dotty/community-build/community-projects/fs2/"), "coreJS") / Test / loadedTestFrameworks` for the full stack trace)
[error] (coreJS / Test / loadedTestFrameworks) failed to start node; did you install it? (run `last ProjectRef(uri("file:/Users/y3536zha/Desktop/scala_no_change/dotty/community-build/community-projects/fs2/"), "coreJS") / Test / loadedTestFrameworks` for the full stack trace)
[error] Total time: 29 s, completed Jun 21, 2023, 2:07:19 PM
[32m[FAILURE fs2][0m
[32m[fs2 DONE RUNNING][0m
[error] Test dotty.communitybuild.CommunityBuildTestB.fs2 failed: java.lang.AssertionError: 
[error] 
[error] sbt exited with an error code. To reproduce without JUnit, use:
[error] 
[error]     sbt community-build/prepareCommunityBuild
[error]     cd community-build/community-projects/fs2
[error]     sbt -sbt-version 1.8.0 -Dsbt.supershell=false -Ddotty.communitybuild.dir=/Users/y3536zha/Desktop/scala_no_change/dotty/community-build --addPluginSbtFile=/Users/y3536zha/Desktop/scala_no_change/dotty/community-build/sbt-injected-plugins "set Global/testOptions += Tests.Argument(TestFramework("munit.Framework"), "+l"); clean; set Global/logLevel := Level.Error; set Global/updateOptions ~= (_.withLatestSnapshots(false)); set Global/scalacOptions ++= List("-Xcheck-macros");++3.3.1-RC1-bin-SNAPSHOT!; coreJVM/test; coreJS/test"
[error] 
[error] For a faster feedback loop on SBT projects, one can try to extract a direct call to dotc
[error] using the sbt export command. For instance, for scalacheck, use
[error]     sbt export jvm/test:compileIncremental
[error] 
[error] , took 1480.338 sec
[error]     at dotty.communitybuild.CommunityBuildTest$package$testRunner$.failWith(CommunityBuildTest.scala:15)
[error]     at dotty.communitybuild.CommunityBuildRunner.runProject(CommunityBuildRunner.scala:93)
[error]     at dotty.communitybuild.CommunityBuildRunner.runProject$(CommunityBuildRunner.scala:33)
[error]     at dotty.communitybuild.CommunityBuildTest$package$testRunner$.runProject(CommunityBuildTest.scala:14)
[error]     at dotty.communitybuild.CommunityBuildRunner$.run(CommunityBuildRunner.scala:28)
[error]     at dotty.communitybuild.CommunityBuildTestB.fs2(CommunityBuildTest.scala:46)
[error]     at jdk.internal.reflect.NativeMethodAccessorImpl.invoke0(Native Method)
[error]     at jdk.internal.reflect.NativeMethodAccessorImpl.invoke(Unknown Source)
[error]     at jdk.internal.reflect.DelegatingMethodAccessorImpl.invoke(Unknown Source)
[error]     at java.lang.reflect.Method.invoke(Unknown Source)
[error]     ...
[info] Test run dotty.communitybuild.CommunityBuildTestB finished: 1 failed, 0 ignored, 1 total, 1480.343s
********************************************************************************
Failed projects:
 - dotty.communitybuild.CommunityBuildTestB.fs2
********************************************************************************
[error] Failed: Total 1, Failed 1, Errors 0, Passed 0
[error] Failed tests:
[error] 	dotty.communitybuild.CommunityBuildTestB
[error] (community-build / Test / testOnly) sbt.TestsFailedException: Tests unsuccessful
[error] Total time: 1506 s (25:06), completed Jun 21, 2023, 2:07:22 PM
