[info] welcome to sbt 1.8.0 (Oracle Corporation Java 9.0.4)
[info] loading global plugins from /Users/y3536zha/.sbt/1.0/plugins
[info] loading settings for project dotty-build-build from build.sbt ...
[info] loading project definition from /Users/y3536zha/Desktop/scala_no_change/dotty/project/project
[info] loading settings for project dotty-build from build.sbt,plugins.sbt ...
[info] loading project definition from /Users/y3536zha/Desktop/scala_no_change/dotty/project
[info] loading settings for project scala3 from build.sbt ...
[info] resolving key references (31394 settings) ...
[info] set current project to scala3 (in build file:/Users/y3536zha/Desktop/scala_no_change/dotty/)
SLF4J: No SLF4J providers were found.
SLF4J: Defaulting to no-operation (NOP) logger implementation
SLF4J: See https://www.slf4j.org/codes.html#noProviders for further details.
SLF4J: Class path contains SLF4J bindings targeting slf4j-api versions 1.7.x or earlier.
SLF4J: Ignoring binding found at [jar:file:/Users/y3536zha/.sbt/boot/scala-2.12.17/org.scala-sbt/sbt/1.8.0/log4j-slf4j-impl-2.17.1.jar!/org/slf4j/impl/StaticLoggerBinder.class]
SLF4J: See https://www.slf4j.org/codes.html#ignoredBindings for an explanation.
[info] Wrote /Users/y3536zha/Desktop/scala_no_change/dotty/library/../out/bootstrap/scala3-library-bootstrapped/scala-3.3.1-RC1-bin-SNAPSHOT-nonbootstrapped/scala3-library_3-3.3.1-RC1-bin-SNAPSHOT.pom
[info] Wrote /Users/y3536zha/Desktop/scala_no_change/dotty/scaladoc/../out/bootstrap/scaladoc/scala-3.3.1-RC1-bin-SNAPSHOT-nonbootstrapped/scaladoc_3-3.3.1-RC1-bin-SNAPSHOT.pom
[info] Wrote /Users/y3536zha/Desktop/scala_no_change/dotty/sbt-bridge/src/target/scala3-sbt-bridge-3.3.1-RC1-bin-SNAPSHOT.pom
[info] Wrote /Users/y3536zha/Desktop/scala_no_change/dotty/sbt-community-build/target/scala-2.12/sbt-1.0/sbt-community-build-0.1.0-SNAPSHOT.pom
[info] Wrote /Users/y3536zha/Desktop/scala_no_change/dotty/compiler/../out/bootstrap/scala3-compiler-bootstrapped/scala-3.3.1-RC1-bin-SNAPSHOT-nonbootstrapped/scala3-compiler_3-3.3.1-RC1-bin-SNAPSHOT.pom
[info] Wrote /Users/y3536zha/Desktop/scala_no_change/dotty/tasty-inspector/../out/bootstrap/scala3-tasty-inspector/scala-3.3.1-RC1-bin-SNAPSHOT-nonbootstrapped/scala3-tasty-inspector_3-3.3.1-RC1-bin-SNAPSHOT.pom
[info] Wrote /Users/y3536zha/Desktop/scala_no_change/dotty/library-js/../out/bootstrap/scala3-library-bootstrappedJS/scala-3.3.1-RC1-bin-SNAPSHOT-nonbootstrapped/scala3-library_sjs1_3-3.3.1-RC1-bin-SNAPSHOT.pom
[info] Wrote /Users/y3536zha/Desktop/scala_no_change/dotty/interfaces/target/scala3-interfaces-3.3.1-RC1-bin-SNAPSHOT.pom
[info] Wrote /Users/y3536zha/Desktop/scala_no_change/dotty/tasty/../out/bootstrap/tasty-core-bootstrapped/scala-3.3.1-RC1-bin-SNAPSHOT-nonbootstrapped/tasty-core_3-3.3.1-RC1-bin-SNAPSHOT.pom
[info] :: delivering :: ch.epfl.lamp#sbt-community-build;0.1.0-SNAPSHOT :: 0.1.0-SNAPSHOT :: integration :: Wed Jun 21 14:29:33 EDT 2023
[info] 	delivering ivy file to /Users/y3536zha/Desktop/scala_no_change/dotty/sbt-community-build/target/scala-2.12/sbt-1.0/ivy-0.1.0-SNAPSHOT.xml
[info] 	published sbt-community-build to /Users/y3536zha/.ivy2/local/ch.epfl.lamp/sbt-community-build/scala_2.12/sbt_1.0/0.1.0-SNAPSHOT/poms/sbt-community-build.pom
[info] 	published sbt-community-build to /Users/y3536zha/.ivy2/local/ch.epfl.lamp/sbt-community-build/scala_2.12/sbt_1.0/0.1.0-SNAPSHOT/jars/sbt-community-build.jar
[info] 	published sbt-community-build to /Users/y3536zha/.ivy2/local/ch.epfl.lamp/sbt-community-build/scala_2.12/sbt_1.0/0.1.0-SNAPSHOT/srcs/sbt-community-build-sources.jar
[info] 	published sbt-community-build to /Users/y3536zha/.ivy2/local/ch.epfl.lamp/sbt-community-build/scala_2.12/sbt_1.0/0.1.0-SNAPSHOT/docs/sbt-community-build-javadoc.jar
[info] 	published ivy to /Users/y3536zha/.ivy2/local/ch.epfl.lamp/sbt-community-build/scala_2.12/sbt_1.0/0.1.0-SNAPSHOT/ivys/ivy.xml
[info] :: delivering :: org.scala-lang#scala3-interfaces;3.3.1-RC1-bin-SNAPSHOT :: 3.3.1-RC1-bin-SNAPSHOT :: integration :: Wed Jun 21 14:29:34 EDT 2023
[info] 	delivering ivy file to /Users/y3536zha/Desktop/scala_no_change/dotty/interfaces/target/ivy-3.3.1-RC1-bin-SNAPSHOT.xml
[info] 	published scala3-interfaces to /Users/y3536zha/.ivy2/local/org.scala-lang/scala3-interfaces/3.3.1-RC1-bin-SNAPSHOT/poms/scala3-interfaces.pom
[info] 	published scala3-interfaces to /Users/y3536zha/.ivy2/local/org.scala-lang/scala3-interfaces/3.3.1-RC1-bin-SNAPSHOT/jars/scala3-interfaces.jar
[info] 	published scala3-interfaces to /Users/y3536zha/.ivy2/local/org.scala-lang/scala3-interfaces/3.3.1-RC1-bin-SNAPSHOT/srcs/scala3-interfaces-sources.jar
[info] 	published scala3-interfaces to /Users/y3536zha/.ivy2/local/org.scala-lang/scala3-interfaces/3.3.1-RC1-bin-SNAPSHOT/docs/scala3-interfaces-javadoc.jar
[info] 	published ivy to /Users/y3536zha/.ivy2/local/org.scala-lang/scala3-interfaces/3.3.1-RC1-bin-SNAPSHOT/ivys/ivy.xml
[info] :: delivering :: org.scala-lang#scala3-sbt-bridge;3.3.1-RC1-bin-SNAPSHOT :: 3.3.1-RC1-bin-SNAPSHOT :: integration :: Wed Jun 21 14:29:36 EDT 2023
[info] 	delivering ivy file to /Users/y3536zha/Desktop/scala_no_change/dotty/sbt-bridge/src/target/ivy-3.3.1-RC1-bin-SNAPSHOT.xml
[info] 	published scala3-sbt-bridge to /Users/y3536zha/.ivy2/local/org.scala-lang/scala3-sbt-bridge/3.3.1-RC1-bin-SNAPSHOT/poms/scala3-sbt-bridge.pom
[info] 	published scala3-sbt-bridge to /Users/y3536zha/.ivy2/local/org.scala-lang/scala3-sbt-bridge/3.3.1-RC1-bin-SNAPSHOT/jars/scala3-sbt-bridge.jar
[info] 	published scala3-sbt-bridge to /Users/y3536zha/.ivy2/local/org.scala-lang/scala3-sbt-bridge/3.3.1-RC1-bin-SNAPSHOT/srcs/scala3-sbt-bridge-sources.jar
[info] 	published scala3-sbt-bridge to /Users/y3536zha/.ivy2/local/org.scala-lang/scala3-sbt-bridge/3.3.1-RC1-bin-SNAPSHOT/docs/scala3-sbt-bridge-javadoc.jar
[info] 	published ivy to /Users/y3536zha/.ivy2/local/org.scala-lang/scala3-sbt-bridge/3.3.1-RC1-bin-SNAPSHOT/ivys/ivy.xml
[info] :: delivering :: org.scala-lang#tasty-core_3;3.3.1-RC1-bin-SNAPSHOT :: 3.3.1-RC1-bin-SNAPSHOT :: integration :: Wed Jun 21 14:29:39 EDT 2023
[info] 	delivering ivy file to /Users/y3536zha/Desktop/scala_no_change/dotty/out/bootstrap/tasty-core-bootstrapped/scala-3.3.1-RC1-bin-SNAPSHOT-nonbootstrapped/ivy-3.3.1-RC1-bin-SNAPSHOT.xml
[info] 	published tasty-core_3 to /Users/y3536zha/.ivy2/local/org.scala-lang/tasty-core_3/3.3.1-RC1-bin-SNAPSHOT/poms/tasty-core_3.pom
[info] 	published tasty-core_3 to /Users/y3536zha/.ivy2/local/org.scala-lang/tasty-core_3/3.3.1-RC1-bin-SNAPSHOT/jars/tasty-core_3.jar
[info] 	published tasty-core_3 to /Users/y3536zha/.ivy2/local/org.scala-lang/tasty-core_3/3.3.1-RC1-bin-SNAPSHOT/srcs/tasty-core_3-sources.jar
[info] 	published tasty-core_3 to /Users/y3536zha/.ivy2/local/org.scala-lang/tasty-core_3/3.3.1-RC1-bin-SNAPSHOT/docs/tasty-core_3-javadoc.jar
[info] 	published ivy to /Users/y3536zha/.ivy2/local/org.scala-lang/tasty-core_3/3.3.1-RC1-bin-SNAPSHOT/ivys/ivy.xml
[info] Main Scala API documentation to /Users/y3536zha/Desktop/scala_no_change/dotty/library/../out/bootstrap/scala3-library-bootstrapped/scala-3.3.1-RC1-bin-SNAPSHOT-nonbootstrapped/api...
[info] Main Scala API documentation to /Users/y3536zha/Desktop/scala_no_change/dotty/library-js/../out/bootstrap/scala3-library-bootstrappedJS/scala-3.3.1-RC1-bin-SNAPSHOT-nonbootstrapped/api...
[info] :: delivering :: org.scala-lang#scala3-tasty-inspector_3;3.3.1-RC1-bin-SNAPSHOT :: 3.3.1-RC1-bin-SNAPSHOT :: integration :: Wed Jun 21 14:29:39 EDT 2023
[info] 	delivering ivy file to /Users/y3536zha/Desktop/scala_no_change/dotty/out/bootstrap/scala3-tasty-inspector/scala-3.3.1-RC1-bin-SNAPSHOT-nonbootstrapped/ivy-3.3.1-RC1-bin-SNAPSHOT.xml
[info] 	published scala3-tasty-inspector_3 to /Users/y3536zha/.ivy2/local/org.scala-lang/scala3-tasty-inspector_3/3.3.1-RC1-bin-SNAPSHOT/poms/scala3-tasty-inspector_3.pom
[info] 	published scala3-tasty-inspector_3 to /Users/y3536zha/.ivy2/local/org.scala-lang/scala3-tasty-inspector_3/3.3.1-RC1-bin-SNAPSHOT/jars/scala3-tasty-inspector_3.jar
[info] 	published scala3-tasty-inspector_3 to /Users/y3536zha/.ivy2/local/org.scala-lang/scala3-tasty-inspector_3/3.3.1-RC1-bin-SNAPSHOT/srcs/scala3-tasty-inspector_3-sources.jar
[info] 	published scala3-tasty-inspector_3 to /Users/y3536zha/.ivy2/local/org.scala-lang/scala3-tasty-inspector_3/3.3.1-RC1-bin-SNAPSHOT/docs/scala3-tasty-inspector_3-javadoc.jar
[info] 	published ivy to /Users/y3536zha/.ivy2/local/org.scala-lang/scala3-tasty-inspector_3/3.3.1-RC1-bin-SNAPSHOT/ivys/ivy.xml
[info] :: delivering :: org.scala-lang#scaladoc_3;3.3.1-RC1-bin-SNAPSHOT :: 3.3.1-RC1-bin-SNAPSHOT :: integration :: Wed Jun 21 14:29:39 EDT 2023
[info] 	delivering ivy file to /Users/y3536zha/Desktop/scala_no_change/dotty/out/bootstrap/scaladoc/scala-3.3.1-RC1-bin-SNAPSHOT-nonbootstrapped/ivy-3.3.1-RC1-bin-SNAPSHOT.xml
[info] 	published scaladoc_3 to /Users/y3536zha/.ivy2/local/org.scala-lang/scaladoc_3/3.3.1-RC1-bin-SNAPSHOT/poms/scaladoc_3.pom
[info] 	published scaladoc_3 to /Users/y3536zha/.ivy2/local/org.scala-lang/scaladoc_3/3.3.1-RC1-bin-SNAPSHOT/jars/scaladoc_3.jar
[info] 	published scaladoc_3 to /Users/y3536zha/.ivy2/local/org.scala-lang/scaladoc_3/3.3.1-RC1-bin-SNAPSHOT/srcs/scaladoc_3-sources.jar
[info] 	published scaladoc_3 to /Users/y3536zha/.ivy2/local/org.scala-lang/scaladoc_3/3.3.1-RC1-bin-SNAPSHOT/docs/scaladoc_3-javadoc.jar
[info] 	published ivy to /Users/y3536zha/.ivy2/local/org.scala-lang/scaladoc_3/3.3.1-RC1-bin-SNAPSHOT/ivys/ivy.xml
[warn] Setting -skip-by-regex set to .+\.internal($|\..+) redundantly
[warn] bad option '-project-version 3.3.1-RC1-bin-SNAPSHOT' was ignored
[warn] Setting -skip-by-regex set to .+\.impl($|\..+) redundantly
[warn] Setting -skip-by-regex set to .+\.internal($|\..+) redundantly
[warn] Flag -project-logo set repeatedly
[warn] Setting -skip-by-regex set to .+\.impl($|\..+) redundantly
[warn] Setting -social-links set to github::https://github.com/lampepfl/dotty redundantly
[warn] Setting -skip-by-id set to scala.runtime.stdLibPatches redundantly
[warn] Setting -social-links set to discord::https://discord.com/invite/scala redundantly
[warn] Setting -skip-by-id set to scala.runtime.MatchCase redundantly
[warn] Setting -social-links set to twitter::https://twitter.com/scala_lang redundantly
[warn] bad option '-project-logo docs/_assets/images/logo.svg' was ignored
[warn] Setting -skip-by-id set to scala.runtime.stdLibPatches redundantly
[warn] Setting -social-links set to github::https://github.com/lampepfl/dotty redundantly
[warn] Setting -skip-by-id set to scala.runtime.MatchCase redundantly
[warn] Setting -social-links set to discord::https://discord.com/invite/scala redundantly
[warn] Flag -project-footer set repeatedly
[warn] Setting -social-links set to twitter::https://twitter.com/scala_lang redundantly
[warn] Flag -author set repeatedly
[warn] bad option '-project-footer "Copyright (c) 2002-2023, LAMP/EPFL"' was ignored
[warn] Flag -groups set repeatedly
[warn] bad option '-default-template static-site-main' was ignored
[warn] Flag -default-template set repeatedly
[warn] Flag -author set repeatedly
[warn] Setting -external-mappings set to .*scala/.*::scaladoc3::https://dotty.epfl.ch/api/ redundantly
[warn] Flag -groups set repeatedly
[warn] Setting -external-mappings set to .*java/.*::javadoc::https://docs.oracle.com/javase/8/docs/api/ redundantly
[warn] bad option '-project-version 3.3.1-RC1-bin-SNAPSHOT' was ignored
[warn] Setting -skip-by-regex set to .+\.internal($|\..+) redundantly
[warn] Setting -skip-by-regex set to .+\.impl($|\..+) redundantly
[warn] Setting -skip-by-id set to scala.runtime.stdLibPatches redundantly
[warn] Setting -skip-by-id set to scala.runtime.MatchCase redundantly
[warn] bad option '-project-logo docs/_assets/images/logo.svg' was ignored
[warn] Setting -social-links set to github::https://github.com/lampepfl/dotty redundantly
[warn] Setting -social-links set to discord::https://discord.com/invite/scala redundantly
[warn] Setting -social-links set to twitter::https://twitter.com/scala_lang redundantly
[warn] bad option '-project-footer "Copyright (c) 2002-2023, LAMP/EPFL"' was ignored
[warn] bad option '-default-template static-site-main' was ignored
[warn] Flag -author set repeatedly
[warn] Flag -groups set repeatedly
[info] Skipping unused scalacOptions: -Werror, -Yno-experimental, -Yexplicit-nulls
[info] Skipping unused scalacOptions: -Werror, -Yno-experimental, -Yexplicit-nulls
[info] :: delivering :: org.scala-lang#scala3-compiler_3;3.3.1-RC1-bin-SNAPSHOT :: 3.3.1-RC1-bin-SNAPSHOT :: integration :: Wed Jun 21 14:29:41 EDT 2023
[info] 	delivering ivy file to /Users/y3536zha/Desktop/scala_no_change/dotty/out/bootstrap/scala3-compiler-bootstrapped/scala-3.3.1-RC1-bin-SNAPSHOT-nonbootstrapped/ivy-3.3.1-RC1-bin-SNAPSHOT.xml
[info] 	published scala3-compiler_3 to /Users/y3536zha/.ivy2/local/org.scala-lang/scala3-compiler_3/3.3.1-RC1-bin-SNAPSHOT/poms/scala3-compiler_3.pom
[info] 	published scala3-compiler_3 to /Users/y3536zha/.ivy2/local/org.scala-lang/scala3-compiler_3/3.3.1-RC1-bin-SNAPSHOT/jars/scala3-compiler_3.jar
[info] 	published scala3-compiler_3 to /Users/y3536zha/.ivy2/local/org.scala-lang/scala3-compiler_3/3.3.1-RC1-bin-SNAPSHOT/srcs/scala3-compiler_3-sources.jar
[info] 	published scala3-compiler_3 to /Users/y3536zha/.ivy2/local/org.scala-lang/scala3-compiler_3/3.3.1-RC1-bin-SNAPSHOT/docs/scala3-compiler_3-javadoc.jar
[info] 	published ivy to /Users/y3536zha/.ivy2/local/org.scala-lang/scala3-compiler_3/3.3.1-RC1-bin-SNAPSHOT/ivys/ivy.xml
[warn] -- Warning: library/src/scala/util/FromDigits.scala:21:6 -----------------------
[warn] -- Warning: library/src/scala/util/FromDigits.scala:21:6 -----------------------
[warn] 21 |  def fromDigits(digits: String): T
[warn]    |      ^
[warn] 21 |  def fromDigits(digits: String): T
[warn]    |      No DRI found for query: MalformedNumber
[warn]    |      ^
[warn]    |      No DRI found for query: MalformedNumber
[error] -- [E069] Naming Error: /Users/y3536zha/Desktop/scala_no_change/dotty/library/src/scala/IArray.scala:13:7 
[error] -- [E069] Naming Error: /Users/y3536zha/Desktop/scala_no_change/dotty/library/src/scala/IArray.scala:13:7 
[error] 13 |object IArray:
[error] 13 |object IArray:
[error]    |       ^
[error]    |       ^
[error]    |object IArray cannot have the same name as object IArray in package scala -- cannot define object member with the same name as a object member in self reference _.
[error]    |object IArray cannot have the same name as object IArray in package scala -- cannot define object member with the same name as a object member in self reference _.
[error]    |(Note: this can be resolved by using another name)
[error]    |(Note: this can be resolved by using another name)
[warn] 28 warnings found
[warn] 14 warnings found
[error] one error found
[error] one error found
[info] :: delivering :: org.scala-lang#scala3-library_3;3.3.1-RC1-bin-SNAPSHOT :: 3.3.1-RC1-bin-SNAPSHOT :: integration :: Wed Jun 21 14:29:57 EDT 2023
[info] 	delivering ivy file to /Users/y3536zha/Desktop/scala_no_change/dotty/out/bootstrap/scala3-library-bootstrapped/scala-3.3.1-RC1-bin-SNAPSHOT-nonbootstrapped/ivy-3.3.1-RC1-bin-SNAPSHOT.xml
[info] 	published scala3-library_3 to /Users/y3536zha/.ivy2/local/org.scala-lang/scala3-library_3/3.3.1-RC1-bin-SNAPSHOT/poms/scala3-library_3.pom
[info] 	published scala3-library_3 to /Users/y3536zha/.ivy2/local/org.scala-lang/scala3-library_3/3.3.1-RC1-bin-SNAPSHOT/jars/scala3-library_3.jar
[info] 	published scala3-library_3 to /Users/y3536zha/.ivy2/local/org.scala-lang/scala3-library_3/3.3.1-RC1-bin-SNAPSHOT/srcs/scala3-library_3-sources.jar
[info] 	published scala3-library_3 to /Users/y3536zha/.ivy2/local/org.scala-lang/scala3-library_3/3.3.1-RC1-bin-SNAPSHOT/docs/scala3-library_3-javadoc.jar
[info] 	published ivy to /Users/y3536zha/.ivy2/local/org.scala-lang/scala3-library_3/3.3.1-RC1-bin-SNAPSHOT/ivys/ivy.xml
[info] :: delivering :: org.scala-lang#scala3-library_sjs1_3;3.3.1-RC1-bin-SNAPSHOT :: 3.3.1-RC1-bin-SNAPSHOT :: integration :: Wed Jun 21 14:29:57 EDT 2023
[info] 	delivering ivy file to /Users/y3536zha/Desktop/scala_no_change/dotty/out/bootstrap/scala3-library-bootstrappedJS/scala-3.3.1-RC1-bin-SNAPSHOT-nonbootstrapped/ivy-3.3.1-RC1-bin-SNAPSHOT.xml
[info] 	published scala3-library_sjs1_3 to /Users/y3536zha/.ivy2/local/org.scala-lang/scala3-library_sjs1_3/3.3.1-RC1-bin-SNAPSHOT/poms/scala3-library_sjs1_3.pom
[info] 	published scala3-library_sjs1_3 to /Users/y3536zha/.ivy2/local/org.scala-lang/scala3-library_sjs1_3/3.3.1-RC1-bin-SNAPSHOT/jars/scala3-library_sjs1_3.jar
[info] 	published scala3-library_sjs1_3 to /Users/y3536zha/.ivy2/local/org.scala-lang/scala3-library_sjs1_3/3.3.1-RC1-bin-SNAPSHOT/srcs/scala3-library_sjs1_3-sources.jar
[info] 	published scala3-library_sjs1_3 to /Users/y3536zha/.ivy2/local/org.scala-lang/scala3-library_sjs1_3/3.3.1-RC1-bin-SNAPSHOT/docs/scala3-library_sjs1_3-javadoc.jar
[info] 	published ivy to /Users/y3536zha/.ivy2/local/org.scala-lang/scala3-library_sjs1_3/3.3.1-RC1-bin-SNAPSHOT/ivys/ivy.xml
[info] Test run dotty.communitybuild.CommunityBuildTestA started
[info] Test run dotty.communitybuild.CommunityBuildTestA finished: 0 failed, 0 ignored, 0 total, 0.0s
[info] Test run dotty.communitybuild.CommunityBuildTestC started
[info] Test run dotty.communitybuild.CommunityBuildTestC finished: 0 failed, 0 ignored, 0 total, 0.0s
[info] Test run dotty.communitybuild.CommunityBuildTestB started
[info] Test dotty.communitybuild.CommunityBuildTestB.perspective started
[32m[STARTING perspective][0m
[32mPublishing scalacheck[0m
[32msbt -sbt-version 1.8.0 -Dsbt.supershell=false -Ddotty.communitybuild.dir=/Users/y3536zha/Desktop/scala_no_change/dotty/community-build --addPluginSbtFile=/Users/y3536zha/Desktop/scala_no_change/dotty/community-build/sbt-injected-plugins clean; set Global/logLevel := Level.Error; set Global/updateOptions ~= (_.withLatestSnapshots(false)); set Global/scalacOptions ++= List("-Xcheck-macros","-Ysafe-init");++3.3.1-RC1-bin-SNAPSHOT!; coreJVM/publishLocal;coreJS/publishLocal[0m
[info] welcome to sbt 1.8.0 (Oracle Corporation Java 9.0.4)
[info] loading global plugins from /Users/y3536zha/.sbt/1.0/plugins
[info] loading settings for project scalacheck-build from plugin.sbt,sbt-injected-plugins ...
[info] loading project definition from /Users/y3536zha/Desktop/scala_no_change/dotty/community-build/community-projects/scalacheck/project
[info] loading settings for project root from build.sbt ...
SLF4J: No SLF4J providers were found.
SLF4J: Defaulting to no-operation (NOP) logger implementation
SLF4J: See https://www.slf4j.org/codes.html#noProviders for further details.
SLF4J: Class path contains SLF4J bindings targeting slf4j-api versions 1.7.x or earlier.
SLF4J: Ignoring binding found at [jar:file:/Users/y3536zha/.sbt/boot/scala-2.12.17/org.scala-sbt/sbt/1.8.0/log4j-slf4j-impl-2.17.1.jar!/org/slf4j/impl/StaticLoggerBinder.class]
SLF4J: See https://www.slf4j.org/codes.html#ignoredBindings for an explanation.
[info] set current project to scalacheck (in build file:/Users/y3536zha/Desktop/scala_no_change/dotty/community-build/community-projects/scalacheck/)
[success] Total time: 0 s, completed Jun 21, 2023, 2:30:08 PM
[info] Defining Global / logLevel
[info] The new value will be used by Test / test / testListeners, Test / testOnly / testListeners and 64 others.
[info] 	Run `last` for details.
[info] Reapplying settings...
[info] set current project to scalacheck (in build file:/Users/y3536zha/Desktop/scala_no_change/dotty/community-build/community-projects/scalacheck/)
[info] Defining Global / updateOptions
[info] The new value will be used by bench / dependencyTreeIgnoreMissingUpdate / updateOptions, bench / ivyConfiguration and 21 others.
[info] 	Run `last` for details.
[info] Reapplying settings...
[info] set current project to scalacheck (in build file:/Users/y3536zha/Desktop/scala_no_change/dotty/community-build/community-projects/scalacheck/)
[info] Defining Global / scalacOptions
[info] The new value will be used by bench / scalacOptions, coreJS / scalacOptions and 5 others.
[info] 	Run `last` for details.
[info] Reapplying settings...
[info] set current project to scalacheck (in build file:/Users/y3536zha/Desktop/scala_no_change/dotty/community-build/community-projects/scalacheck/)
[info] Forcing Scala version to 3.3.1-RC1-bin-SNAPSHOT on all projects.
[info] Reapplying settings...
[info] Loading dependency tracking file /Users/y3536zha/Desktop/scala_no_change/dotty/community-build/dotty-community-build-deps
[info] Dependency tracking file /Users/y3536zha/Desktop/scala_no_change/dotty/community-build/dotty-community-build-deps does not exist
[info] set current project to scalacheck (in build file:/Users/y3536zha/Desktop/scala_no_change/dotty/community-build/community-projects/scalacheck/)
[success] Total time: 19 s, completed Jun 21, 2023, 2:30:29 PM
[success] Total time: 10 s, completed Jun 21, 2023, 2:30:39 PM
[32mPublishing discipline[0m
[32msbt -sbt-version 1.8.0 -Dsbt.supershell=false -Ddotty.communitybuild.dir=/Users/y3536zha/Desktop/scala_no_change/dotty/community-build --addPluginSbtFile=/Users/y3536zha/Desktop/scala_no_change/dotty/community-build/sbt-injected-plugins clean; set Global/logLevel := Level.Error; set Global/updateOptions ~= (_.withLatestSnapshots(false)); set Global/scalacOptions ++= List("-Xcheck-macros");++3.3.1-RC1-bin-SNAPSHOT!; set every credentials := Nil;coreJVM/publishLocal;coreJS/publishLocal[0m
[info] welcome to sbt 1.8.0 (Oracle Corporation Java 9.0.4)
[info] loading global plugins from /Users/y3536zha/.sbt/1.0/plugins
[info] loading settings for project discipline-build from plugins.sbt,sbt-injected-plugins ...
[info] loading project definition from /Users/y3536zha/Desktop/scala_no_change/dotty/community-build/community-projects/discipline/project
[info] loading settings for project root from build.sbt ...
[info] Loading dependency tracking file /Users/y3536zha/Desktop/scala_no_change/dotty/community-build/dotty-community-build-deps
SLF4J: No SLF4J providers were found.
SLF4J: Defaulting to no-operation (NOP) logger implementation
SLF4J: See https://www.slf4j.org/codes.html#noProviders for further details.
SLF4J: Class path contains SLF4J bindings targeting slf4j-api versions 1.7.x or earlier.
SLF4J: Ignoring binding found at [jar:file:/Users/y3536zha/.sbt/boot/scala-2.12.17/org.scala-sbt/sbt/1.8.0/log4j-slf4j-impl-2.17.1.jar!/org/slf4j/impl/StaticLoggerBinder.class]
SLF4J: See https://www.slf4j.org/codes.html#ignoredBindings for an explanation.
[info] set scmInfo to https://github.com/dotty-staging/discipline
[info] set current project to discipline (in build file:/Users/y3536zha/Desktop/scala_no_change/dotty/community-build/community-projects/discipline/)
[success] Total time: 0 s, completed Jun 21, 2023, 2:30:48 PM
[info] Defining Global / logLevel
[info] The new value will be used by Test / test / testListeners, Test / testOnly / testListeners and 53 others.
[info] 	Run `last` for details.
[info] Reapplying settings...
[info] Loading dependency tracking file /Users/y3536zha/Desktop/scala_no_change/dotty/community-build/dotty-community-build-deps
[info] set scmInfo to https://github.com/dotty-staging/discipline
[info] set current project to discipline (in build file:/Users/y3536zha/Desktop/scala_no_change/dotty/community-build/community-projects/discipline/)
[info] Defining Global / updateOptions
[info] The new value will be used by coreJS / dependencyTreeIgnoreMissingUpdate / updateOptions, coreJS / ivyConfiguration and 18 others.
[info] 	Run `last` for details.
[info] Reapplying settings...
[info] Loading dependency tracking file /Users/y3536zha/Desktop/scala_no_change/dotty/community-build/dotty-community-build-deps
[info] set scmInfo to https://github.com/dotty-staging/discipline
[info] set current project to discipline (in build file:/Users/y3536zha/Desktop/scala_no_change/dotty/community-build/community-projects/discipline/)
[info] Defining Global / scalacOptions
[info] The new value will be used by coreJS / scalacOptions, coreJVM / scalacOptions and 4 others.
[info] 	Run `last` for details.
[info] Reapplying settings...
[info] Loading dependency tracking file /Users/y3536zha/Desktop/scala_no_change/dotty/community-build/dotty-community-build-deps
[info] set scmInfo to https://github.com/dotty-staging/discipline
[info] set current project to discipline (in build file:/Users/y3536zha/Desktop/scala_no_change/dotty/community-build/community-projects/discipline/)
[info] Forcing Scala version to 3.3.1-RC1-bin-SNAPSHOT on all projects.
[info] Reapplying settings...
[info] Loading dependency tracking file /Users/y3536zha/Desktop/scala_no_change/dotty/community-build/dotty-community-build-deps
[info] set scmInfo to https://github.com/dotty-staging/discipline
[info] set current project to discipline (in build file:/Users/y3536zha/Desktop/scala_no_change/dotty/community-build/community-projects/discipline/)
[info] Defining Global / credentials, coreJS / credentials and 5 others.
[info] The new values will be used by allCredentials, coreJS / allCredentials and 39 others.
[info] 	Run `last` for details.
[info] Reapplying settings...
[info] Loading dependency tracking file /Users/y3536zha/Desktop/scala_no_change/dotty/community-build/dotty-community-build-deps
[info] set scmInfo to https://github.com/dotty-staging/discipline
[info] set current project to discipline (in build file:/Users/y3536zha/Desktop/scala_no_change/dotty/community-build/community-projects/discipline/)
[success] Total time: 7 s, completed Jun 21, 2023, 2:30:58 PM
[success] Total time: 2 s, completed Jun 21, 2023, 2:31:00 PM
[32mPublishing munit[0m
[32msbt -sbt-version 1.8.0 -Dsbt.supershell=false -Ddotty.communitybuild.dir=/Users/y3536zha/Desktop/scala_no_change/dotty/community-build --addPluginSbtFile=/Users/y3536zha/Desktop/scala_no_change/dotty/community-build/sbt-injected-plugins clean; set Global/logLevel := Level.Error; set Global/updateOptions ~= (_.withLatestSnapshots(false)); set Global/scalacOptions ++= List("-Xcheck-macros","-Ysafe-init");++3.3.1-RC1-bin-SNAPSHOT!; munitJVM/publishLocal; munitJS/publishLocal; munitScalacheckJVM/publishLocal; munitScalacheckJS/publishLocal; junit/publishLocal[0m
[info] welcome to sbt 1.8.0 (Oracle Corporation Java 9.0.4)
[info] loading global plugins from /Users/y3536zha/.sbt/1.0/plugins
[info] loading settings for project munit-build from plugins.sbt,sbt-injected-plugins ...
[info] loading project definition from /Users/y3536zha/Desktop/scala_no_change/dotty/community-build/community-projects/munit/project
[info] loading settings for project munit from build.sbt ...
[info] resolving key references (14023 settings) ...
SLF4J: No SLF4J providers were found.
SLF4J: Defaulting to no-operation (NOP) logger implementation
SLF4J: See https://www.slf4j.org/codes.html#noProviders for further details.
SLF4J: Class path contains SLF4J bindings targeting slf4j-api versions 1.7.x or earlier.
SLF4J: Ignoring binding found at [jar:file:/Users/y3536zha/.sbt/boot/scala-2.12.17/org.scala-sbt/sbt/1.8.0/log4j-slf4j-impl-2.17.1.jar!/org/slf4j/impl/StaticLoggerBinder.class]
SLF4J: See https://www.slf4j.org/codes.html#ignoredBindings for an explanation.
[info] set current project to munit (in build file:/Users/y3536zha/Desktop/scala_no_change/dotty/community-build/community-projects/munit/)
[success] Total time: 0 s, completed Jun 21, 2023, 2:31:12 PM
[info] Defining Global / logLevel
[info] The new value will be used by Test / test / testListeners, Test / testOnly / testListeners and 101 others.
[info] 	Run `last` for details.
[info] Reapplying settings...
[info] set current project to munit (in build file:/Users/y3536zha/Desktop/scala_no_change/dotty/community-build/community-projects/munit/)
[info] Defining Global / updateOptions
[info] The new value will be used by dependencyTreeIgnoreMissingUpdate / updateOptions, docs / dependencyTreeIgnoreMissingUpdate / updateOptions and 36 others.
[info] 	Run `last` for details.
[info] Reapplying settings...
[info] set current project to munit (in build file:/Users/y3536zha/Desktop/scala_no_change/dotty/community-build/community-projects/munit/)
[info] Defining Global / scalacOptions
[info] The new value will be used by Compile / scalacOptions, Scalafix / scalacOptions and 12 others.
[info] 	Run `last` for details.
[info] Reapplying settings...
[info] set current project to munit (in build file:/Users/y3536zha/Desktop/scala_no_change/dotty/community-build/community-projects/munit/)
[info] Forcing Scala version to 3.3.1-RC1-bin-SNAPSHOT on all projects.
[info] Reapplying settings...
[info] Loading dependency tracking file /Users/y3536zha/Desktop/scala_no_change/dotty/community-build/dotty-community-build-deps
[info] set current project to munit (in build file:/Users/y3536zha/Desktop/scala_no_change/dotty/community-build/community-projects/munit/)
[success] Total time: 13 s, completed Jun 21, 2023, 2:31:28 PM
[success] Total time: 6 s, completed Jun 21, 2023, 2:31:34 PM
[success] Total time: 2 s, completed Jun 21, 2023, 2:31:36 PM
[success] Total time: 2 s, completed Jun 21, 2023, 2:31:38 PM
[success] Total time: 1 s, completed Jun 21, 2023, 2:31:39 PM
[32mPublishing discipline-munit[0m
[32msbt -sbt-version 1.8.0 -Dsbt.supershell=false -Ddotty.communitybuild.dir=/Users/y3536zha/Desktop/scala_no_change/dotty/community-build --addPluginSbtFile=/Users/y3536zha/Desktop/scala_no_change/dotty/community-build/sbt-injected-plugins clean; set Global/logLevel := Level.Error; set Global/updateOptions ~= (_.withLatestSnapshots(false)); set Global/scalacOptions ++= List("-Xcheck-macros","-Ysafe-init");++3.3.1-RC1-bin-SNAPSHOT!; coreJVM/publishLocal;coreJS/publishLocal[0m
[info] welcome to sbt 1.8.0 (Oracle Corporation Java 9.0.4)
[info] loading global plugins from /Users/y3536zha/.sbt/1.0/plugins
[info] loading settings for project discipline-munit-build from plugins.sbt,sbt-injected-plugins ...
[info] loading project definition from /Users/y3536zha/Desktop/scala_no_change/dotty/community-build/community-projects/discipline-munit/project
[info] loading settings for project root from build.sbt ...
[info] set scmInfo to https://github.com/dotty-staging/discipline-munit
SLF4J: No SLF4J providers were found.
SLF4J: Defaulting to no-operation (NOP) logger implementation
SLF4J: See https://www.slf4j.org/codes.html#noProviders for further details.
SLF4J: Class path contains SLF4J bindings targeting slf4j-api versions 1.7.x or earlier.
SLF4J: Ignoring binding found at [jar:file:/Users/y3536zha/.sbt/boot/scala-2.12.17/org.scala-sbt/sbt/1.8.0/log4j-slf4j-impl-2.17.1.jar!/org/slf4j/impl/StaticLoggerBinder.class]
SLF4J: See https://www.slf4j.org/codes.html#ignoredBindings for an explanation.
[info] set current project to root (in build file:/Users/y3536zha/Desktop/scala_no_change/dotty/community-build/community-projects/discipline-munit/)
[success] Total time: 0 s, completed Jun 21, 2023, 2:31:48 PM
[info] Defining Global / logLevel
[info] The new value will be used by Test / test / testListeners, Test / testOnly / testListeners and 53 others.
[info] 	Run `last` for details.
[info] Reapplying settings...
[info] set scmInfo to https://github.com/dotty-staging/discipline-munit
[info] set current project to root (in build file:/Users/y3536zha/Desktop/scala_no_change/dotty/community-build/community-projects/discipline-munit/)
[info] Defining Global / updateOptions
[info] The new value will be used by coreJS / dependencyTreeIgnoreMissingUpdate / updateOptions, coreJS / ivyConfiguration and 18 others.
[info] 	Run `last` for details.
[info] Reapplying settings...
[info] set scmInfo to https://github.com/dotty-staging/discipline-munit
[info] set current project to root (in build file:/Users/y3536zha/Desktop/scala_no_change/dotty/community-build/community-projects/discipline-munit/)
[info] Defining Global / scalacOptions
[info] The new value will be used by coreJS / scalacOptions, coreJVM / scalacOptions and 4 others.
[info] 	Run `last` for details.
[info] Reapplying settings...
[info] set scmInfo to https://github.com/dotty-staging/discipline-munit
[info] set current project to root (in build file:/Users/y3536zha/Desktop/scala_no_change/dotty/community-build/community-projects/discipline-munit/)
[info] Forcing Scala version to 3.3.1-RC1-bin-SNAPSHOT on all projects.
[info] Reapplying settings...
[info] Loading dependency tracking file /Users/y3536zha/Desktop/scala_no_change/dotty/community-build/dotty-community-build-deps
[info] set scmInfo to https://github.com/dotty-staging/discipline-munit
[info] set current project to root (in build file:/Users/y3536zha/Desktop/scala_no_change/dotty/community-build/community-projects/discipline-munit/)
[success] Total time: 6 s, completed Jun 21, 2023, 2:31:57 PM
[success] Total time: 2 s, completed Jun 21, 2023, 2:31:59 PM
[32mPublishing simulacrum-scalafix[0m
[32msbt -sbt-version 1.8.0 -Dsbt.supershell=false -Ddotty.communitybuild.dir=/Users/y3536zha/Desktop/scala_no_change/dotty/community-build --addPluginSbtFile=/Users/y3536zha/Desktop/scala_no_change/dotty/community-build/sbt-injected-plugins clean; set Global/logLevel := Level.Error; set Global/updateOptions ~= (_.withLatestSnapshots(false)); set Global/scalacOptions ++= List("-Xcheck-macros","-Ysafe-init");++3.3.1-RC1-bin-SNAPSHOT!; annotation/publishLocal;annotationJS/publishLocal[0m
[info] welcome to sbt 1.8.0 (Oracle Corporation Java 9.0.4)
[info] loading global plugins from /Users/y3536zha/.sbt/1.0/plugins
[info] loading settings for project simulacrum-scalafix-build from plugins.sbt,sbt-injected-plugins ...
[info] loading project definition from /Users/y3536zha/Desktop/scala_no_change/dotty/community-build/community-projects/simulacrum-scalafix/project
[info] loading settings for project root from build.sbt,version.sbt ...
SLF4J: No SLF4J providers were found.
SLF4J: Defaulting to no-operation (NOP) logger implementation
SLF4J: See https://www.slf4j.org/codes.html#noProviders for further details.
SLF4J: Class path contains SLF4J bindings targeting slf4j-api versions 1.7.x or earlier.
SLF4J: Ignoring binding found at [jar:file:/Users/y3536zha/.sbt/boot/scala-2.12.17/org.scala-sbt/sbt/1.8.0/log4j-slf4j-impl-2.17.1.jar!/org/slf4j/impl/StaticLoggerBinder.class]
SLF4J: See https://www.slf4j.org/codes.html#ignoredBindings for an explanation.
[info] set current project to root (in build file:/Users/y3536zha/Desktop/scala_no_change/dotty/community-build/community-projects/simulacrum-scalafix/)
[success] Total time: 0 s, completed Jun 21, 2023, 2:32:09 PM
[info] Defining Global / logLevel
[info] The new value will be used by Test / test / testListeners, Test / testOnly / testListeners and 53 others.
[info] 	Run `last` for details.
[info] Reapplying settings...
[info] set current project to root (in build file:/Users/y3536zha/Desktop/scala_no_change/dotty/community-build/community-projects/simulacrum-scalafix/)
[info] Defining Global / updateOptions
[info] The new value will be used by annotation / dependencyTreeIgnoreMissingUpdate / updateOptions, annotation / ivyConfiguration and 18 others.
[info] 	Run `last` for details.
[info] Reapplying settings...
[info] set current project to root (in build file:/Users/y3536zha/Desktop/scala_no_change/dotty/community-build/community-projects/simulacrum-scalafix/)
[info] Defining Global / scalacOptions
[info] The new value will be used by annotation / scalacOptions, annotationJS / scalacOptions and 4 others.
[info] 	Run `last` for details.
[info] Reapplying settings...
[info] set current project to root (in build file:/Users/y3536zha/Desktop/scala_no_change/dotty/community-build/community-projects/simulacrum-scalafix/)
[info] Forcing Scala version to 3.3.1-RC1-bin-SNAPSHOT on all projects.
[info] Reapplying settings...
[info] Loading dependency tracking file /Users/y3536zha/Desktop/scala_no_change/dotty/community-build/dotty-community-build-deps
[info] set current project to root (in build file:/Users/y3536zha/Desktop/scala_no_change/dotty/community-build/community-projects/simulacrum-scalafix/)
[success] Total time: 5 s, completed Jun 21, 2023, 2:32:16 PM
[success] Total time: 2 s, completed Jun 21, 2023, 2:32:18 PM
[32mPublishing cats[0m
[32msbt -sbt-version 1.8.0 -Dsbt.supershell=false -Ddotty.communitybuild.dir=/Users/y3536zha/Desktop/scala_no_change/dotty/community-build --addPluginSbtFile=/Users/y3536zha/Desktop/scala_no_change/dotty/community-build/sbt-injected-plugins clean; set Global/logLevel := Level.Error; set Global/updateOptions ~= (_.withLatestSnapshots(false)); set Global/scalacOptions ++= List("-Xcheck-macros");++3.3.1-RC1-bin-SNAPSHOT!; rootJVM/publishLocal;rootJS/publishLocal[0m
[info] welcome to sbt 1.8.0 (Oracle Corporation Java 9.0.4)
[info] loading global plugins from /Users/y3536zha/.sbt/1.0/plugins
[info] loading settings for project cats-build from plugins.sbt,sbt-injected-plugins ...
[info] loading project definition from /Users/y3536zha/Desktop/scala_no_change/dotty/community-build/community-projects/cats/project
[info] loading settings for project root from build.sbt,mima.sbt ...
[info] resolving key references (44288 settings) ...
SLF4J: No SLF4J providers were found.
SLF4J: Defaulting to no-operation (NOP) logger implementation
SLF4J: See https://www.slf4j.org/codes.html#noProviders for further details.
SLF4J: Class path contains SLF4J bindings targeting slf4j-api versions 1.7.x or earlier.
SLF4J: Ignoring binding found at [jar:file:/Users/y3536zha/.sbt/boot/scala-2.12.17/org.scala-sbt/sbt/1.8.0/log4j-slf4j-impl-2.17.1.jar!/org/slf4j/impl/StaticLoggerBinder.class]
SLF4J: See https://www.slf4j.org/codes.html#ignoredBindings for an explanation.
[info] set scmInfo to https://github.com/dotty-staging/cats
[info] set current project to root (in build file:/Users/y3536zha/Desktop/scala_no_change/dotty/community-build/community-projects/cats/)
[warn] there's a key that's not used by any other settings/tasks:
[warn]  
[warn] * ThisBuild / tlFatalWarningsInCi
[warn]   +- /Users/y3536zha/Desktop/scala_no_change/dotty/community-build/community-projects/cats/build.sbt:27
[warn]  
[warn] note: a setting might still be used by a command; to exclude a key from this `lintUnused` check
[warn] either append it to `Global / excludeLintKeys` or call .withRank(KeyRanks.Invisible) on the key
[success] Total time: 3 s, completed Jun 21, 2023, 2:32:36 PM
[info] Defining Global / logLevel
[info] The new value will be used by Test / test / testListeners, Test / testOnly / testListeners and 352 others.
[info] 	Run `last` for details.
[info] Reapplying settings...
[info] set scmInfo to https://github.com/dotty-staging/cats
[info] set current project to root (in build file:/Users/y3536zha/Desktop/scala_no_change/dotty/community-build/community-projects/cats/)
[info] Defining Global / updateOptions
[info] The new value will be used by algebraJS / dependencyTreeIgnoreMissingUpdate / updateOptions, algebraJS / ivyConfiguration and 129 others.
[info] 	Run `last` for details.
[info] Reapplying settings...
[info] set scmInfo to https://github.com/dotty-staging/cats
[info] set current project to root (in build file:/Users/y3536zha/Desktop/scala_no_change/dotty/community-build/community-projects/cats/)
[info] Defining Global / scalacOptions
[info] The new value will be used by algebraJS / scalacOptions, algebraJVM / scalacOptions and 41 others.
[info] 	Run `last` for details.
[info] Reapplying settings...
[info] set scmInfo to https://github.com/dotty-staging/cats
[info] set current project to root (in build file:/Users/y3536zha/Desktop/scala_no_change/dotty/community-build/community-projects/cats/)
[info] Forcing Scala version to 3.3.1-RC1-bin-SNAPSHOT on all projects.
[info] Reapplying settings...
[info] Loading dependency tracking file /Users/y3536zha/Desktop/scala_no_change/dotty/community-build/dotty-community-build-deps
[info] set scmInfo to https://github.com/dotty-staging/cats
[info] set current project to root (in build file:/Users/y3536zha/Desktop/scala_no_change/dotty/community-build/community-projects/cats/)
WARN: Unsupported type: Not supported type in refinement AppliedType(TypeRef(TermRef(TermRef(ThisType(TypeRef(NoPrefix,module class <root>)),object cats),NonEmptyParallel),type Aux),List(TypeRef(NoPrefix,type M), TypeRef(NoPrefix,type F0))): cats.laws.NonEmptyParallelLaws[M] {
  type F >: [A >: scala.Nothing <: scala.Any] => F0[A] <: [A >: scala.Nothing <: scala.Any] => F0[A]
  val P: cats.NonEmptyParallel.Aux[M, F0]
}
WARN: Unsupported type: Not supported type in refinement AppliedType(TypeRef(TermRef(TermRef(ThisType(TypeRef(NoPrefix,module class <root>)),object cats),Parallel),type Aux),List(TypeRef(NoPrefix,type M), TypeRef(NoPrefix,type F0))): cats.laws.ParallelLaws[M] {
  type F >: [A >: scala.Nothing <: scala.Any] => F0[A] <: [A >: scala.Nothing <: scala.Any] => F0[A]
  val P: cats.Parallel.Aux[M, F0]
}
WARN: Unsupported type: Not supported type in refinement AppliedType(TypeRef(TermRef(TermRef(ThisType(TypeRef(NoPrefix,module class cats)),object laws),NonEmptyParallelLaws),type Aux),List(TypeRef(NoPrefix,type M), TypeRef(NoPrefix,type F0))): cats.laws.discipline.NonEmptyParallelTests[M] {
  type F >: [A >: scala.Nothing <: scala.Any] => F0[A] <: [A >: scala.Nothing <: scala.Any] => F0[A]
  val laws: cats.laws.NonEmptyParallelLaws.Aux[M, F0]
}
WARN: Unsupported type: Not supported type in refinement AppliedType(TypeRef(TermRef(TermRef(ThisType(TypeRef(NoPrefix,module class cats)),object laws),ParallelLaws),type Aux),List(TypeRef(NoPrefix,type M), TypeRef(NoPrefix,type F0))): cats.laws.discipline.ParallelTests[M] {
  type F >: [A >: scala.Nothing <: scala.Any] => F0[A] <: [A >: scala.Nothing <: scala.Any] => F0[A]
  val laws: cats.laws.ParallelLaws.Aux[M, F0]
}
[success] Total time: 102 s (01:42), completed Jun 21, 2023, 2:34:28 PM
WARN: Unsupported type: Not supported type in refinement AppliedType(TypeRef(TermRef(TermRef(ThisType(TypeRef(NoPrefix,module class <root>)),object cats),NonEmptyParallel),type Aux),List(TypeRef(NoPrefix,type M), TypeRef(NoPrefix,type F0))): cats.laws.NonEmptyParallelLaws[M] {
  type F >: [A >: scala.Nothing <: scala.Any] => F0[A] <: [A >: scala.Nothing <: scala.Any] => F0[A]
  val P: cats.NonEmptyParallel.Aux[M, F0]
}
WARN: Unsupported type: Not supported type in refinement AppliedType(TypeRef(TermRef(TermRef(ThisType(TypeRef(NoPrefix,module class <root>)),object cats),Parallel),type Aux),List(TypeRef(NoPrefix,type M), TypeRef(NoPrefix,type F0))): cats.laws.ParallelLaws[M] {
  type F >: [A >: scala.Nothing <: scala.Any] => F0[A] <: [A >: scala.Nothing <: scala.Any] => F0[A]
  val P: cats.Parallel.Aux[M, F0]
}
WARN: Unsupported type: Not supported type in refinement AppliedType(TypeRef(TermRef(TermRef(ThisType(TypeRef(NoPrefix,module class cats)),object laws),NonEmptyParallelLaws),type Aux),List(TypeRef(NoPrefix,type M), TypeRef(NoPrefix,type F0))): cats.laws.discipline.NonEmptyParallelTests[M] {
  type F >: [A >: scala.Nothing <: scala.Any] => F0[A] <: [A >: scala.Nothing <: scala.Any] => F0[A]
  val laws: cats.laws.NonEmptyParallelLaws.Aux[M, F0]
}
WARN: Unsupported type: Not supported type in refinement AppliedType(TypeRef(TermRef(TermRef(ThisType(TypeRef(NoPrefix,module class cats)),object laws),ParallelLaws),type Aux),List(TypeRef(NoPrefix,type M), TypeRef(NoPrefix,type F0))): cats.laws.discipline.ParallelTests[M] {
  type F >: [A >: scala.Nothing <: scala.Any] => F0[A] <: [A >: scala.Nothing <: scala.Any] => F0[A]
  val laws: cats.laws.ParallelLaws.Aux[M, F0]
}
[success] Total time: 64 s (01:04), completed Jun 21, 2023, 2:35:32 PM
[32m[DEPENDENCIES DONE, NOW ACTUALLY RUNNING perspective][0m
[32mBuilding perspective with dotty-bootstrapped 3.3.1-RC1-bin-SNAPSHOT...[0m
[32msbt -sbt-version 1.8.0 -Dsbt.supershell=false -Ddotty.communitybuild.dir=/Users/y3536zha/Desktop/scala_no_change/dotty/community-build --addPluginSbtFile=/Users/y3536zha/Desktop/scala_no_change/dotty/community-build/sbt-injected-plugins set Global/testOptions += Tests.Argument(TestFramework("munit.Framework"), "+l"); clean; set Global/logLevel := Level.Error; set Global/updateOptions ~= (_.withLatestSnapshots(false)); set Global/scalacOptions ++= List("-Xcheck-macros","-Ysafe-init");++3.3.1-RC1-bin-SNAPSHOT!; dottyPerspectiveExamples/compile[0m
[info] welcome to sbt 1.8.0 (Oracle Corporation Java 9.0.4)
[info] loading global plugins from /Users/y3536zha/.sbt/1.0/plugins
[info] loading settings for project perspective-build from sbt-injected-plugins ...
[info] loading project definition from /Users/y3536zha/Desktop/scala_no_change/dotty/community-build/community-projects/perspective/project
[info] loading settings for project perspectiveRoot from build.sbt ...
[info] set current project to perspectiveRoot (in build file:/Users/y3536zha/Desktop/scala_no_change/dotty/community-build/community-projects/perspective/)
[info] Defining Global / testOptions
[info] The new value will be used by Test / test / testOptions, Test / testOnly / testOptions and 30 others.
[info] 	Run `last` for details.
[info] Reapplying settings...
[info] set current project to perspectiveRoot (in build file:/Users/y3536zha/Desktop/scala_no_change/dotty/community-build/community-projects/perspective/)
[success] Total time: 0 s, completed Jun 21, 2023, 2:35:42 PM
[info] Defining Global / logLevel
[info] The new value will be used by Test / test / testListeners, Test / testOnly / testListeners and 85 others.
[info] 	Run `last` for details.
[info] Reapplying settings...
[info] set current project to perspectiveRoot (in build file:/Users/y3536zha/Desktop/scala_no_change/dotty/community-build/community-projects/perspective/)
[info] Defining Global / updateOptions
[info] The new value will be used by dependencyTreeIgnoreMissingUpdate / updateOptions, dottyPerspective / dependencyTreeIgnoreMissingUpdate / updateOptions and 30 others.
[info] 	Run `last` for details.
[info] Reapplying settings...
[info] set current project to perspectiveRoot (in build file:/Users/y3536zha/Desktop/scala_no_change/dotty/community-build/community-projects/perspective/)
[info] Defining Global / scalacOptions
[info] The new value will be used by Compile / scalacOptions, dottyPerspective / scalacOptions and 8 others.
[info] 	Run `last` for details.
[info] Reapplying settings...
[info] set current project to perspectiveRoot (in build file:/Users/y3536zha/Desktop/scala_no_change/dotty/community-build/community-projects/perspective/)
[info] Forcing Scala version to 3.3.1-RC1-bin-SNAPSHOT on all projects.
[info] Reapplying settings...
[info] Loading dependency tracking file /Users/y3536zha/Desktop/scala_no_change/dotty/community-build/dotty-community-build-deps
[info] set current project to perspectiveRoot (in build file:/Users/y3536zha/Desktop/scala_no_change/dotty/community-build/community-projects/perspective/)
[success] Total time: 10 s, completed Jun 21, 2023, 2:35:54 PM
[32m[SUCCESS perspective][0m
[32m[perspective DONE RUNNING][0m
[info] Test run dotty.communitybuild.CommunityBuildTestB finished: 0 failed, 0 ignored, 1 total, 357.237s
[info] Passed: Total 1, Failed 0, Errors 0, Passed 1
[success] Total time: 382 s (06:22), completed Jun 21, 2023, 2:35:55 PM
