54 projects are successfully built:  
	izumiReflect
	scalaSTM
	scalatest
	scalatestplusTestNG
	scissEqual
	scissFingerTree
	scissLog
	scissModel
	scissNumbers
	scissSerial
	scissSerialscissSerialscissSerial
	scissSpan
	scissLucre
	zio
	monocle
	perspective
	scodec
	simulacrumScalafixAnnotations
	http4s
	akka
	betterfiles
	cask
	effpi
	endpoints4s
	fansi
	fastparse
	geny
	intent
	jacksonModuleScala
	libretto
	oslib
	parboiled2
	pprint
	requests
	scalaCollectionCompat
	scalaJava8Compat
	scalap
	scalaParallelCollections
	scalaParserCombinators
	scalaPB
	scalatestplusScalacheck
	scalaXml
	scalaz
	scas
	sconfig
	shapeless
	sourcecode
	specs2
	stdLib213
	ujson
	upickle
	utest
	verify
	xmlInterpolator

18 projects fail to build:  
	cats
	catsEffect3
	catsMtl
	coop
	discipline
	disciplineMunit
	disciplineSpecs2
	fs2
	munit
	munitCatsEffect
	scalacheckEffect
	scodecBits
	spire
	minitest
	onnxScala
	playJson
	protoquill
	scalacheck
