[info] welcome to sbt 1.8.0 (AdoptOpenJDK Java 1.8.0_292)
[info] loading global plugins from /Users/yixing/.sbt/1.0/plugins
[info] loading settings for project scala_flexible_type_with_test_script-build-build from build.sbt ...
[info] loading project definition from /Users/yixing/Desktop/scala_flexible/scala_flexible_type_with_test_script/project/project
[info] compiling 1 Scala source to /Users/yixing/Desktop/scala_flexible/scala_flexible_type_with_test_script/project/project/target/scala-2.12/sbt-1.0/classes ...
[info] done compiling
[info] loading settings for project scala_flexible_type_with_test_script-build from build.sbt,plugins.sbt ...
[info] loading project definition from /Users/yixing/Desktop/scala_flexible/scala_flexible_type_with_test_script/project
[info] compiling 11 Scala sources to /Users/yixing/Desktop/scala_flexible/scala_flexible_type_with_test_script/project/target/scala-2.12/sbt-1.0/classes ...
[info] done compiling
[info] loading settings for project scala3 from build.sbt ...
[info] resolving key references (31394 settings) ...
[info] set current project to scala3 (in build file:/Users/yixing/Desktop/scala_flexible/scala_flexible_type_with_test_script/)
SLF4J: No SLF4J providers were found.
SLF4J: Defaulting to no-operation (NOP) logger implementation
SLF4J: See https://www.slf4j.org/codes.html#noProviders for further details.
SLF4J: Class path contains SLF4J bindings targeting slf4j-api versions 1.7.x or earlier.
SLF4J: Ignoring binding found at [jar:file:/Users/yixing/.sbt/boot/scala-2.12.17/org.scala-sbt/sbt/1.8.0/log4j-slf4j-impl-2.17.1.jar!/org/slf4j/impl/StaticLoggerBinder.class]
SLF4J: See https://www.slf4j.org/codes.html#ignoredBindings for an explanation.
[info] Wrote /Users/yixing/Desktop/scala_flexible/scala_flexible_type_with_test_script/interfaces/target/scala3-interfaces-3.3.1-RC1-bin-SNAPSHOT.pom
[info] Wrote /Users/yixing/Desktop/scala_flexible/scala_flexible_type_with_test_script/sbt-community-build/target/scala-2.12/sbt-1.0/sbt-community-build-0.1.0-SNAPSHOT.pom
[info] Wrote /Users/yixing/Desktop/scala_flexible/scala_flexible_type_with_test_script/library/../out/bootstrap/scala3-library-bootstrapped/scala-3.3.1-RC1-bin-SNAPSHOT-nonbootstrapped/scala3-library_3-3.3.1-RC1-bin-SNAPSHOT.pom
[info] Wrote /Users/yixing/Desktop/scala_flexible/scala_flexible_type_with_test_script/library-js/../out/bootstrap/scala3-library-bootstrappedJS/scala-3.3.1-RC1-bin-SNAPSHOT-nonbootstrapped/scala3-library_sjs1_3-3.3.1-RC1-bin-SNAPSHOT.pom
[info] Wrote /Users/yixing/Desktop/scala_flexible/scala_flexible_type_with_test_script/tasty/../out/bootstrap/tasty-core-bootstrapped/scala-3.3.1-RC1-bin-SNAPSHOT-nonbootstrapped/tasty-core_3-3.3.1-RC1-bin-SNAPSHOT.pom
[info] Wrote /Users/yixing/Desktop/scala_flexible/scala_flexible_type_with_test_script/compiler/../out/bootstrap/scala3-compiler-bootstrapped/scala-3.3.1-RC1-bin-SNAPSHOT-nonbootstrapped/scala3-compiler_3-3.3.1-RC1-bin-SNAPSHOT.pom
[info] Wrote /Users/yixing/Desktop/scala_flexible/scala_flexible_type_with_test_script/tasty-inspector/../out/bootstrap/scala3-tasty-inspector/scala-3.3.1-RC1-bin-SNAPSHOT-nonbootstrapped/scala3-tasty-inspector_3-3.3.1-RC1-bin-SNAPSHOT.pom
[info] Wrote /Users/yixing/Desktop/scala_flexible/scala_flexible_type_with_test_script/sbt-bridge/src/target/scala3-sbt-bridge-3.3.1-RC1-bin-SNAPSHOT.pom
[info] Wrote /Users/yixing/Desktop/scala_flexible/scala_flexible_type_with_test_script/scaladoc/../out/bootstrap/scaladoc/scala-3.3.1-RC1-bin-SNAPSHOT-nonbootstrapped/scaladoc_3-3.3.1-RC1-bin-SNAPSHOT.pom
[info] compiling 8 Java sources to /Users/yixing/Desktop/scala_flexible/scala_flexible_type_with_test_script/interfaces/target/classes ...
[info] compiling 90 Scala sources and 25 Java sources to /Users/yixing/Desktop/scala_flexible/scala_flexible_type_with_test_script/library/target/scala-3.3.0-RC4/classes ...
[info] compiling 1 Scala source to /Users/yixing/Desktop/scala_flexible/scala_flexible_type_with_test_script/sbt-community-build/target/scala-2.12/sbt-1.0/classes ...
[info] Main Scala API documentation to /Users/yixing/Desktop/scala_flexible/scala_flexible_type_with_test_script/sbt-community-build/target/scala-2.12/sbt-1.0/api...
[info] Unpacking scalajs-ir sources to /Users/yixing/Desktop/scala_flexible/scala_flexible_type_with_test_script/compiler/target/scala-3.3.0-RC4/src_managed/main/scalajs-ir-src...
[info] Unpacking scalajs-ir sources to /Users/yixing/Desktop/scala_flexible/scala_flexible_type_with_test_script/compiler/../out/bootstrap/scala3-compiler-bootstrapped/scala-3.3.1-RC1-bin-SNAPSHOT-nonbootstrapped/src_managed/main/scalajs-ir-src...
[info] done compiling
[info] :: delivering :: org.scala-lang#scala3-interfaces;3.3.1-RC1-bin-SNAPSHOT :: 3.3.1-RC1-bin-SNAPSHOT :: integration :: Wed Jun 28 21:53:40 EDT 2023
[info] 	delivering ivy file to /Users/yixing/Desktop/scala_flexible/scala_flexible_type_with_test_script/interfaces/target/ivy-3.3.1-RC1-bin-SNAPSHOT.xml
[info] 	published scala3-interfaces to /Users/yixing/.ivy2/local/org.scala-lang/scala3-interfaces/3.3.1-RC1-bin-SNAPSHOT/poms/scala3-interfaces.pom
[info] 	published scala3-interfaces to /Users/yixing/.ivy2/local/org.scala-lang/scala3-interfaces/3.3.1-RC1-bin-SNAPSHOT/jars/scala3-interfaces.jar
[info] 	published scala3-interfaces to /Users/yixing/.ivy2/local/org.scala-lang/scala3-interfaces/3.3.1-RC1-bin-SNAPSHOT/srcs/scala3-interfaces-sources.jar
[info] 	published scala3-interfaces to /Users/yixing/.ivy2/local/org.scala-lang/scala3-interfaces/3.3.1-RC1-bin-SNAPSHOT/docs/scala3-interfaces-javadoc.jar
[info] 	published ivy to /Users/yixing/.ivy2/local/org.scala-lang/scala3-interfaces/3.3.1-RC1-bin-SNAPSHOT/ivys/ivy.xml
model contains 7 documentable templates
[info] done compiling
[info] Main Scala API documentation successful.
[info] :: delivering :: ch.epfl.lamp#sbt-community-build;0.1.0-SNAPSHOT :: 0.1.0-SNAPSHOT :: integration :: Wed Jun 28 21:53:53 EDT 2023
[info] 	delivering ivy file to /Users/yixing/Desktop/scala_flexible/scala_flexible_type_with_test_script/sbt-community-build/target/scala-2.12/sbt-1.0/ivy-0.1.0-SNAPSHOT.xml
[info] 	published sbt-community-build to /Users/yixing/.ivy2/local/ch.epfl.lamp/sbt-community-build/scala_2.12/sbt_1.0/0.1.0-SNAPSHOT/poms/sbt-community-build.pom
[info] 	published sbt-community-build to /Users/yixing/.ivy2/local/ch.epfl.lamp/sbt-community-build/scala_2.12/sbt_1.0/0.1.0-SNAPSHOT/jars/sbt-community-build.jar
[info] 	published sbt-community-build to /Users/yixing/.ivy2/local/ch.epfl.lamp/sbt-community-build/scala_2.12/sbt_1.0/0.1.0-SNAPSHOT/srcs/sbt-community-build-sources.jar
[info] 	published sbt-community-build to /Users/yixing/.ivy2/local/ch.epfl.lamp/sbt-community-build/scala_2.12/sbt_1.0/0.1.0-SNAPSHOT/docs/sbt-community-build-javadoc.jar
[info] 	published ivy to /Users/yixing/.ivy2/local/ch.epfl.lamp/sbt-community-build/scala_2.12/sbt_1.0/0.1.0-SNAPSHOT/ivys/ivy.xml
[info] done compiling
[info] compiling 7 Scala sources to /Users/yixing/Desktop/scala_flexible/scala_flexible_type_with_test_script/tasty/target/scala-3.3.0-RC4/classes ...
[info] done compiling
[info] compiling 549 Scala sources and 6 Java sources to /Users/yixing/Desktop/scala_flexible/scala_flexible_type_with_test_script/compiler/target/scala-3.3.0-RC4/classes ...
[warn] In the last 476 seconds, 7.65 (1.6%) were spent in GC. [Heap: 2.26GB free of 2.97GB, max 3.56GB] Consider increasing the JVM heap using `-Xmx` or try a different collector, e.g. `-XX:+UseG1GC`, for better performance.
[info] done compiling
[info] compiling 15 Java sources to /Users/yixing/Desktop/scala_flexible/scala_flexible_type_with_test_script/sbt-bridge/src/target/classes ...
[warn] /Users/yixing/Desktop/scala_flexible/scala_flexible_type_with_test_script/sbt-bridge/src/xsbt/CompilerInterface.java:59:1: run(java.io.File[],xsbti.compile.DependencyChanges,xsbti.AnalysisCallback,xsbti.Logger,xsbti.Reporter,xsbti.compile.CompileProgress) in xsbti.compile.CachedCompiler has been deprecated
[warn] cached.run
[info] done compiling
[info] :: delivering :: org.scala-lang#scala3-sbt-bridge;3.3.1-RC1-bin-SNAPSHOT :: 3.3.1-RC1-bin-SNAPSHOT :: integration :: Wed Jun 28 22:01:43 EDT 2023
[info] 	delivering ivy file to /Users/yixing/Desktop/scala_flexible/scala_flexible_type_with_test_script/sbt-bridge/src/target/ivy-3.3.1-RC1-bin-SNAPSHOT.xml
[info] 	published scala3-sbt-bridge to /Users/yixing/.ivy2/local/org.scala-lang/scala3-sbt-bridge/3.3.1-RC1-bin-SNAPSHOT/poms/scala3-sbt-bridge.pom
[info] 	published scala3-sbt-bridge to /Users/yixing/.ivy2/local/org.scala-lang/scala3-sbt-bridge/3.3.1-RC1-bin-SNAPSHOT/jars/scala3-sbt-bridge.jar
[info] 	published scala3-sbt-bridge to /Users/yixing/.ivy2/local/org.scala-lang/scala3-sbt-bridge/3.3.1-RC1-bin-SNAPSHOT/srcs/scala3-sbt-bridge-sources.jar
[info] 	published scala3-sbt-bridge to /Users/yixing/.ivy2/local/org.scala-lang/scala3-sbt-bridge/3.3.1-RC1-bin-SNAPSHOT/docs/scala3-sbt-bridge-javadoc.jar
[info] 	published ivy to /Users/yixing/.ivy2/local/org.scala-lang/scala3-sbt-bridge/3.3.1-RC1-bin-SNAPSHOT/ivys/ivy.xml
[info] compiling 91 Scala sources and 25 Java sources to /Users/yixing/Desktop/scala_flexible/scala_flexible_type_with_test_script/library/../out/bootstrap/scala3-library-bootstrapped/scala-3.3.1-RC1-bin-SNAPSHOT-nonbootstrapped/classes ...
[info] compiling 93 Scala sources and 25 Java sources to /Users/yixing/Desktop/scala_flexible/scala_flexible_type_with_test_script/library-js/../out/bootstrap/scala3-library-bootstrappedJS/scala-3.3.1-RC1-bin-SNAPSHOT-nonbootstrapped/classes ...
[info] done compiling
[info] compiling 7 Scala sources to /Users/yixing/Desktop/scala_flexible/scala_flexible_type_with_test_script/tasty/../out/bootstrap/tasty-core-bootstrapped/scala-3.3.1-RC1-bin-SNAPSHOT-nonbootstrapped/classes ...
[info] done compiling
[info] compiling 5 Scala sources to /Users/yixing/Desktop/scala_flexible/scala_flexible_type_with_test_script/scaladoc-js/common/../out/bootstrap/scaladoc-js-common/scala-3.3.1-RC1-bin-SNAPSHOT-nonbootstrapped/classes ...
[info] done compiling
[info] compiling 549 Scala sources and 6 Java sources to /Users/yixing/Desktop/scala_flexible/scala_flexible_type_with_test_script/compiler/../out/bootstrap/scala3-compiler-bootstrapped/scala-3.3.1-RC1-bin-SNAPSHOT-nonbootstrapped/classes ...
[info] done compiling
[info] compiling 2 Scala sources to /Users/yixing/Desktop/scala_flexible/scala_flexible_type_with_test_script/scaladoc-js/contributors/../out/bootstrap/scaladoc-js-contributors/scala-3.3.1-RC1-bin-SNAPSHOT-nonbootstrapped/classes ...
[info] compiling 13 Scala sources to /Users/yixing/Desktop/scala_flexible/scala_flexible_type_with_test_script/scaladoc-js/main/../out/bootstrap/scaladoc-js-main/scala-3.3.1-RC1-bin-SNAPSHOT-nonbootstrapped/classes ...
[info] done compiling
[info] Full optimizing /Users/yixing/Desktop/scala_flexible/scala_flexible_type_with_test_script/scaladoc-js/contributors/../out/bootstrap/scaladoc-js-contributors/scala-3.3.1-RC1-bin-SNAPSHOT-nonbootstrapped/scaladoc-js-contributors-opt
[info] done compiling
[info] Full optimizing /Users/yixing/Desktop/scala_flexible/scala_flexible_type_with_test_script/scaladoc-js/main/../out/bootstrap/scaladoc-js-main/scala-3.3.1-RC1-bin-SNAPSHOT-nonbootstrapped/scaladoc-js-main-opt
[info] Closure: 0 error(s), 0 warning(s)
[info] Closure: 0 error(s), 0 warning(s)
[info] done compiling
[info] compiling 3 Scala sources to /Users/yixing/Desktop/scala_flexible/scala_flexible_type_with_test_script/tasty-inspector/../out/bootstrap/scala3-tasty-inspector/scala-3.3.1-RC1-bin-SNAPSHOT-nonbootstrapped/classes ...
[info] done compiling
[info] compiling 85 Scala sources and 1 Java source to /Users/yixing/Desktop/scala_flexible/scala_flexible_type_with_test_script/scaladoc/../out/bootstrap/scaladoc/scala-3.3.1-RC1-bin-SNAPSHOT-nonbootstrapped/classes ...
[info] done compiling
[info] :: delivering :: org.scala-lang#tasty-core_3;3.3.1-RC1-bin-SNAPSHOT :: 3.3.1-RC1-bin-SNAPSHOT :: integration :: Wed Jun 28 22:11:00 EDT 2023
[info] 	delivering ivy file to /Users/yixing/Desktop/scala_flexible/scala_flexible_type_with_test_script/out/bootstrap/tasty-core-bootstrapped/scala-3.3.1-RC1-bin-SNAPSHOT-nonbootstrapped/ivy-3.3.1-RC1-bin-SNAPSHOT.xml
[info] Main Scala API documentation to /Users/yixing/Desktop/scala_flexible/scala_flexible_type_with_test_script/library-js/../out/bootstrap/scala3-library-bootstrappedJS/scala-3.3.1-RC1-bin-SNAPSHOT-nonbootstrapped/api...
[info] Main Scala API documentation to /Users/yixing/Desktop/scala_flexible/scala_flexible_type_with_test_script/library/../out/bootstrap/scala3-library-bootstrapped/scala-3.3.1-RC1-bin-SNAPSHOT-nonbootstrapped/api...
[info] 	published tasty-core_3 to /Users/yixing/.ivy2/local/org.scala-lang/tasty-core_3/3.3.1-RC1-bin-SNAPSHOT/poms/tasty-core_3.pom
[info] 	published tasty-core_3 to /Users/yixing/.ivy2/local/org.scala-lang/tasty-core_3/3.3.1-RC1-bin-SNAPSHOT/jars/tasty-core_3.jar
[info] 	published tasty-core_3 to /Users/yixing/.ivy2/local/org.scala-lang/tasty-core_3/3.3.1-RC1-bin-SNAPSHOT/srcs/tasty-core_3-sources.jar
[info] 	published tasty-core_3 to /Users/yixing/.ivy2/local/org.scala-lang/tasty-core_3/3.3.1-RC1-bin-SNAPSHOT/docs/tasty-core_3-javadoc.jar
[info] 	published ivy to /Users/yixing/.ivy2/local/org.scala-lang/tasty-core_3/3.3.1-RC1-bin-SNAPSHOT/ivys/ivy.xml
[warn] Setting -skip-by-regex set to .+\.internal($|\..+) redundantly
[warn] Setting -skip-by-regex set to .+\.impl($|\..+) redundantly
[warn] Flag -project-logo set repeatedly
[warn] Setting -social-links set to github::https://github.com/lampepfl/dotty redundantly
[warn] Setting -social-links set to discord::https://discord.com/invite/scala redundantly
[warn] Setting -social-links set to twitter::https://twitter.com/scala_lang redundantly
[warn] Setting -skip-by-id set to scala.runtime.stdLibPatches redundantly
[warn] Setting -skip-by-id set to scala.runtime.MatchCase redundantly
[warn] Flag -project-footer set repeatedly
[warn] Flag -author set repeatedly
[warn] Flag -groups set repeatedly
[warn] Flag -default-template set repeatedly
[warn] Setting -external-mappings set to .*scala/.*::scaladoc3::https://dotty.epfl.ch/api/ redundantly
[warn] Setting -external-mappings set to .*java/.*::javadoc::https://docs.oracle.com/javase/8/docs/api/ redundantly
[warn] bad option '-project-version 3.3.1-RC1-bin-SNAPSHOT' was ignored
[warn] Setting -skip-by-regex set to .+\.internal($|\..+) redundantly
[warn] Setting -skip-by-regex set to .+\.impl($|\..+) redundantly
[warn] Setting -skip-by-id set to scala.runtime.stdLibPatches redundantly
[warn] Setting -skip-by-id set to scala.runtime.MatchCase redundantly
[warn] bad option '-project-logo docs/_assets/images/logo.svg' was ignored
[warn] Setting -social-links set to github::https://github.com/lampepfl/dotty redundantly
[warn] Setting -social-links set to discord::https://discord.com/invite/scala redundantly
[warn] Setting -social-links set to twitter::https://twitter.com/scala_lang redundantly
[warn] bad option '-project-footer "Copyright (c) 2002-2023, LAMP/EPFL"' was ignored
[warn] bad option '-default-template static-site-main' was ignored
[warn] Flag -author set repeatedly
[warn] Flag -groups set repeatedly
[warn] bad option '-project-version 3.3.1-RC1-bin-SNAPSHOT' was ignored
[warn] Setting -skip-by-regex set to .+\.internal($|\..+) redundantly
[warn] Setting -skip-by-regex set to .+\.impl($|\..+) redundantly
[warn] Setting -skip-by-id set to scala.runtime.stdLibPatches redundantly
[warn] Setting -skip-by-id set to scala.runtime.MatchCase redundantly
[warn] bad option '-project-logo docs/_assets/images/logo.svg' was ignored
[warn] Setting -social-links set to github::https://github.com/lampepfl/dotty redundantly
[warn] Setting -social-links set to discord::https://discord.com/invite/scala redundantly
[warn] Setting -social-links set to twitter::https://twitter.com/scala_lang redundantly
[warn] bad option '-project-footer "Copyright (c) 2002-2023, LAMP/EPFL"' was ignored
[warn] bad option '-default-template static-site-main' was ignored
[warn] Flag -author set repeatedly
[warn] Flag -groups set repeatedly
[info] Skipping unused scalacOptions: -Werror, -Yno-experimental, -Yexplicit-nulls
[info] Skipping unused scalacOptions: -Werror, -Yno-experimental, -Yexplicit-nulls
[info] Main Scala API documentation to /Users/yixing/Desktop/scala_flexible/scala_flexible_type_with_test_script/tasty-inspector/../out/bootstrap/scala3-tasty-inspector/scala-3.3.1-RC1-bin-SNAPSHOT-nonbootstrapped/api...
[info] Skipping unused scalacOptions: -Werror
[info] Main Scala API documentation to /Users/yixing/Desktop/scala_flexible/scala_flexible_type_with_test_script/scaladoc/../out/bootstrap/scaladoc/scala-3.3.1-RC1-bin-SNAPSHOT-nonbootstrapped/api...
[info] Skipping unused scalacOptions: -Werror
[info] Main Scala API documentation to /Users/yixing/Desktop/scala_flexible/scala_flexible_type_with_test_script/compiler/../out/bootstrap/scala3-compiler-bootstrapped/scala-3.3.1-RC1-bin-SNAPSHOT-nonbootstrapped/api...
[info] Skipping unused scalacOptions: -Werror, -Yexplicit-nulls, -Ysafe-init
[info] Main Scala API documentation successful.
[info] :: delivering :: org.scala-lang#scala3-tasty-inspector_3;3.3.1-RC1-bin-SNAPSHOT :: 3.3.1-RC1-bin-SNAPSHOT :: integration :: Wed Jun 28 22:11:15 EDT 2023
[info] 	delivering ivy file to /Users/yixing/Desktop/scala_flexible/scala_flexible_type_with_test_script/out/bootstrap/scala3-tasty-inspector/scala-3.3.1-RC1-bin-SNAPSHOT-nonbootstrapped/ivy-3.3.1-RC1-bin-SNAPSHOT.xml
[info] 	published scala3-tasty-inspector_3 to /Users/yixing/.ivy2/local/org.scala-lang/scala3-tasty-inspector_3/3.3.1-RC1-bin-SNAPSHOT/poms/scala3-tasty-inspector_3.pom
[info] 	published scala3-tasty-inspector_3 to /Users/yixing/.ivy2/local/org.scala-lang/scala3-tasty-inspector_3/3.3.1-RC1-bin-SNAPSHOT/jars/scala3-tasty-inspector_3.jar
[info] 	published scala3-tasty-inspector_3 to /Users/yixing/.ivy2/local/org.scala-lang/scala3-tasty-inspector_3/3.3.1-RC1-bin-SNAPSHOT/srcs/scala3-tasty-inspector_3-sources.jar
[info] 	published scala3-tasty-inspector_3 to /Users/yixing/.ivy2/local/org.scala-lang/scala3-tasty-inspector_3/3.3.1-RC1-bin-SNAPSHOT/docs/scala3-tasty-inspector_3-javadoc.jar
[info] 	published ivy to /Users/yixing/.ivy2/local/org.scala-lang/scala3-tasty-inspector_3/3.3.1-RC1-bin-SNAPSHOT/ivys/ivy.xml
[warn] -- Warning: scaladoc/src/dotty/tools/scaladoc/tasty/comments/wiki/Entities.scala:10:17 
[warn] 10 |final case class Body(blocks: Seq[Block]) {
[warn]    |                 ^
[warn]    |       No DRI found for query: scala.tools.nsc.doc.model.comment.Summary
[warn] one warning found
[warn] In the last 621 seconds, 16.146 (2.6%) were spent in GC. [Heap: 2.36GB free of 3.31GB, max 3.56GB] Consider increasing the JVM heap using `-Xmx` or try a different collector, e.g. `-XX:+UseG1GC`, for better performance.
[warn] -- Warning: library/src/scala/util/FromDigits.scala:21:6 -----------------------
[warn] 21 |  def fromDigits(digits: String): T
[warn]    |      ^
[warn]    |      No DRI found for query: MalformedNumber
[warn] -- Warning: library/src/scala/util/FromDigits.scala:21:6 -----------------------
[warn] 21 |  def fromDigits(digits: String): T
[warn]    |      ^
[warn]    |      No DRI found for query: MalformedNumber
[error] -- [E069] Naming Error: /Users/yixing/Desktop/scala_flexible/scala_flexible_type_with_test_script/library/src/scala/IArray.scala:13:7 
[error] 13 |object IArray:
[error]    |       ^
[error]    |object IArray cannot have the same name as object IArray in package scala -- cannot define object member with the same name as a object member in self reference _.
[error]    |(Note: this can be resolved by using another name)
[error] -- [E069] Naming Error: /Users/yixing/Desktop/scala_flexible/scala_flexible_type_with_test_script/library/src/scala/IArray.scala:13:7 
[error] 13 |object IArray:
[error]    |       ^
[error]    |object IArray cannot have the same name as object IArray in package scala -- cannot define object member with the same name as a object member in self reference _.
[error]    |(Note: this can be resolved by using another name)
[warn] 14 warnings found
[warn] 28 warnings found
[error] one error found
[error] one error found
[warn] -- Warning: compiler/src/dotty/tools/backend/WorklistAlgorithm.scala:17:6 ------
[warn] 17 |trait WorklistAlgorithm {
[warn]    |      ^
[warn]    |      No DRI found for query: scala.tools.nsc.backend.icode.Linearizers
WARN: Unsupported type: Not supported type in refinement AppliedType(TypeRef(ThisType(TypeRef(NoPrefix,module class jvm)),class BTypesFromSymbols),List(TypeRef(ThisType(TypeRef(ThisType(TypeRef(NoPrefix,module class jvm)),class BTypesFromSymbols)),type I))): dotty.tools.backend.jvm.CoreBTypes {
  val bTypes: dotty.tools.backend.jvm.BTypesFromSymbols[BTypesFromSymbols.this.I]
}
[info] Main Scala API documentation successful.
[warn] -- Warning: compiler/src/dotty/tools/backend/sjs/JSEncoding.scala:54:12 --------
[warn] 54 |  final val JSSuperClassParamName = LocalName("superClass$")
[warn]    |            ^
[warn]    |            No DRI found for query: reserveLocalName
[info] :: delivering :: org.scala-lang#scaladoc_3;3.3.1-RC1-bin-SNAPSHOT :: 3.3.1-RC1-bin-SNAPSHOT :: integration :: Wed Jun 28 22:12:13 EDT 2023
[info] 	delivering ivy file to /Users/yixing/Desktop/scala_flexible/scala_flexible_type_with_test_script/out/bootstrap/scaladoc/scala-3.3.1-RC1-bin-SNAPSHOT-nonbootstrapped/ivy-3.3.1-RC1-bin-SNAPSHOT.xml
[info] 	published scaladoc_3 to /Users/yixing/.ivy2/local/org.scala-lang/scaladoc_3/3.3.1-RC1-bin-SNAPSHOT/poms/scaladoc_3.pom
[info] 	published scaladoc_3 to /Users/yixing/.ivy2/local/org.scala-lang/scaladoc_3/3.3.1-RC1-bin-SNAPSHOT/jars/scaladoc_3.jar
[info] 	published scaladoc_3 to /Users/yixing/.ivy2/local/org.scala-lang/scaladoc_3/3.3.1-RC1-bin-SNAPSHOT/srcs/scaladoc_3-sources.jar
[info] 	published scaladoc_3 to /Users/yixing/.ivy2/local/org.scala-lang/scaladoc_3/3.3.1-RC1-bin-SNAPSHOT/docs/scaladoc_3-javadoc.jar
[info] 	published ivy to /Users/yixing/.ivy2/local/org.scala-lang/scaladoc_3/3.3.1-RC1-bin-SNAPSHOT/ivys/ivy.xml
[info] :: delivering :: org.scala-lang#scala3-library_sjs1_3;3.3.1-RC1-bin-SNAPSHOT :: 3.3.1-RC1-bin-SNAPSHOT :: integration :: Wed Jun 28 22:12:31 EDT 2023
[info] 	delivering ivy file to /Users/yixing/Desktop/scala_flexible/scala_flexible_type_with_test_script/out/bootstrap/scala3-library-bootstrappedJS/scala-3.3.1-RC1-bin-SNAPSHOT-nonbootstrapped/ivy-3.3.1-RC1-bin-SNAPSHOT.xml
[info] 	published scala3-library_sjs1_3 to /Users/yixing/.ivy2/local/org.scala-lang/scala3-library_sjs1_3/3.3.1-RC1-bin-SNAPSHOT/poms/scala3-library_sjs1_3.pom
[info] 	published scala3-library_sjs1_3 to /Users/yixing/.ivy2/local/org.scala-lang/scala3-library_sjs1_3/3.3.1-RC1-bin-SNAPSHOT/jars/scala3-library_sjs1_3.jar
[info] 	published scala3-library_sjs1_3 to /Users/yixing/.ivy2/local/org.scala-lang/scala3-library_sjs1_3/3.3.1-RC1-bin-SNAPSHOT/srcs/scala3-library_sjs1_3-sources.jar
[info] 	published scala3-library_sjs1_3 to /Users/yixing/.ivy2/local/org.scala-lang/scala3-library_sjs1_3/3.3.1-RC1-bin-SNAPSHOT/docs/scala3-library_sjs1_3-javadoc.jar
[info] 	published ivy to /Users/yixing/.ivy2/local/org.scala-lang/scala3-library_sjs1_3/3.3.1-RC1-bin-SNAPSHOT/ivys/ivy.xml
[info] :: delivering :: org.scala-lang#scala3-library_3;3.3.1-RC1-bin-SNAPSHOT :: 3.3.1-RC1-bin-SNAPSHOT :: integration :: Wed Jun 28 22:12:31 EDT 2023
[info] 	delivering ivy file to /Users/yixing/Desktop/scala_flexible/scala_flexible_type_with_test_script/out/bootstrap/scala3-library-bootstrapped/scala-3.3.1-RC1-bin-SNAPSHOT-nonbootstrapped/ivy-3.3.1-RC1-bin-SNAPSHOT.xml
[info] 	published scala3-library_3 to /Users/yixing/.ivy2/local/org.scala-lang/scala3-library_3/3.3.1-RC1-bin-SNAPSHOT/poms/scala3-library_3.pom
[info] 	published scala3-library_3 to /Users/yixing/.ivy2/local/org.scala-lang/scala3-library_3/3.3.1-RC1-bin-SNAPSHOT/jars/scala3-library_3.jar
[info] 	published scala3-library_3 to /Users/yixing/.ivy2/local/org.scala-lang/scala3-library_3/3.3.1-RC1-bin-SNAPSHOT/srcs/scala3-library_3-sources.jar
[info] 	published scala3-library_3 to /Users/yixing/.ivy2/local/org.scala-lang/scala3-library_3/3.3.1-RC1-bin-SNAPSHOT/docs/scala3-library_3-javadoc.jar
[info] 	published ivy to /Users/yixing/.ivy2/local/org.scala-lang/scala3-library_3/3.3.1-RC1-bin-SNAPSHOT/ivys/ivy.xml
[warn] -- Warning: compiler/src/dotty/tools/dotc/ast/Desugar.scala:1108:15 ------------
[warn] 1108 |])
[warn]      |               ^
[warn]      |               No DRI found for query: val
[warn] -- Warning: compiler/src/dotty/tools/dotc/core/Decorators.scala:247:8 ----------
[warn] 247 |    def containsPhase(phase: Phase): Boolean =
[warn]     |        ^
[warn]     |        No DRI found for query: config.CompilerCommand#explainAdvanced
[warn] -- Warning: compiler/src/dotty/tools/dotc/core/TypeErasure.scala:131:22 --------
[warn] 131 |  abstract case class ErasedValueType(tycon: TypeRef, erasedUnderlying: Type)
[warn]     |                      ^
[warn]     |                    No DRI found for query: Erasure.Boxing#adaptToType
[warn] -- Warning: compiler/src/dotty/tools/dotc/core/TypeErasure.scala:188:6 ---------
[warn] 188 |  def valueErasure(tp: Type)(using Context): Type =
[warn]     |      ^
[warn]     |      No DRI found for query: ElimErasedValueType
[warn] -- Warning: compiler/src/dotty/tools/dotc/core/TypeErasure.scala:567:6 ---------
[warn] 567 |class TypeErasure(sourceLanguage: SourceLanguage, semiEraseVCs: Boolean, isConstructor: Boolean, isSymbol: Boolean, wildcardOK: Boolean) {
[warn]     |      ^
[warn]     |      No DRI found for query: ElimErasedValueType
[warn] -- Warning: compiler/src/dotty/tools/dotc/core/TypeOps.scala:936:6 -------------
[warn] 936 |  def stripTypeVars(tp: Type)(using Context): Type =
[warn]     |      ^
[warn]     |      No DRI found for query: Type.stripTypeVar
[warn] -- Warning: compiler/src/dotty/tools/dotc/report.scala:102:6 -------------------
[warn] 102 |  def log(msg: => String, pos: SrcPos = NoSourcePosition)(using Context): Unit =
[warn]     |      ^
[warn]     |      No DRI found for query: config.CompilerCommand#explainAdvanced
[warn] -- Warning: compiler/src/dotty/tools/dotc/reporting/trace.scala:19:7 -----------
[warn] 19 |object trace extends TraceSyntax:
[warn]    |       ^
[warn]    |       No DRI found for query: Config.tracingEnabled
[warn] -- Warning: compiler/src/dotty/tools/dotc/transform/Erasure.scala:618:17 -------
[warn] 618 |    override def typedTypeTree(tree: untpd.TypeTree, pt: Type)(using Context): TypeTree =
[warn]     |                 ^
[warn]     |                 No DRI found for query: DefDef#tpt
[warn] -- Warning: compiler/src/dotty/tools/dotc/transform/VCInlineMethods.scala:42:6 -
[warn] 42 |class VCInlineMethods extends MiniPhase with IdentityDenotTransformer {
[warn]    |      ^
[warn]    |      No DRI found for query: TypeSpecializer
[warn] -- Warning: compiler/src/dotty/tools/dotc/typer/TyperPhase.scala:20:6 ----------
[warn] 20 |class TyperPhase(addRootImports: Boolean = true) extends Phase {
[warn]    |      ^
[warn]    |      No DRI found for query: Context
[warn] -- Warning: compiler/src/dotty/tools/repl/JLineTerminal.scala:50:6 -------------
[warn] 50 |  def readLine(
[warn]    |      ^
[warn]    |      No DRI found for query: EndOfFileException
[warn] 14 warnings found
[info] Main Scala API documentation successful.
[info] :: delivering :: org.scala-lang#scala3-compiler_3;3.3.1-RC1-bin-SNAPSHOT :: 3.3.1-RC1-bin-SNAPSHOT :: integration :: Wed Jun 28 22:19:01 EDT 2023
[info] 	delivering ivy file to /Users/yixing/Desktop/scala_flexible/scala_flexible_type_with_test_script/out/bootstrap/scala3-compiler-bootstrapped/scala-3.3.1-RC1-bin-SNAPSHOT-nonbootstrapped/ivy-3.3.1-RC1-bin-SNAPSHOT.xml
[info] 	published scala3-compiler_3 to /Users/yixing/.ivy2/local/org.scala-lang/scala3-compiler_3/3.3.1-RC1-bin-SNAPSHOT/poms/scala3-compiler_3.pom
[info] 	published scala3-compiler_3 to /Users/yixing/.ivy2/local/org.scala-lang/scala3-compiler_3/3.3.1-RC1-bin-SNAPSHOT/jars/scala3-compiler_3.jar
[info] 	published scala3-compiler_3 to /Users/yixing/.ivy2/local/org.scala-lang/scala3-compiler_3/3.3.1-RC1-bin-SNAPSHOT/srcs/scala3-compiler_3-sources.jar
[info] 	published scala3-compiler_3 to /Users/yixing/.ivy2/local/org.scala-lang/scala3-compiler_3/3.3.1-RC1-bin-SNAPSHOT/docs/scala3-compiler_3-javadoc.jar
[info] 	published ivy to /Users/yixing/.ivy2/local/org.scala-lang/scala3-compiler_3/3.3.1-RC1-bin-SNAPSHOT/ivys/ivy.xml
[info] compiling 3 Scala sources to /Users/yixing/Desktop/scala_flexible/scala_flexible_type_with_test_script/community-build/../out/bootstrap/community-build/scala-3.3.1-RC1-bin-SNAPSHOT-nonbootstrapped/classes ...
[info] done compiling
[info] compiling 1 Scala source and 1 Java source to /Users/yixing/Desktop/scala_flexible/scala_flexible_type_with_test_script/community-build/../out/bootstrap/community-build/scala-3.3.1-RC1-bin-SNAPSHOT-nonbootstrapped/test-classes ...
[info] done compiling
[info] Test run dotty.communitybuild.CommunityBuildTestA started
[info] Test run dotty.communitybuild.CommunityBuildTestA finished: 0 failed, 0 ignored, 0 total, 0.001s
[info] Test run dotty.communitybuild.CommunityBuildTestC started
[info] Test dotty.communitybuild.CommunityBuildTestC.betterfiles started
[32m[STARTING betterfiles][0m
[32m[DEPENDENCIES DONE, NOW ACTUALLY RUNNING betterfiles][0m
[32mBuilding betterfiles with dotty-bootstrapped 3.3.1-RC1-bin-SNAPSHOT...[0m
[32msbt -sbt-version 1.8.0 -Dsbt.supershell=false -Ddotty.communitybuild.dir=/Users/yixing/Desktop/scala_flexible/scala_flexible_type_with_test_script/community-build --addPluginSbtFile=/Users/yixing/Desktop/scala_flexible/scala_flexible_type_with_test_script/community-build/sbt-injected-plugins set Global/testOptions += Tests.Argument(TestFramework("munit.Framework"), "+l"); clean; set Global/logLevel := Level.Error; set Global/updateOptions ~= (_.withLatestSnapshots(false)); set Global/scalacOptions ++= List("-Xcheck-macros","-Ysafe-init","-Yflexible-types");++3.3.1-RC1-bin-SNAPSHOT!; dotty-community-build/compile[0m
[info] welcome to sbt 1.8.0 (AdoptOpenJDK Java 1.8.0_292)
[info] loading global plugins from /Users/yixing/.sbt/1.0/plugins
[info] loading settings for project betterfiles-build from plugins.sbt,sbt-injected-plugins ...
[info] loading project definition from /Users/yixing/Desktop/scala_flexible/scala_flexible_type_with_test_script/community-build/community-projects/betterfiles/project
[info] compiling 1 Scala source to /Users/yixing/Desktop/scala_flexible/scala_flexible_type_with_test_script/community-build/community-projects/betterfiles/project/target/scala-2.12/sbt-1.0/classes ...
[info] done compiling
/Users/yixing/Desktop/scala_flexible/scala_flexible_type_with_test_script/community-build/community-projects/betterfiles/build.sbt:146: warning: value sonatypeSnapshots in object resolver is deprecated (since 1.7.0): Use sonatypeOssSnapshots instead
  publishTo := Some(if (isSnapshot.value) Opts.resolver.sonatypeSnapshots else Opts.resolver.sonatypeStaging),
                                                        ^
[info] loading settings for project root from build.sbt,version.sbt ...
SLF4J: No SLF4J providers were found.
SLF4J: Defaulting to no-operation (NOP) logger implementation
SLF4J: See https://www.slf4j.org/codes.html#noProviders for further details.
SLF4J: Class path contains SLF4J bindings targeting slf4j-api versions 1.7.x or earlier.
SLF4J: Ignoring binding found at [jar:file:/Users/yixing/.sbt/boot/scala-2.12.17/org.scala-sbt/sbt/1.8.0/log4j-slf4j-impl-2.17.1.jar!/org/slf4j/impl/StaticLoggerBinder.class]
SLF4J: See https://www.slf4j.org/codes.html#ignoredBindings for an explanation.
[info] set current project to better-files-root (in build file:/Users/yixing/Desktop/scala_flexible/scala_flexible_type_with_test_script/community-build/community-projects/betterfiles/)
[warn] there are 5 keys that are not used by any other settings/tasks:
[warn]  
[warn] * akka / updateImpactOpenBrowser
[warn]   +- /Users/yixing/Desktop/scala_flexible/scala_flexible_type_with_test_script/community-build/community-projects/betterfiles/build.sbt:15
[warn] * benchmarks / updateImpactOpenBrowser
[warn]   +- /Users/yixing/Desktop/scala_flexible/scala_flexible_type_with_test_script/community-build/community-projects/betterfiles/build.sbt:15
[warn] * core / updateImpactOpenBrowser
[warn]   +- /Users/yixing/Desktop/scala_flexible/scala_flexible_type_with_test_script/community-build/community-projects/betterfiles/build.sbt:15
[warn] * root / updateImpactOpenBrowser
[warn]   +- /Users/yixing/Desktop/scala_flexible/scala_flexible_type_with_test_script/community-build/community-projects/betterfiles/build.sbt:15
[warn] * shapelessScanner / updateImpactOpenBrowser
[warn]   +- /Users/yixing/Desktop/scala_flexible/scala_flexible_type_with_test_script/community-build/community-projects/betterfiles/build.sbt:15
[warn]  
[warn] note: a setting might still be used by a command; to exclude a key from this `lintUnused` check
[warn] either append it to `Global / excludeLintKeys` or call .withRank(KeyRanks.Invisible) on the key
[info] Defining Global / testOptions
[info] The new value will be used by Test / test / testOptions, Test / testOnly / testOptions and 15 others.
[info] 	Run `last` for details.
[info] Reapplying settings...
[info] set current project to better-files-root (in build file:/Users/yixing/Desktop/scala_flexible/scala_flexible_type_with_test_script/community-build/community-projects/betterfiles/)
[success] Total time: 0 s, completed Jun 28, 2023 10:20:15 PM
[info] Defining Global / logLevel
[info] The new value will be used by Test / test / testListeners, Test / testOnly / testListeners and 45 others.
[info] 	Run `last` for details.
[info] Reapplying settings...
[info] set current project to better-files-root (in build file:/Users/yixing/Desktop/scala_flexible/scala_flexible_type_with_test_script/community-build/community-projects/betterfiles/)
[info] Defining Global / updateOptions
[info] The new value will be used by akka / dependencyTreeIgnoreMissingUpdate / updateOptions, akka / ivyConfiguration and 15 others.
[info] 	Run `last` for details.
[info] Reapplying settings...
[info] set current project to better-files-root (in build file:/Users/yixing/Desktop/scala_flexible/scala_flexible_type_with_test_script/community-build/community-projects/betterfiles/)
[info] Defining Global / scalacOptions
[info] The new value will be used by akka / scalacOptions, benchmarks / scalacOptions and 3 others.
[info] 	Run `last` for details.
[info] Reapplying settings...
[info] set current project to better-files-root (in build file:/Users/yixing/Desktop/scala_flexible/scala_flexible_type_with_test_script/community-build/community-projects/betterfiles/)
[info] Forcing Scala version to 3.3.1-RC1-bin-SNAPSHOT on all projects.
[info] Reapplying settings...
[info] Loading dependency tracking file /Users/yixing/Desktop/scala_flexible/scala_flexible_type_with_test_script/community-build/dotty-community-build-deps
[info] Dependency tracking file /Users/yixing/Desktop/scala_flexible/scala_flexible_type_with_test_script/community-build/dotty-community-build-deps does not exist
[info] set current project to better-files-root (in build file:/Users/yixing/Desktop/scala_flexible/scala_flexible_type_with_test_script/community-build/community-projects/betterfiles/)
[success] Total time: 55 s, completed Jun 28, 2023 10:21:19 PM
[32m[SUCCESS betterfiles][0m
[32m[betterfiles DONE RUNNING][0m
[info] Test run dotty.communitybuild.CommunityBuildTestC finished: 0 failed, 0 ignored, 1 total, 129.418s
[info] Test run dotty.communitybuild.CommunityBuildTestB started
[info] Test run dotty.communitybuild.CommunityBuildTestB finished: 0 failed, 0 ignored, 0 total, 0.0s
[info] Passed: Total 1, Failed 0, Errors 0, Passed 1
[warn] In the last 587 seconds, 11.993 (2.0%) were spent in GC. [Heap: 3.12GB free of 3.66GB, max 3.66GB] Consider increasing the JVM heap using `-Xmx` or try a different collector, e.g. `-XX:+UseG1GC`, for better performance.
[success] Total time: 1685 s (28:05), completed Jun 28, 2023 10:21:33 PM
