[info] welcome to sbt 1.8.0 (Oracle Corporation Java 9.0.4)
[info] loading global plugins from /Users/y3536zha/.sbt/1.0/plugins
[info] loading settings for project scala_flexible_type_with_test_script-build-build from build.sbt ...
[info] loading project definition from /Users/y3536zha/Desktop/scala_flexible/scala_flexible_type_with_test_script/project/project
[info] loading settings for project scala_flexible_type_with_test_script-build from build.sbt,plugins.sbt ...
[info] loading project definition from /Users/y3536zha/Desktop/scala_flexible/scala_flexible_type_with_test_script/project
[info] loading settings for project scala3 from build.sbt ...
[info] resolving key references (31394 settings) ...
[info] set current project to scala3 (in build file:/Users/y3536zha/Desktop/scala_flexible/scala_flexible_type_with_test_script/)
SLF4J: No SLF4J providers were found.
SLF4J: Defaulting to no-operation (NOP) logger implementation
SLF4J: See https://www.slf4j.org/codes.html#noProviders for further details.
SLF4J: Class path contains SLF4J bindings targeting slf4j-api versions 1.7.x or earlier.
SLF4J: Ignoring binding found at [jar:file:/Users/y3536zha/.sbt/boot/scala-2.12.17/org.scala-sbt/sbt/1.8.0/log4j-slf4j-impl-2.17.1.jar!/org/slf4j/impl/StaticLoggerBinder.class]
SLF4J: See https://www.slf4j.org/codes.html#ignoredBindings for an explanation.
[info] Wrote /Users/y3536zha/Desktop/scala_flexible/scala_flexible_type_with_test_script/interfaces/target/scala3-interfaces-3.3.1-RC1-bin-SNAPSHOT.pom
[info] Wrote /Users/y3536zha/Desktop/scala_flexible/scala_flexible_type_with_test_script/library-js/../out/bootstrap/scala3-library-bootstrappedJS/scala-3.3.1-RC1-bin-SNAPSHOT-nonbootstrapped/scala3-library_sjs1_3-3.3.1-RC1-bin-SNAPSHOT.pom
[info] Wrote /Users/y3536zha/Desktop/scala_flexible/scala_flexible_type_with_test_script/tasty/../out/bootstrap/tasty-core-bootstrapped/scala-3.3.1-RC1-bin-SNAPSHOT-nonbootstrapped/tasty-core_3-3.3.1-RC1-bin-SNAPSHOT.pom
[info] Wrote /Users/y3536zha/Desktop/scala_flexible/scala_flexible_type_with_test_script/library/../out/bootstrap/scala3-library-bootstrapped/scala-3.3.1-RC1-bin-SNAPSHOT-nonbootstrapped/scala3-library_3-3.3.1-RC1-bin-SNAPSHOT.pom
[info] Wrote /Users/y3536zha/Desktop/scala_flexible/scala_flexible_type_with_test_script/sbt-bridge/src/target/scala3-sbt-bridge-3.3.1-RC1-bin-SNAPSHOT.pom
[info] Wrote /Users/y3536zha/Desktop/scala_flexible/scala_flexible_type_with_test_script/compiler/../out/bootstrap/scala3-compiler-bootstrapped/scala-3.3.1-RC1-bin-SNAPSHOT-nonbootstrapped/scala3-compiler_3-3.3.1-RC1-bin-SNAPSHOT.pom
[info] Wrote /Users/y3536zha/Desktop/scala_flexible/scala_flexible_type_with_test_script/tasty-inspector/../out/bootstrap/scala3-tasty-inspector/scala-3.3.1-RC1-bin-SNAPSHOT-nonbootstrapped/scala3-tasty-inspector_3-3.3.1-RC1-bin-SNAPSHOT.pom
[info] Wrote /Users/y3536zha/Desktop/scala_flexible/scala_flexible_type_with_test_script/sbt-community-build/target/scala-2.12/sbt-1.0/sbt-community-build-0.1.0-SNAPSHOT.pom
[info] Wrote /Users/y3536zha/Desktop/scala_flexible/scala_flexible_type_with_test_script/scaladoc/../out/bootstrap/scaladoc/scala-3.3.1-RC1-bin-SNAPSHOT-nonbootstrapped/scaladoc_3-3.3.1-RC1-bin-SNAPSHOT.pom
[info] :: delivering :: ch.epfl.lamp#sbt-community-build;0.1.0-SNAPSHOT :: 0.1.0-SNAPSHOT :: integration :: Wed Jun 21 20:57:26 EDT 2023
[info] 	delivering ivy file to /Users/y3536zha/Desktop/scala_flexible/scala_flexible_type_with_test_script/sbt-community-build/target/scala-2.12/sbt-1.0/ivy-0.1.0-SNAPSHOT.xml
[info] :: delivering :: org.scala-lang#scala3-interfaces;3.3.1-RC1-bin-SNAPSHOT :: 3.3.1-RC1-bin-SNAPSHOT :: integration :: Wed Jun 21 20:57:26 EDT 2023
[info] 	delivering ivy file to /Users/y3536zha/Desktop/scala_flexible/scala_flexible_type_with_test_script/interfaces/target/ivy-3.3.1-RC1-bin-SNAPSHOT.xml
[info] 	published sbt-community-build to /Users/y3536zha/.ivy2/local/ch.epfl.lamp/sbt-community-build/scala_2.12/sbt_1.0/0.1.0-SNAPSHOT/poms/sbt-community-build.pom
[info] 	published sbt-community-build to /Users/y3536zha/.ivy2/local/ch.epfl.lamp/sbt-community-build/scala_2.12/sbt_1.0/0.1.0-SNAPSHOT/jars/sbt-community-build.jar
[info] 	published sbt-community-build to /Users/y3536zha/.ivy2/local/ch.epfl.lamp/sbt-community-build/scala_2.12/sbt_1.0/0.1.0-SNAPSHOT/srcs/sbt-community-build-sources.jar
[info] 	published sbt-community-build to /Users/y3536zha/.ivy2/local/ch.epfl.lamp/sbt-community-build/scala_2.12/sbt_1.0/0.1.0-SNAPSHOT/docs/sbt-community-build-javadoc.jar
[info] 	published ivy to /Users/y3536zha/.ivy2/local/ch.epfl.lamp/sbt-community-build/scala_2.12/sbt_1.0/0.1.0-SNAPSHOT/ivys/ivy.xml
[info] 	published scala3-interfaces to /Users/y3536zha/.ivy2/local/org.scala-lang/scala3-interfaces/3.3.1-RC1-bin-SNAPSHOT/poms/scala3-interfaces.pom
[info] 	published scala3-interfaces to /Users/y3536zha/.ivy2/local/org.scala-lang/scala3-interfaces/3.3.1-RC1-bin-SNAPSHOT/jars/scala3-interfaces.jar
[info] 	published scala3-interfaces to /Users/y3536zha/.ivy2/local/org.scala-lang/scala3-interfaces/3.3.1-RC1-bin-SNAPSHOT/srcs/scala3-interfaces-sources.jar
[info] 	published scala3-interfaces to /Users/y3536zha/.ivy2/local/org.scala-lang/scala3-interfaces/3.3.1-RC1-bin-SNAPSHOT/docs/scala3-interfaces-javadoc.jar
[info] 	published ivy to /Users/y3536zha/.ivy2/local/org.scala-lang/scala3-interfaces/3.3.1-RC1-bin-SNAPSHOT/ivys/ivy.xml
[info] :: delivering :: org.scala-lang#scala3-sbt-bridge;3.3.1-RC1-bin-SNAPSHOT :: 3.3.1-RC1-bin-SNAPSHOT :: integration :: Wed Jun 21 20:57:27 EDT 2023
[info] 	delivering ivy file to /Users/y3536zha/Desktop/scala_flexible/scala_flexible_type_with_test_script/sbt-bridge/src/target/ivy-3.3.1-RC1-bin-SNAPSHOT.xml
[info] 	published scala3-sbt-bridge to /Users/y3536zha/.ivy2/local/org.scala-lang/scala3-sbt-bridge/3.3.1-RC1-bin-SNAPSHOT/poms/scala3-sbt-bridge.pom
[info] 	published scala3-sbt-bridge to /Users/y3536zha/.ivy2/local/org.scala-lang/scala3-sbt-bridge/3.3.1-RC1-bin-SNAPSHOT/jars/scala3-sbt-bridge.jar
[info] 	published scala3-sbt-bridge to /Users/y3536zha/.ivy2/local/org.scala-lang/scala3-sbt-bridge/3.3.1-RC1-bin-SNAPSHOT/srcs/scala3-sbt-bridge-sources.jar
[info] 	published scala3-sbt-bridge to /Users/y3536zha/.ivy2/local/org.scala-lang/scala3-sbt-bridge/3.3.1-RC1-bin-SNAPSHOT/docs/scala3-sbt-bridge-javadoc.jar
[info] 	published ivy to /Users/y3536zha/.ivy2/local/org.scala-lang/scala3-sbt-bridge/3.3.1-RC1-bin-SNAPSHOT/ivys/ivy.xml
[info] :: delivering :: org.scala-lang#tasty-core_3;3.3.1-RC1-bin-SNAPSHOT :: 3.3.1-RC1-bin-SNAPSHOT :: integration :: Wed Jun 21 20:57:31 EDT 2023
[info] 	delivering ivy file to /Users/y3536zha/Desktop/scala_flexible/scala_flexible_type_with_test_script/out/bootstrap/tasty-core-bootstrapped/scala-3.3.1-RC1-bin-SNAPSHOT-nonbootstrapped/ivy-3.3.1-RC1-bin-SNAPSHOT.xml
[info] 	published tasty-core_3 to /Users/y3536zha/.ivy2/local/org.scala-lang/tasty-core_3/3.3.1-RC1-bin-SNAPSHOT/poms/tasty-core_3.pom
[info] 	published tasty-core_3 to /Users/y3536zha/.ivy2/local/org.scala-lang/tasty-core_3/3.3.1-RC1-bin-SNAPSHOT/jars/tasty-core_3.jar
[info] Main Scala API documentation to /Users/y3536zha/Desktop/scala_flexible/scala_flexible_type_with_test_script/library/../out/bootstrap/scala3-library-bootstrapped/scala-3.3.1-RC1-bin-SNAPSHOT-nonbootstrapped/api...
[info] 	published tasty-core_3 to /Users/y3536zha/.ivy2/local/org.scala-lang/tasty-core_3/3.3.1-RC1-bin-SNAPSHOT/srcs/tasty-core_3-sources.jar
[info] 	published tasty-core_3 to /Users/y3536zha/.ivy2/local/org.scala-lang/tasty-core_3/3.3.1-RC1-bin-SNAPSHOT/docs/tasty-core_3-javadoc.jar
[info] 	published ivy to /Users/y3536zha/.ivy2/local/org.scala-lang/tasty-core_3/3.3.1-RC1-bin-SNAPSHOT/ivys/ivy.xml
[info] Main Scala API documentation to /Users/y3536zha/Desktop/scala_flexible/scala_flexible_type_with_test_script/library-js/../out/bootstrap/scala3-library-bootstrappedJS/scala-3.3.1-RC1-bin-SNAPSHOT-nonbootstrapped/api...
[info] :: delivering :: org.scala-lang#scala3-tasty-inspector_3;3.3.1-RC1-bin-SNAPSHOT :: 3.3.1-RC1-bin-SNAPSHOT :: integration :: Wed Jun 21 20:57:31 EDT 2023
[info] 	delivering ivy file to /Users/y3536zha/Desktop/scala_flexible/scala_flexible_type_with_test_script/out/bootstrap/scala3-tasty-inspector/scala-3.3.1-RC1-bin-SNAPSHOT-nonbootstrapped/ivy-3.3.1-RC1-bin-SNAPSHOT.xml
[info] 	published scala3-tasty-inspector_3 to /Users/y3536zha/.ivy2/local/org.scala-lang/scala3-tasty-inspector_3/3.3.1-RC1-bin-SNAPSHOT/poms/scala3-tasty-inspector_3.pom
[info] 	published scala3-tasty-inspector_3 to /Users/y3536zha/.ivy2/local/org.scala-lang/scala3-tasty-inspector_3/3.3.1-RC1-bin-SNAPSHOT/jars/scala3-tasty-inspector_3.jar
[info] 	published scala3-tasty-inspector_3 to /Users/y3536zha/.ivy2/local/org.scala-lang/scala3-tasty-inspector_3/3.3.1-RC1-bin-SNAPSHOT/srcs/scala3-tasty-inspector_3-sources.jar
[info] 	published scala3-tasty-inspector_3 to /Users/y3536zha/.ivy2/local/org.scala-lang/scala3-tasty-inspector_3/3.3.1-RC1-bin-SNAPSHOT/docs/scala3-tasty-inspector_3-javadoc.jar
[info] 	published ivy to /Users/y3536zha/.ivy2/local/org.scala-lang/scala3-tasty-inspector_3/3.3.1-RC1-bin-SNAPSHOT/ivys/ivy.xml
[info] :: delivering :: org.scala-lang#scaladoc_3;3.3.1-RC1-bin-SNAPSHOT :: 3.3.1-RC1-bin-SNAPSHOT :: integration :: Wed Jun 21 20:57:31 EDT 2023
[info] 	delivering ivy file to /Users/y3536zha/Desktop/scala_flexible/scala_flexible_type_with_test_script/out/bootstrap/scaladoc/scala-3.3.1-RC1-bin-SNAPSHOT-nonbootstrapped/ivy-3.3.1-RC1-bin-SNAPSHOT.xml
[info] 	published scaladoc_3 to /Users/y3536zha/.ivy2/local/org.scala-lang/scaladoc_3/3.3.1-RC1-bin-SNAPSHOT/poms/scaladoc_3.pom
[info] 	published scaladoc_3 to /Users/y3536zha/.ivy2/local/org.scala-lang/scaladoc_3/3.3.1-RC1-bin-SNAPSHOT/jars/scaladoc_3.jar
[info] 	published scaladoc_3 to /Users/y3536zha/.ivy2/local/org.scala-lang/scaladoc_3/3.3.1-RC1-bin-SNAPSHOT/srcs/scaladoc_3-sources.jar
[info] 	published scaladoc_3 to /Users/y3536zha/.ivy2/local/org.scala-lang/scaladoc_3/3.3.1-RC1-bin-SNAPSHOT/docs/scaladoc_3-javadoc.jar
[info] 	published ivy to /Users/y3536zha/.ivy2/local/org.scala-lang/scaladoc_3/3.3.1-RC1-bin-SNAPSHOT/ivys/ivy.xml
[warn] Setting -skip-by-regex set to .+\.internal($|\..+) redundantly
[warn] bad option '-project-version 3.3.1-RC1-bin-SNAPSHOT' was ignored
[warn] Setting -skip-by-regex set to .+\.impl($|\..+) redundantly
[warn] Setting -skip-by-regex set to .+\.internal($|\..+) redundantly
[warn] Flag -project-logo set repeatedly
[warn] Setting -skip-by-regex set to .+\.impl($|\..+) redundantly
[warn] Setting -social-links set to github::https://github.com/lampepfl/dotty redundantly
[warn] Setting -skip-by-id set to scala.runtime.stdLibPatches redundantly
[warn] Setting -social-links set to discord::https://discord.com/invite/scala redundantly
[warn] Setting -skip-by-id set to scala.runtime.MatchCase redundantly
[warn] Setting -social-links set to twitter::https://twitter.com/scala_lang redundantly
[warn] Setting -skip-by-id set to scala.runtime.stdLibPatches redundantly
[warn] bad option '-project-logo docs/_assets/images/logo.svg' was ignored
[warn] Setting -skip-by-id set to scala.runtime.MatchCase redundantly
[warn] Flag -project-footer set repeatedly
[warn] Setting -social-links set to github::https://github.com/lampepfl/dotty redundantly
[warn] Flag -author set repeatedly
[warn] Setting -social-links set to discord::https://discord.com/invite/scala redundantly
[warn] Flag -groups set repeatedly
[warn] Setting -social-links set to twitter::https://twitter.com/scala_lang redundantly
[warn] Flag -default-template set repeatedly
[warn] bad option '-project-footer "Copyright (c) 2002-2023, LAMP/EPFL"' was ignored
[warn] Setting -external-mappings set to .*scala/.*::scaladoc3::https://dotty.epfl.ch/api/ redundantly
[warn] bad option '-default-template static-site-main' was ignored
[warn] Setting -external-mappings set to .*java/.*::javadoc::https://docs.oracle.com/javase/8/docs/api/ redundantly
[warn] Flag -author set repeatedly
[warn] bad option '-project-version 3.3.1-RC1-bin-SNAPSHOT' was ignored
[warn] Flag -groups set repeatedly
[warn] Setting -skip-by-regex set to .+\.internal($|\..+) redundantly
[warn] Setting -skip-by-regex set to .+\.impl($|\..+) redundantly
[warn] Setting -skip-by-id set to scala.runtime.stdLibPatches redundantly
[warn] Setting -skip-by-id set to scala.runtime.MatchCase redundantly
[warn] bad option '-project-logo docs/_assets/images/logo.svg' was ignored
[warn] Setting -social-links set to github::https://github.com/lampepfl/dotty redundantly
[warn] Setting -social-links set to discord::https://discord.com/invite/scala redundantly
[warn] Setting -social-links set to twitter::https://twitter.com/scala_lang redundantly
[warn] bad option '-project-footer "Copyright (c) 2002-2023, LAMP/EPFL"' was ignored
[warn] bad option '-default-template static-site-main' was ignored
[warn] Flag -author set repeatedly
[warn] Flag -groups set repeatedly
[info] Skipping unused scalacOptions: -Werror, -Yno-experimental, -Yexplicit-nulls
[info] Skipping unused scalacOptions: -Werror, -Yno-experimental, -Yexplicit-nulls
[info] :: delivering :: org.scala-lang#scala3-compiler_3;3.3.1-RC1-bin-SNAPSHOT :: 3.3.1-RC1-bin-SNAPSHOT :: integration :: Wed Jun 21 20:57:33 EDT 2023
[info] 	delivering ivy file to /Users/y3536zha/Desktop/scala_flexible/scala_flexible_type_with_test_script/out/bootstrap/scala3-compiler-bootstrapped/scala-3.3.1-RC1-bin-SNAPSHOT-nonbootstrapped/ivy-3.3.1-RC1-bin-SNAPSHOT.xml
[info] 	published scala3-compiler_3 to /Users/y3536zha/.ivy2/local/org.scala-lang/scala3-compiler_3/3.3.1-RC1-bin-SNAPSHOT/poms/scala3-compiler_3.pom
[info] 	published scala3-compiler_3 to /Users/y3536zha/.ivy2/local/org.scala-lang/scala3-compiler_3/3.3.1-RC1-bin-SNAPSHOT/jars/scala3-compiler_3.jar
[info] 	published scala3-compiler_3 to /Users/y3536zha/.ivy2/local/org.scala-lang/scala3-compiler_3/3.3.1-RC1-bin-SNAPSHOT/srcs/scala3-compiler_3-sources.jar
[info] 	published scala3-compiler_3 to /Users/y3536zha/.ivy2/local/org.scala-lang/scala3-compiler_3/3.3.1-RC1-bin-SNAPSHOT/docs/scala3-compiler_3-javadoc.jar
[info] 	published ivy to /Users/y3536zha/.ivy2/local/org.scala-lang/scala3-compiler_3/3.3.1-RC1-bin-SNAPSHOT/ivys/ivy.xml
[warn] -- Warning: library/src/scala/util/FromDigits.scala:21:6 -----------------------
[warn] -- Warning: library/src/scala/util/FromDigits.scala:21:6 -----------------------
[warn] 21 |  def fromDigits(digits: String): T
[warn] 21 |  def fromDigits(digits: String): T
[warn]    |      ^
[warn]    |      ^
[warn]    |      No DRI found for query: MalformedNumber
[warn]    |      No DRI found for query: MalformedNumber
[error] -- [E069] Naming Error: /Users/y3536zha/Desktop/scala_flexible/scala_flexible_type_with_test_script/library/src/scala/IArray.scala:13:7 
[error] -- [E069] Naming Error: /Users/y3536zha/Desktop/scala_flexible/scala_flexible_type_with_test_script/library/src/scala/IArray.scala:13:7 
[error] 13 |object IArray:
[error] 13 |object IArray:
[error]    |       ^
[error]    |       ^
[error]    |object IArray cannot have the same name as object IArray in package scala -- cannot define object member with the same name as a object member in self reference _.
[error]    |object IArray cannot have the same name as object IArray in package scala -- cannot define object member with the same name as a object member in self reference _.
[error]    |(Note: this can be resolved by using another name)
[error]    |(Note: this can be resolved by using another name)
[warn] 28 warnings found
[warn] 14 warnings found
[error] one error found
[error] one error found
[info] :: delivering :: org.scala-lang#scala3-library_3;3.3.1-RC1-bin-SNAPSHOT :: 3.3.1-RC1-bin-SNAPSHOT :: integration :: Wed Jun 21 20:57:55 EDT 2023
[info] 	delivering ivy file to /Users/y3536zha/Desktop/scala_flexible/scala_flexible_type_with_test_script/out/bootstrap/scala3-library-bootstrapped/scala-3.3.1-RC1-bin-SNAPSHOT-nonbootstrapped/ivy-3.3.1-RC1-bin-SNAPSHOT.xml
[info] 	published scala3-library_3 to /Users/y3536zha/.ivy2/local/org.scala-lang/scala3-library_3/3.3.1-RC1-bin-SNAPSHOT/poms/scala3-library_3.pom
[info] 	published scala3-library_3 to /Users/y3536zha/.ivy2/local/org.scala-lang/scala3-library_3/3.3.1-RC1-bin-SNAPSHOT/jars/scala3-library_3.jar
[info] 	published scala3-library_3 to /Users/y3536zha/.ivy2/local/org.scala-lang/scala3-library_3/3.3.1-RC1-bin-SNAPSHOT/srcs/scala3-library_3-sources.jar
[info] 	published scala3-library_3 to /Users/y3536zha/.ivy2/local/org.scala-lang/scala3-library_3/3.3.1-RC1-bin-SNAPSHOT/docs/scala3-library_3-javadoc.jar
[info] 	published ivy to /Users/y3536zha/.ivy2/local/org.scala-lang/scala3-library_3/3.3.1-RC1-bin-SNAPSHOT/ivys/ivy.xml
[info] :: delivering :: org.scala-lang#scala3-library_sjs1_3;3.3.1-RC1-bin-SNAPSHOT :: 3.3.1-RC1-bin-SNAPSHOT :: integration :: Wed Jun 21 20:57:55 EDT 2023
[info] 	delivering ivy file to /Users/y3536zha/Desktop/scala_flexible/scala_flexible_type_with_test_script/out/bootstrap/scala3-library-bootstrappedJS/scala-3.3.1-RC1-bin-SNAPSHOT-nonbootstrapped/ivy-3.3.1-RC1-bin-SNAPSHOT.xml
[info] 	published scala3-library_sjs1_3 to /Users/y3536zha/.ivy2/local/org.scala-lang/scala3-library_sjs1_3/3.3.1-RC1-bin-SNAPSHOT/poms/scala3-library_sjs1_3.pom
[info] 	published scala3-library_sjs1_3 to /Users/y3536zha/.ivy2/local/org.scala-lang/scala3-library_sjs1_3/3.3.1-RC1-bin-SNAPSHOT/jars/scala3-library_sjs1_3.jar
[info] 	published scala3-library_sjs1_3 to /Users/y3536zha/.ivy2/local/org.scala-lang/scala3-library_sjs1_3/3.3.1-RC1-bin-SNAPSHOT/srcs/scala3-library_sjs1_3-sources.jar
[info] 	published scala3-library_sjs1_3 to /Users/y3536zha/.ivy2/local/org.scala-lang/scala3-library_sjs1_3/3.3.1-RC1-bin-SNAPSHOT/docs/scala3-library_sjs1_3-javadoc.jar
[info] 	published ivy to /Users/y3536zha/.ivy2/local/org.scala-lang/scala3-library_sjs1_3/3.3.1-RC1-bin-SNAPSHOT/ivys/ivy.xml
[info] Test run dotty.communitybuild.CommunityBuildTestA started
[info] Test run dotty.communitybuild.CommunityBuildTestA finished: 0 failed, 0 ignored, 0 total, 0.001s
[info] Test run dotty.communitybuild.CommunityBuildTestC started
[info] Test dotty.communitybuild.CommunityBuildTestC.requests started
[32m[STARTING requests-scala][0m
[32mPublishing utest[0m
[32m./mill -i -D dottyVersion=3.3.1-RC1-bin-SNAPSHOT utest.jvm[3.3.1-RC1-bin-SNAPSHOT].publishLocal[0m
[1/58] utest.jvm[3.3.1-RC1-bin-SNAPSHOT].resources 
[1A[2K[9999D[4/58] mill.scalalib.ZincWorkerModule.worker 
[1A[2K[9999D[6/58] utest.jvm[3.3.1-RC1-bin-SNAPSHOT].sources.overridden.mill.scalalib.JavaModule.sources 
[1A[2K[9999D[7/58] utest.jvm[3.3.1-RC1-bin-SNAPSHOT].sources.overridden.mill.scalalib.CrossScalaModule.sources 
[1A[2K[9999D[8/58] utest.jvm[3.3.1-RC1-bin-SNAPSHOT].sources 
[1A[2K[9999D[41/58] de.tobiasroeser.mill.vcs.version.VcsVersion.vcsState.overridden.de.tobiasroeser.mill.vcs.version.VcsVersion.vcsState 
fatal: no tag exactly matches 'eae17c7a4d0d63bab1406ca75791d3cb6394233d'
[1A[2K[9999D[42/58] de.tobiasroeser.mill.vcs.version.VcsVersion.vcsState 
[1A[2K[9999D[58/58] utest.jvm[3.3.1-RC1-bin-SNAPSHOT].publishLocal 
Publishing Artifact(com.lihaoyi,utest_3,v0.6.8-204-eae17c) to ivy repo /Users/y3536zha/.ivy2/local
[32mPublishing geny[0m
[32m./mill -i -D dottyVersion=3.3.1-RC1-bin-SNAPSHOT geny.jvm[3.3.1-RC1-bin-SNAPSHOT].publishLocal[0m
Compiling /Users/y3536zha/Desktop/scala_flexible/scala_flexible_type_with_test_script/community-build/community-projects/geny/build.sc
[1/62] geny.jvm[3.3.1-RC1-bin-SNAPSHOT].resources 
[1A[2K[9999D[2/62] geny.jvm[3.3.1-RC1-bin-SNAPSHOT].scalaVersion 
[1A[2K[9999D[4/62] mill.scalalib.ZincWorkerModule.worker 
[1A[2K[9999D[5/62] geny.jvm[3.3.1-RC1-bin-SNAPSHOT].upstreamCompileOutput 
[1A[2K[9999D[6/62] geny.jvm[3.3.1-RC1-bin-SNAPSHOT].sources 
[1A[2K[9999D[7/62] geny.jvm[3.3.1-RC1-bin-SNAPSHOT].generatedSources 
[1A[2K[9999D[8/62] geny.jvm[3.3.1-RC1-bin-SNAPSHOT].allSources 
[1A[2K[9999D[9/62] geny.jvm[3.3.1-RC1-bin-SNAPSHOT].allSourceFiles 
[1A[2K[9999D[10/62] geny.jvm[3.3.1-RC1-bin-SNAPSHOT].transitiveLocalClasspath 
[1A[2K[9999D[11/62] geny.jvm[3.3.1-RC1-bin-SNAPSHOT].unmanagedClasspath 
[1A[2K[9999D[12/62] geny.jvm[3.3.1-RC1-bin-SNAPSHOT].platformSuffix 
[1A[2K[9999D[13/62] geny.jvm[3.3.1-RC1-bin-SNAPSHOT].compileIvyDeps 
[1A[2K[9999D[14/62] geny.jvm[3.3.1-RC1-bin-SNAPSHOT].transitiveCompileIvyDeps 
[1A[2K[9999D[15/62] geny.jvm[3.3.1-RC1-bin-SNAPSHOT].ivyDeps 
[1A[2K[9999D[16/62] geny.jvm[3.3.1-RC1-bin-SNAPSHOT].mandatoryIvyDeps.overridden.mill.scalalib.JavaModule.mandatoryIvyDeps 
[1A[2K[9999D[17/62] geny.jvm[3.3.1-RC1-bin-SNAPSHOT].scalaOrganization 
[1A[2K[9999D[18/62] geny.jvm[3.3.1-RC1-bin-SNAPSHOT].scalaLibraryIvyDeps 
[1A[2K[9999D[19/62] geny.jvm[3.3.1-RC1-bin-SNAPSHOT].mandatoryIvyDeps 
[1A[2K[9999D[20/62] geny.jvm[3.3.1-RC1-bin-SNAPSHOT].transitiveIvyDeps 
[1A[2K[9999D[21/62] geny.jvm[3.3.1-RC1-bin-SNAPSHOT].resolvedIvyDeps 
[1A[2K[9999D[22/62] geny.jvm[3.3.1-RC1-bin-SNAPSHOT].compileClasspath 
[1A[2K[9999D[23/62] geny.jvm[3.3.1-RC1-bin-SNAPSHOT].javacOptions 
[1A[2K[9999D[24/62] geny.jvm[3.3.1-RC1-bin-SNAPSHOT].mandatoryScalacOptions 
[1A[2K[9999D[25/62] geny.jvm[3.3.1-RC1-bin-SNAPSHOT].scalacPluginIvyDeps 
[1A[2K[9999D[26/62] geny.jvm[3.3.1-RC1-bin-SNAPSHOT].enablePluginScalacOptions 
[1A[2K[9999D[27/62] geny.jvm[3.3.1-RC1-bin-SNAPSHOT].scalacOptions 
[1A[2K[9999D[28/62] geny.jvm[3.3.1-RC1-bin-SNAPSHOT].allScalacOptions 
[1A[2K[9999D[29/62] geny.jvm[3.3.1-RC1-bin-SNAPSHOT].scalaCompilerClasspath 
[1A[2K[9999D[30/62] geny.jvm[3.3.1-RC1-bin-SNAPSHOT].scalacPluginClasspath 
[1A[2K[9999D[31/62] geny.jvm[3.3.1-RC1-bin-SNAPSHOT].compile 
[info] compiling 1 Scala source to /Users/y3536zha/Desktop/scala_flexible/scala_flexible_type_with_test_script/community-build/community-projects/geny/out/geny/jvm/3.3.1-RC1-bin-SNAPSHOT/compile.dest/classes ...
[warn] there was 1 feature warning; re-run with -feature for details
[warn] there were 2 deprecation warnings; re-run with -deprecation for details
[warn] two warnings found
[info] done compiling
[32/62] geny.jvm[3.3.1-RC1-bin-SNAPSHOT].localClasspath 
[1A[2K[9999D[39/62] de.tobiasroeser.mill.vcs.version.VcsVersion.vcsState.overridden.de.tobiasroeser.mill.vcs.version.VcsVersion.vcsState 
fatal: no tag exactly matches 'd981da16a05ff4978857e7aa88489c873b8d8922'
[1A[2K[9999D[40/62] de.tobiasroeser.mill.vcs.version.VcsVersion.vcsState 
[1A[2K[9999D[49/62] geny.jvm[3.3.1-RC1-bin-SNAPSHOT].docResources 
[1A[2K[9999D[50/62] geny.jvm[3.3.1-RC1-bin-SNAPSHOT].docSources 
[1A[2K[9999D[51/62] geny.jvm[3.3.1-RC1-bin-SNAPSHOT].docJar 
[33m[33m-- Warning: geny/src/geny/Internal.scala:25:6 ----------------------------------[0m[0m
[33m25 |[0m  [33mdef[0m [36mtransfer0[0m([36msrc[0m: [35mInputStream[0m,
[33m[33m   |[0m      ^[0m
[33m   |[0m      No DRI found for query: sink
1 warning found
[62/62] geny.jvm[3.3.1-RC1-bin-SNAPSHOT].publishLocal 
Publishing Artifact(com.lihaoyi,geny_3,0.5.1-60-d981da) to ivy repo /Users/y3536zha/.ivy2/local
[32mPublishing upickle[0m
[32m./mill -i -D dottyVersion=3.3.1-RC1-bin-SNAPSHOT ujson.jvm[3.3.1-RC1-bin-SNAPSHOT].publishLocal[0m
Compiling /Users/y3536zha/Desktop/scala_flexible/scala_flexible_type_with_test_script/community-build/community-projects/upickle/build.sc
[1/102] ujson.jvm[3.3.1-RC1-bin-SNAPSHOT].resources 
[1A[2K[9999D[4/102] mill.scalalib.ZincWorkerModule.worker 
[1A[2K[9999D[7/102] core.jvm[3.3.1-RC1-bin-SNAPSHOT].sources.overridden.mill.scalalib.JavaModule.sources 
[1A[2K[9999D[8/102] core.jvm[3.3.1-RC1-bin-SNAPSHOT].sources.overridden.ammonite.$file.build.CommonModule.sources 
[1A[2K[9999D[9/102] core.jvm[3.3.1-RC1-bin-SNAPSHOT].sources 
[1A[2K[9999D[10/102] core.jvm[3.3.1-RC1-bin-SNAPSHOT].templates 
[1A[2K[9999D[15/102] core.jvm[3.3.1-RC1-bin-SNAPSHOT].resources 
[1A[2K[9999D[39/102] ujson.jvm[3.3.1-RC1-bin-SNAPSHOT].sources.overridden.mill.scalalib.JavaModule.sources 
[1A[2K[9999D[40/102] ujson.jvm[3.3.1-RC1-bin-SNAPSHOT].sources.overridden.ammonite.$file.build.CommonModule.sources 
[1A[2K[9999D[41/102] ujson.jvm[3.3.1-RC1-bin-SNAPSHOT].sources 
[1A[2K[9999D[42/102] ujson.jvm[3.3.1-RC1-bin-SNAPSHOT].templates 
[1A[2K[9999D[77/102] de.tobiasroeser.mill.vcs.version.VcsVersion.vcsState.overridden.de.tobiasroeser.mill.vcs.version.VcsVersion.vcsState 
fatal: no tag exactly matches 'aa3bc0e43ec7b618eb087753878f3d845e58277a'
[1A[2K[9999D[78/102] de.tobiasroeser.mill.vcs.version.VcsVersion.vcsState 
[1A[2K[9999D[102/102] ujson.jvm[3.3.1-RC1-bin-SNAPSHOT].publishLocal 
Publishing Artifact(com.lihaoyi,ujson_3,0.7.1-191-aa3bc0) to ivy repo /Users/y3536zha/.ivy2/local
[32mPublishing upickle[0m
[32m./mill -i -D dottyVersion=3.3.1-RC1-bin-SNAPSHOT core.jvm[3.3.1-RC1-bin-SNAPSHOT].publishLocal[0m
[1/60] core.jvm[3.3.1-RC1-bin-SNAPSHOT].resources 
[1A[2K[9999D[4/60] mill.scalalib.ZincWorkerModule.worker 
[1A[2K[9999D[6/60] core.jvm[3.3.1-RC1-bin-SNAPSHOT].sources.overridden.mill.scalalib.JavaModule.sources 
[1A[2K[9999D[7/60] core.jvm[3.3.1-RC1-bin-SNAPSHOT].sources.overridden.ammonite.$file.build.CommonModule.sources 
[1A[2K[9999D[8/60] core.jvm[3.3.1-RC1-bin-SNAPSHOT].sources 
[1A[2K[9999D[9/60] core.jvm[3.3.1-RC1-bin-SNAPSHOT].templates 
[1A[2K[9999D[43/60] de.tobiasroeser.mill.vcs.version.VcsVersion.vcsState.overridden.de.tobiasroeser.mill.vcs.version.VcsVersion.vcsState 
fatal: no tag exactly matches 'aa3bc0e43ec7b618eb087753878f3d845e58277a'
[1A[2K[9999D[44/60] de.tobiasroeser.mill.vcs.version.VcsVersion.vcsState 
[1A[2K[9999D[60/60] core.jvm[3.3.1-RC1-bin-SNAPSHOT].publishLocal 
Publishing Artifact(com.lihaoyi,upickle-core_3,0.7.1-191-aa3bc0) to ivy repo /Users/y3536zha/.ivy2/local
[32m[DEPENDENCIES DONE, NOW ACTUALLY RUNNING requests-scala][0m
[32mBuilding requests-scala with dotty-bootstrapped 3.3.1-RC1-bin-SNAPSHOT...[0m
[32m./mill -i -D dottyVersion=3.3.1-RC1-bin-SNAPSHOT requests[3.3.1-RC1-bin-SNAPSHOT].test[0m
Compiling /Users/y3536zha/Desktop/scala_flexible/scala_flexible_type_with_test_script/community-build/community-projects/requests-scala/build.sc
[1/72] requests[3.3.1-RC1-bin-SNAPSHOT].test.runUseArgsFile 
[1A[2K[9999D[2/72] requests[3.3.1-RC1-bin-SNAPSHOT].test.testUseArgsFile 
[1A[2K[9999D[3/72] requests[3.3.1-RC1-bin-SNAPSHOT].test.forkArgs 
[1A[2K[9999D[4/72] requests[3.3.1-RC1-bin-SNAPSHOT].test.testFramework 
[1A[2K[9999D[5/72] requests[3.3.1-RC1-bin-SNAPSHOT].test.resources 
[1A[2K[9999D[6/72] requests[3.3.1-RC1-bin-SNAPSHOT].scalaVersion 
[1A[2K[9999D[7/72] requests[3.3.1-RC1-bin-SNAPSHOT].test.scalaVersion 
[1A[2K[9999D[9/72] mill.scalalib.ZincWorkerModule.worker 
[1A[2K[9999D[10/72] requests[3.3.1-RC1-bin-SNAPSHOT].upstreamCompileOutput 
[1A[2K[9999D[11/72] requests[3.3.1-RC1-bin-SNAPSHOT].sources.overridden.mill.scalalib.JavaModule.sources 
[1A[2K[9999D[12/72] requests[3.3.1-RC1-bin-SNAPSHOT].sources 
[1A[2K[9999D[13/72] requests[3.3.1-RC1-bin-SNAPSHOT].generatedSources 
[1A[2K[9999D[14/72] requests[3.3.1-RC1-bin-SNAPSHOT].allSources 
[1A[2K[9999D[15/72] requests[3.3.1-RC1-bin-SNAPSHOT].allSourceFiles 
[1A[2K[9999D[16/72] requests[3.3.1-RC1-bin-SNAPSHOT].transitiveLocalClasspath 
[1A[2K[9999D[17/72] requests[3.3.1-RC1-bin-SNAPSHOT].resources 
[1A[2K[9999D[18/72] requests[3.3.1-RC1-bin-SNAPSHOT].unmanagedClasspath 
[1A[2K[9999D[19/72] requests[3.3.1-RC1-bin-SNAPSHOT].platformSuffix 
[1A[2K[9999D[20/72] requests[3.3.1-RC1-bin-SNAPSHOT].compileIvyDeps 
[1A[2K[9999D[21/72] requests[3.3.1-RC1-bin-SNAPSHOT].transitiveCompileIvyDeps 
[1A[2K[9999D[22/72] requests[3.3.1-RC1-bin-SNAPSHOT].ivyDeps 
[1A[2K[9999D[23/72] requests[3.3.1-RC1-bin-SNAPSHOT].mandatoryIvyDeps.overridden.mill.scalalib.JavaModule.mandatoryIvyDeps 
[1A[2K[9999D[24/72] requests[3.3.1-RC1-bin-SNAPSHOT].scalaOrganization 
[1A[2K[9999D[25/72] requests[3.3.1-RC1-bin-SNAPSHOT].scalaLibraryIvyDeps 
[1A[2K[9999D[26/72] requests[3.3.1-RC1-bin-SNAPSHOT].mandatoryIvyDeps 
[1A[2K[9999D[27/72] requests[3.3.1-RC1-bin-SNAPSHOT].transitiveIvyDeps 
[1A[2K[9999D[28/72] requests[3.3.1-RC1-bin-SNAPSHOT].resolvedIvyDeps 
[1A[2K[9999D[29/72] requests[3.3.1-RC1-bin-SNAPSHOT].compileClasspath 
[1A[2K[9999D[30/72] requests[3.3.1-RC1-bin-SNAPSHOT].javacOptions 
[1A[2K[9999D[31/72] requests[3.3.1-RC1-bin-SNAPSHOT].mandatoryScalacOptions 
[1A[2K[9999D[32/72] requests[3.3.1-RC1-bin-SNAPSHOT].scalacPluginIvyDeps 
[1A[2K[9999D[33/72] requests[3.3.1-RC1-bin-SNAPSHOT].enablePluginScalacOptions 
[1A[2K[9999D[34/72] requests[3.3.1-RC1-bin-SNAPSHOT].scalacOptions 
[1A[2K[9999D[35/72] requests[3.3.1-RC1-bin-SNAPSHOT].allScalacOptions 
[1A[2K[9999D[36/72] requests[3.3.1-RC1-bin-SNAPSHOT].scalaCompilerClasspath 
[1A[2K[9999D[37/72] requests[3.3.1-RC1-bin-SNAPSHOT].scalacPluginClasspath 
[1A[2K[9999D[38/72] requests[3.3.1-RC1-bin-SNAPSHOT].compile 
[info] compiling 1 Scala source to /Users/y3536zha/Desktop/scala_flexible/scala_flexible_type_with_test_script/community-build/community-projects/requests-scala/out/requests/3.3.1-RC1-bin-SNAPSHOT/compile.dest/classes ...
[warn] there were 3 feature warnings; re-run with -feature for details
[warn] there was 1 deprecation warning; re-run with -deprecation for details
[warn] two warnings found
[info] done compiling
[39/72] requests[3.3.1-RC1-bin-SNAPSHOT].test.upstreamCompileOutput 
[1A[2K[9999D[40/72] requests[3.3.1-RC1-bin-SNAPSHOT].test.sources.overridden.mill.scalalib.JavaModule.sources 
[1A[2K[9999D[41/72] requests[3.3.1-RC1-bin-SNAPSHOT].test.sources 
[1A[2K[9999D[42/72] requests[3.3.1-RC1-bin-SNAPSHOT].test.generatedSources 
[1A[2K[9999D[43/72] requests[3.3.1-RC1-bin-SNAPSHOT].test.allSources 
[1A[2K[9999D[44/72] requests[3.3.1-RC1-bin-SNAPSHOT].test.allSourceFiles 
[1A[2K[9999D[45/72] requests[3.3.1-RC1-bin-SNAPSHOT].localClasspath 
[1A[2K[9999D[46/72] requests[3.3.1-RC1-bin-SNAPSHOT].test.transitiveLocalClasspath 
[1A[2K[9999D[47/72] requests[3.3.1-RC1-bin-SNAPSHOT].test.unmanagedClasspath 
[1A[2K[9999D[48/72] requests[3.3.1-RC1-bin-SNAPSHOT].test.platformSuffix 
[1A[2K[9999D[49/72] requests[3.3.1-RC1-bin-SNAPSHOT].test.compileIvyDeps 
[1A[2K[9999D[50/72] requests[3.3.1-RC1-bin-SNAPSHOT].test.transitiveCompileIvyDeps 
[1A[2K[9999D[51/72] requests[3.3.1-RC1-bin-SNAPSHOT].test.ivyDeps 
[1A[2K[9999D[52/72] requests[3.3.1-RC1-bin-SNAPSHOT].test.mandatoryIvyDeps.overridden.mill.scalalib.JavaModule.mandatoryIvyDeps 
[1A[2K[9999D[53/72] requests[3.3.1-RC1-bin-SNAPSHOT].test.scalaOrganization 
[1A[2K[9999D[54/72] requests[3.3.1-RC1-bin-SNAPSHOT].test.scalaLibraryIvyDeps 
[1A[2K[9999D[55/72] requests[3.3.1-RC1-bin-SNAPSHOT].test.mandatoryIvyDeps 
[1A[2K[9999D[56/72] requests[3.3.1-RC1-bin-SNAPSHOT].test.transitiveIvyDeps 
[1A[2K[9999D[57/72] requests[3.3.1-RC1-bin-SNAPSHOT].test.resolvedIvyDeps 
[1A[2K[9999D[58/72] requests[3.3.1-RC1-bin-SNAPSHOT].test.compileClasspath 
[1A[2K[9999D[59/72] requests[3.3.1-RC1-bin-SNAPSHOT].test.enablePluginScalacOptions 
[1A[2K[9999D[60/72] requests[3.3.1-RC1-bin-SNAPSHOT].test.allScalacOptions 
[1A[2K[9999D[61/72] requests[3.3.1-RC1-bin-SNAPSHOT].test.scalaCompilerClasspath 
[1A[2K[9999D[62/72] requests[3.3.1-RC1-bin-SNAPSHOT].test.compile 
[1A[2K[9999D[63/72] requests[3.3.1-RC1-bin-SNAPSHOT].test.localClasspath 
[1A[2K[9999D[64/72] requests[3.3.1-RC1-bin-SNAPSHOT].test.runIvyDeps 
[1A[2K[9999D[65/72] requests[3.3.1-RC1-bin-SNAPSHOT].test.resolvedRunIvyDeps 
[1A[2K[9999D[66/72] requests[3.3.1-RC1-bin-SNAPSHOT].test.upstreamAssemblyClasspath 
[1A[2K[9999D[67/72] requests[3.3.1-RC1-bin-SNAPSHOT].test.runClasspath 
[1A[2K[9999D[69/72] requests[3.3.1-RC1-bin-SNAPSHOT].test.forkEnv.overridden.mill.scalalib.JavaModule.forkEnv 
[1A[2K[9999D[70/72] requests[3.3.1-RC1-bin-SNAPSHOT].test.forkEnv 
[1A[2K[9999D[71/72] requests[3.3.1-RC1-bin-SNAPSHOT].test.forkWorkingDir 
[1A[2K[9999D[72/72] requests[3.3.1-RC1-bin-SNAPSHOT].test.test 
[32m[SUCCESS requests-scala][0m
[32m[requests-scala DONE RUNNING][0m
[info] Test run dotty.communitybuild.CommunityBuildTestC finished: 0 failed, 0 ignored, 1 total, 76.777s
[info] Test run dotty.communitybuild.CommunityBuildTestB started
[info] Test run dotty.communitybuild.CommunityBuildTestB finished: 0 failed, 0 ignored, 0 total, 0.001s
[info] Passed: Total 1, Failed 0, Errors 0, Passed 1
[success] Total time: 109 s (01:49), completed Jun 21, 2023, 8:59:12 PM
