[info] welcome to sbt 1.8.0 (AdoptOpenJDK Java 1.8.0_292)
[info] loading global plugins from /Users/yixing/.sbt/1.0/plugins
[info] loading settings for project scala_flexible_type_with_test_script-build-build from build.sbt ...
[info] loading project definition from /Users/yixing/Desktop/scala_flexible/scala_flexible_type_with_test_script/project/project
[info] loading settings for project scala_flexible_type_with_test_script-build from build.sbt,plugins.sbt ...
[info] loading project definition from /Users/yixing/Desktop/scala_flexible/scala_flexible_type_with_test_script/project
[info] loading settings for project scala3 from build.sbt ...
[info] resolving key references (31394 settings) ...
[info] set current project to scala3 (in build file:/Users/yixing/Desktop/scala_flexible/scala_flexible_type_with_test_script/)
SLF4J: No SLF4J providers were found.
SLF4J: Defaulting to no-operation (NOP) logger implementation
SLF4J: See https://www.slf4j.org/codes.html#noProviders for further details.
SLF4J: Class path contains SLF4J bindings targeting slf4j-api versions 1.7.x or earlier.
SLF4J: Ignoring binding found at [jar:file:/Users/yixing/.sbt/boot/scala-2.12.17/org.scala-sbt/sbt/1.8.0/log4j-slf4j-impl-2.17.1.jar!/org/slf4j/impl/StaticLoggerBinder.class]
SLF4J: See https://www.slf4j.org/codes.html#ignoredBindings for an explanation.
[info] Wrote /Users/yixing/Desktop/scala_flexible/scala_flexible_type_with_test_script/library/../out/bootstrap/scala3-library-bootstrapped/scala-3.3.1-RC1-bin-SNAPSHOT-nonbootstrapped/scala3-library_3-3.3.1-RC1-bin-SNAPSHOT.pom
[info] Wrote /Users/yixing/Desktop/scala_flexible/scala_flexible_type_with_test_script/sbt-community-build/target/scala-2.12/sbt-1.0/sbt-community-build-0.1.0-SNAPSHOT.pom
[info] Wrote /Users/yixing/Desktop/scala_flexible/scala_flexible_type_with_test_script/library-js/../out/bootstrap/scala3-library-bootstrappedJS/scala-3.3.1-RC1-bin-SNAPSHOT-nonbootstrapped/scala3-library_sjs1_3-3.3.1-RC1-bin-SNAPSHOT.pom
[info] Wrote /Users/yixing/Desktop/scala_flexible/scala_flexible_type_with_test_script/interfaces/target/scala3-interfaces-3.3.1-RC1-bin-SNAPSHOT.pom
[info] Wrote /Users/yixing/Desktop/scala_flexible/scala_flexible_type_with_test_script/tasty/../out/bootstrap/tasty-core-bootstrapped/scala-3.3.1-RC1-bin-SNAPSHOT-nonbootstrapped/tasty-core_3-3.3.1-RC1-bin-SNAPSHOT.pom
[info] Wrote /Users/yixing/Desktop/scala_flexible/scala_flexible_type_with_test_script/compiler/../out/bootstrap/scala3-compiler-bootstrapped/scala-3.3.1-RC1-bin-SNAPSHOT-nonbootstrapped/scala3-compiler_3-3.3.1-RC1-bin-SNAPSHOT.pom
[info] Wrote /Users/yixing/Desktop/scala_flexible/scala_flexible_type_with_test_script/tasty-inspector/../out/bootstrap/scala3-tasty-inspector/scala-3.3.1-RC1-bin-SNAPSHOT-nonbootstrapped/scala3-tasty-inspector_3-3.3.1-RC1-bin-SNAPSHOT.pom
[info] Wrote /Users/yixing/Desktop/scala_flexible/scala_flexible_type_with_test_script/sbt-bridge/src/target/scala3-sbt-bridge-3.3.1-RC1-bin-SNAPSHOT.pom
[info] Wrote /Users/yixing/Desktop/scala_flexible/scala_flexible_type_with_test_script/scaladoc/../out/bootstrap/scaladoc/scala-3.3.1-RC1-bin-SNAPSHOT-nonbootstrapped/scaladoc_3-3.3.1-RC1-bin-SNAPSHOT.pom
[info] :: delivering :: org.scala-lang#scala3-interfaces;3.3.1-RC1-bin-SNAPSHOT :: 3.3.1-RC1-bin-SNAPSHOT :: integration :: Thu Jun 29 07:34:29 EDT 2023
[info] 	delivering ivy file to /Users/yixing/Desktop/scala_flexible/scala_flexible_type_with_test_script/interfaces/target/ivy-3.3.1-RC1-bin-SNAPSHOT.xml
[info] :: delivering :: ch.epfl.lamp#sbt-community-build;0.1.0-SNAPSHOT :: 0.1.0-SNAPSHOT :: integration :: Thu Jun 29 07:34:29 EDT 2023
[info] 	delivering ivy file to /Users/yixing/Desktop/scala_flexible/scala_flexible_type_with_test_script/sbt-community-build/target/scala-2.12/sbt-1.0/ivy-0.1.0-SNAPSHOT.xml
[info] 	published scala3-interfaces to /Users/yixing/.ivy2/local/org.scala-lang/scala3-interfaces/3.3.1-RC1-bin-SNAPSHOT/poms/scala3-interfaces.pom
[info] 	published scala3-interfaces to /Users/yixing/.ivy2/local/org.scala-lang/scala3-interfaces/3.3.1-RC1-bin-SNAPSHOT/jars/scala3-interfaces.jar
[info] 	published scala3-interfaces to /Users/yixing/.ivy2/local/org.scala-lang/scala3-interfaces/3.3.1-RC1-bin-SNAPSHOT/srcs/scala3-interfaces-sources.jar
[info] 	published scala3-interfaces to /Users/yixing/.ivy2/local/org.scala-lang/scala3-interfaces/3.3.1-RC1-bin-SNAPSHOT/docs/scala3-interfaces-javadoc.jar
[info] 	published ivy to /Users/yixing/.ivy2/local/org.scala-lang/scala3-interfaces/3.3.1-RC1-bin-SNAPSHOT/ivys/ivy.xml
[info] 	published sbt-community-build to /Users/yixing/.ivy2/local/ch.epfl.lamp/sbt-community-build/scala_2.12/sbt_1.0/0.1.0-SNAPSHOT/poms/sbt-community-build.pom
[info] 	published sbt-community-build to /Users/yixing/.ivy2/local/ch.epfl.lamp/sbt-community-build/scala_2.12/sbt_1.0/0.1.0-SNAPSHOT/jars/sbt-community-build.jar
[info] 	published sbt-community-build to /Users/yixing/.ivy2/local/ch.epfl.lamp/sbt-community-build/scala_2.12/sbt_1.0/0.1.0-SNAPSHOT/srcs/sbt-community-build-sources.jar
[info] 	published sbt-community-build to /Users/yixing/.ivy2/local/ch.epfl.lamp/sbt-community-build/scala_2.12/sbt_1.0/0.1.0-SNAPSHOT/docs/sbt-community-build-javadoc.jar
[info] 	published ivy to /Users/yixing/.ivy2/local/ch.epfl.lamp/sbt-community-build/scala_2.12/sbt_1.0/0.1.0-SNAPSHOT/ivys/ivy.xml
[info] :: delivering :: org.scala-lang#scala3-sbt-bridge;3.3.1-RC1-bin-SNAPSHOT :: 3.3.1-RC1-bin-SNAPSHOT :: integration :: Thu Jun 29 07:34:33 EDT 2023
[info] 	delivering ivy file to /Users/yixing/Desktop/scala_flexible/scala_flexible_type_with_test_script/sbt-bridge/src/target/ivy-3.3.1-RC1-bin-SNAPSHOT.xml
[info] 	published scala3-sbt-bridge to /Users/yixing/.ivy2/local/org.scala-lang/scala3-sbt-bridge/3.3.1-RC1-bin-SNAPSHOT/poms/scala3-sbt-bridge.pom
[info] 	published scala3-sbt-bridge to /Users/yixing/.ivy2/local/org.scala-lang/scala3-sbt-bridge/3.3.1-RC1-bin-SNAPSHOT/jars/scala3-sbt-bridge.jar
[info] 	published scala3-sbt-bridge to /Users/yixing/.ivy2/local/org.scala-lang/scala3-sbt-bridge/3.3.1-RC1-bin-SNAPSHOT/srcs/scala3-sbt-bridge-sources.jar
[info] 	published scala3-sbt-bridge to /Users/yixing/.ivy2/local/org.scala-lang/scala3-sbt-bridge/3.3.1-RC1-bin-SNAPSHOT/docs/scala3-sbt-bridge-javadoc.jar
[info] 	published ivy to /Users/yixing/.ivy2/local/org.scala-lang/scala3-sbt-bridge/3.3.1-RC1-bin-SNAPSHOT/ivys/ivy.xml
[info] :: delivering :: org.scala-lang#tasty-core_3;3.3.1-RC1-bin-SNAPSHOT :: 3.3.1-RC1-bin-SNAPSHOT :: integration :: Thu Jun 29 07:34:39 EDT 2023
[info] 	delivering ivy file to /Users/yixing/Desktop/scala_flexible/scala_flexible_type_with_test_script/out/bootstrap/tasty-core-bootstrapped/scala-3.3.1-RC1-bin-SNAPSHOT-nonbootstrapped/ivy-3.3.1-RC1-bin-SNAPSHOT.xml
[info] 	published tasty-core_3 to /Users/yixing/.ivy2/local/org.scala-lang/tasty-core_3/3.3.1-RC1-bin-SNAPSHOT/poms/tasty-core_3.pom
[info] 	published tasty-core_3 to /Users/yixing/.ivy2/local/org.scala-lang/tasty-core_3/3.3.1-RC1-bin-SNAPSHOT/jars/tasty-core_3.jar
[info] 	published tasty-core_3 to /Users/yixing/.ivy2/local/org.scala-lang/tasty-core_3/3.3.1-RC1-bin-SNAPSHOT/srcs/tasty-core_3-sources.jar
[info] 	published tasty-core_3 to /Users/yixing/.ivy2/local/org.scala-lang/tasty-core_3/3.3.1-RC1-bin-SNAPSHOT/docs/tasty-core_3-javadoc.jar
[info] 	published ivy to /Users/yixing/.ivy2/local/org.scala-lang/tasty-core_3/3.3.1-RC1-bin-SNAPSHOT/ivys/ivy.xml
[info] Main Scala API documentation to /Users/yixing/Desktop/scala_flexible/scala_flexible_type_with_test_script/library-js/../out/bootstrap/scala3-library-bootstrappedJS/scala-3.3.1-RC1-bin-SNAPSHOT-nonbootstrapped/api...
[info] Main Scala API documentation to /Users/yixing/Desktop/scala_flexible/scala_flexible_type_with_test_script/library/../out/bootstrap/scala3-library-bootstrapped/scala-3.3.1-RC1-bin-SNAPSHOT-nonbootstrapped/api...
[info] :: delivering :: org.scala-lang#scala3-tasty-inspector_3;3.3.1-RC1-bin-SNAPSHOT :: 3.3.1-RC1-bin-SNAPSHOT :: integration :: Thu Jun 29 07:34:40 EDT 2023
[info] 	delivering ivy file to /Users/yixing/Desktop/scala_flexible/scala_flexible_type_with_test_script/out/bootstrap/scala3-tasty-inspector/scala-3.3.1-RC1-bin-SNAPSHOT-nonbootstrapped/ivy-3.3.1-RC1-bin-SNAPSHOT.xml
[info] 	published scala3-tasty-inspector_3 to /Users/yixing/.ivy2/local/org.scala-lang/scala3-tasty-inspector_3/3.3.1-RC1-bin-SNAPSHOT/poms/scala3-tasty-inspector_3.pom
[info] 	published scala3-tasty-inspector_3 to /Users/yixing/.ivy2/local/org.scala-lang/scala3-tasty-inspector_3/3.3.1-RC1-bin-SNAPSHOT/jars/scala3-tasty-inspector_3.jar
[info] 	published scala3-tasty-inspector_3 to /Users/yixing/.ivy2/local/org.scala-lang/scala3-tasty-inspector_3/3.3.1-RC1-bin-SNAPSHOT/srcs/scala3-tasty-inspector_3-sources.jar
[info] 	published scala3-tasty-inspector_3 to /Users/yixing/.ivy2/local/org.scala-lang/scala3-tasty-inspector_3/3.3.1-RC1-bin-SNAPSHOT/docs/scala3-tasty-inspector_3-javadoc.jar
[info] 	published ivy to /Users/yixing/.ivy2/local/org.scala-lang/scala3-tasty-inspector_3/3.3.1-RC1-bin-SNAPSHOT/ivys/ivy.xml
[info] :: delivering :: org.scala-lang#scaladoc_3;3.3.1-RC1-bin-SNAPSHOT :: 3.3.1-RC1-bin-SNAPSHOT :: integration :: Thu Jun 29 07:34:40 EDT 2023
[info] 	delivering ivy file to /Users/yixing/Desktop/scala_flexible/scala_flexible_type_with_test_script/out/bootstrap/scaladoc/scala-3.3.1-RC1-bin-SNAPSHOT-nonbootstrapped/ivy-3.3.1-RC1-bin-SNAPSHOT.xml
[info] 	published scaladoc_3 to /Users/yixing/.ivy2/local/org.scala-lang/scaladoc_3/3.3.1-RC1-bin-SNAPSHOT/poms/scaladoc_3.pom
[info] 	published scaladoc_3 to /Users/yixing/.ivy2/local/org.scala-lang/scaladoc_3/3.3.1-RC1-bin-SNAPSHOT/jars/scaladoc_3.jar
[info] 	published scaladoc_3 to /Users/yixing/.ivy2/local/org.scala-lang/scaladoc_3/3.3.1-RC1-bin-SNAPSHOT/srcs/scaladoc_3-sources.jar
[info] 	published scaladoc_3 to /Users/yixing/.ivy2/local/org.scala-lang/scaladoc_3/3.3.1-RC1-bin-SNAPSHOT/docs/scaladoc_3-javadoc.jar
[info] 	published ivy to /Users/yixing/.ivy2/local/org.scala-lang/scaladoc_3/3.3.1-RC1-bin-SNAPSHOT/ivys/ivy.xml
[info] :: delivering :: org.scala-lang#scala3-compiler_3;3.3.1-RC1-bin-SNAPSHOT :: 3.3.1-RC1-bin-SNAPSHOT :: integration :: Thu Jun 29 07:34:41 EDT 2023
[info] 	delivering ivy file to /Users/yixing/Desktop/scala_flexible/scala_flexible_type_with_test_script/out/bootstrap/scala3-compiler-bootstrapped/scala-3.3.1-RC1-bin-SNAPSHOT-nonbootstrapped/ivy-3.3.1-RC1-bin-SNAPSHOT.xml
[info] 	published scala3-compiler_3 to /Users/yixing/.ivy2/local/org.scala-lang/scala3-compiler_3/3.3.1-RC1-bin-SNAPSHOT/poms/scala3-compiler_3.pom
[warn] Setting -skip-by-regex set to .+\.internal($|\..+) redundantly
[warn] Setting -skip-by-regex set to .+\.impl($|\..+) redundantly
[warn] Flag -project-logo set repeatedly
[warn] Setting -social-links set to github::https://github.com/lampepfl/dotty redundantly
[warn] Setting -social-links set to discord::https://discord.com/invite/scala redundantly
[warn] Setting -social-links set to twitter::https://twitter.com/scala_lang redundantly
[warn] Setting -skip-by-id set to scala.runtime.stdLibPatches redundantly
[warn] Setting -skip-by-id set to scala.runtime.MatchCase redundantly
[warn] Flag -project-footer set repeatedly
[warn] Flag -author set repeatedly
[warn] Flag -groups set repeatedly
[warn] Flag -default-template set repeatedly
[warn] Setting -external-mappings set to .*scala/.*::scaladoc3::https://dotty.epfl.ch/api/ redundantly
[warn] Setting -external-mappings set to .*java/.*::javadoc::https://docs.oracle.com/javase/8/docs/api/ redundantly
[warn] bad option '-project-version 3.3.1-RC1-bin-SNAPSHOT' was ignored
[warn] Setting -skip-by-regex set to .+\.internal($|\..+) redundantly
[warn] Setting -skip-by-regex set to .+\.impl($|\..+) redundantly
[warn] Setting -skip-by-id set to scala.runtime.stdLibPatches redundantly
[warn] Setting -skip-by-id set to scala.runtime.MatchCase redundantly
[warn] bad option '-project-logo docs/_assets/images/logo.svg' was ignored
[warn] Setting -social-links set to github::https://github.com/lampepfl/dotty redundantly
[warn] Setting -social-links set to discord::https://discord.com/invite/scala redundantly
[warn] Setting -social-links set to twitter::https://twitter.com/scala_lang redundantly
[warn] bad option '-project-footer "Copyright (c) 2002-2023, LAMP/EPFL"' was ignored
[warn] bad option '-default-template static-site-main' was ignored
[warn] Flag -author set repeatedly
[warn] Flag -groups set repeatedly
[warn] bad option '-project-version 3.3.1-RC1-bin-SNAPSHOT' was ignored
[warn] Setting -skip-by-regex set to .+\.internal($|\..+) redundantly
[warn] Setting -skip-by-regex set to .+\.impl($|\..+) redundantly
[warn] Setting -skip-by-id set to scala.runtime.stdLibPatches redundantly
[warn] Setting -skip-by-id set to scala.runtime.MatchCase redundantly
[warn] bad option '-project-logo docs/_assets/images/logo.svg' was ignored
[warn] Setting -social-links set to github::https://github.com/lampepfl/dotty redundantly
[warn] Setting -social-links set to discord::https://discord.com/invite/scala redundantly
[warn] Setting -social-links set to twitter::https://twitter.com/scala_lang redundantly
[warn] bad option '-project-footer "Copyright (c) 2002-2023, LAMP/EPFL"' was ignored
[warn] bad option '-default-template static-site-main' was ignored
[warn] Flag -author set repeatedly
[warn] Flag -groups set repeatedly
[info] Skipping unused scalacOptions: -Werror, -Yno-experimental, -Yexplicit-nulls
[info] Skipping unused scalacOptions: -Werror, -Yno-experimental, -Yexplicit-nulls
[info] 	published scala3-compiler_3 to /Users/yixing/.ivy2/local/org.scala-lang/scala3-compiler_3/3.3.1-RC1-bin-SNAPSHOT/jars/scala3-compiler_3.jar
[info] 	published scala3-compiler_3 to /Users/yixing/.ivy2/local/org.scala-lang/scala3-compiler_3/3.3.1-RC1-bin-SNAPSHOT/srcs/scala3-compiler_3-sources.jar
[info] 	published scala3-compiler_3 to /Users/yixing/.ivy2/local/org.scala-lang/scala3-compiler_3/3.3.1-RC1-bin-SNAPSHOT/docs/scala3-compiler_3-javadoc.jar
[info] 	published ivy to /Users/yixing/.ivy2/local/org.scala-lang/scala3-compiler_3/3.3.1-RC1-bin-SNAPSHOT/ivys/ivy.xml
[warn] -- Warning: library/src/scala/util/FromDigits.scala:21:6 -----------------------
[warn] 21 |  def fromDigits(digits: String): T
[warn]    |      ^
[warn]    |      No DRI found for query: MalformedNumber
[warn] -- Warning: library/src/scala/util/FromDigits.scala:21:6 -----------------------
[warn] 21 |  def fromDigits(digits: String): T
[warn]    |      ^
[warn]    |      No DRI found for query: MalformedNumber
[error] -- [E069] Naming Error: /Users/yixing/Desktop/scala_flexible/scala_flexible_type_with_test_script/library/src/scala/IArray.scala:13:7 
[error] 13 |object IArray:
[error]    |       ^
[error]    |object IArray cannot have the same name as object IArray in package scala -- cannot define object member with the same name as a object member in self reference _.
[error]    |(Note: this can be resolved by using another name)
[error] -- [E069] Naming Error: /Users/yixing/Desktop/scala_flexible/scala_flexible_type_with_test_script/library/src/scala/IArray.scala:13:7 
[error] 13 |object IArray:
[error]    |       ^
[error]    |object IArray cannot have the same name as object IArray in package scala -- cannot define object member with the same name as a object member in self reference _.
[error]    |(Note: this can be resolved by using another name)
[warn] 28 warnings found
[error] one error found
[warn] 14 warnings found
[error] one error found
[info] :: delivering :: org.scala-lang#scala3-library_sjs1_3;3.3.1-RC1-bin-SNAPSHOT :: 3.3.1-RC1-bin-SNAPSHOT :: integration :: Thu Jun 29 07:35:21 EDT 2023
[info] 	delivering ivy file to /Users/yixing/Desktop/scala_flexible/scala_flexible_type_with_test_script/out/bootstrap/scala3-library-bootstrappedJS/scala-3.3.1-RC1-bin-SNAPSHOT-nonbootstrapped/ivy-3.3.1-RC1-bin-SNAPSHOT.xml
[info] 	published scala3-library_sjs1_3 to /Users/yixing/.ivy2/local/org.scala-lang/scala3-library_sjs1_3/3.3.1-RC1-bin-SNAPSHOT/poms/scala3-library_sjs1_3.pom
[info] 	published scala3-library_sjs1_3 to /Users/yixing/.ivy2/local/org.scala-lang/scala3-library_sjs1_3/3.3.1-RC1-bin-SNAPSHOT/jars/scala3-library_sjs1_3.jar
[info] 	published scala3-library_sjs1_3 to /Users/yixing/.ivy2/local/org.scala-lang/scala3-library_sjs1_3/3.3.1-RC1-bin-SNAPSHOT/srcs/scala3-library_sjs1_3-sources.jar
[info] 	published scala3-library_sjs1_3 to /Users/yixing/.ivy2/local/org.scala-lang/scala3-library_sjs1_3/3.3.1-RC1-bin-SNAPSHOT/docs/scala3-library_sjs1_3-javadoc.jar
[info] 	published ivy to /Users/yixing/.ivy2/local/org.scala-lang/scala3-library_sjs1_3/3.3.1-RC1-bin-SNAPSHOT/ivys/ivy.xml
[info] :: delivering :: org.scala-lang#scala3-library_3;3.3.1-RC1-bin-SNAPSHOT :: 3.3.1-RC1-bin-SNAPSHOT :: integration :: Thu Jun 29 07:35:21 EDT 2023
[info] 	delivering ivy file to /Users/yixing/Desktop/scala_flexible/scala_flexible_type_with_test_script/out/bootstrap/scala3-library-bootstrapped/scala-3.3.1-RC1-bin-SNAPSHOT-nonbootstrapped/ivy-3.3.1-RC1-bin-SNAPSHOT.xml
[info] 	published scala3-library_3 to /Users/yixing/.ivy2/local/org.scala-lang/scala3-library_3/3.3.1-RC1-bin-SNAPSHOT/poms/scala3-library_3.pom
[info] 	published scala3-library_3 to /Users/yixing/.ivy2/local/org.scala-lang/scala3-library_3/3.3.1-RC1-bin-SNAPSHOT/jars/scala3-library_3.jar
[info] 	published scala3-library_3 to /Users/yixing/.ivy2/local/org.scala-lang/scala3-library_3/3.3.1-RC1-bin-SNAPSHOT/srcs/scala3-library_3-sources.jar
[info] 	published scala3-library_3 to /Users/yixing/.ivy2/local/org.scala-lang/scala3-library_3/3.3.1-RC1-bin-SNAPSHOT/docs/scala3-library_3-javadoc.jar
[info] 	published ivy to /Users/yixing/.ivy2/local/org.scala-lang/scala3-library_3/3.3.1-RC1-bin-SNAPSHOT/ivys/ivy.xml
[info] Test run dotty.communitybuild.CommunityBuildTestA started
[info] Test run dotty.communitybuild.CommunityBuildTestA finished: 0 failed, 0 ignored, 0 total, 0.001s
[info] Test run dotty.communitybuild.CommunityBuildTestC started
[info] Test dotty.communitybuild.CommunityBuildTestC.shapeless started
[32m[STARTING shapeless][0m
[32m[DEPENDENCIES DONE, NOW ACTUALLY RUNNING shapeless][0m
[32mBuilding shapeless with dotty-bootstrapped 3.3.1-RC1-bin-SNAPSHOT...[0m
[32msbt -sbt-version 1.8.0 -Dsbt.supershell=false -Ddotty.communitybuild.dir=/Users/yixing/Desktop/scala_flexible/scala_flexible_type_with_test_script/community-build --addPluginSbtFile=/Users/yixing/Desktop/scala_flexible/scala_flexible_type_with_test_script/community-build/sbt-injected-plugins set Global/testOptions += Tests.Argument(TestFramework("munit.Framework"), "+l"); clean; set Global/logLevel := Level.Error; set Global/updateOptions ~= (_.withLatestSnapshots(false)); set Global/scalacOptions ++= List("-Yflexible-types");++3.3.1-RC1-bin-SNAPSHOT!; set deriving/scalacOptions -= "-Xfatal-warnings"; set typeable/scalacOptions -= "-Xfatal-warnings"; test[0m
[0m[[0m[0minfo[0m] [0m[0mwelcome to sbt 1.8.0 (AdoptOpenJDK Java 1.8.0_292)[0m
[0m[[0m[0minfo[0m] [0m[0mloading global plugins from /Users/yixing/.sbt/1.0/plugins[0m
[0m[[0m[0minfo[0m] [0m[0mloading settings for project shapeless-build from plugins.sbt,sbt-injected-plugins ...[0m
[0m[[0m[0minfo[0m] [0m[0mloading project definition from /Users/yixing/Desktop/scala_flexible/scala_flexible_type_with_test_script/community-build/community-projects/shapeless/project[0m
[0m[[0m[0minfo[0m] [0m[0mloading settings for project root from build.sbt ...[0m
[0m[[0m[0minfo[0m] [0m[0mLoading dependency tracking file /Users/yixing/Desktop/scala_flexible/scala_flexible_type_with_test_script/community-build/dotty-community-build-deps[0m
[0m[[0m[0minfo[0m] [0m[0mDependency tracking file /Users/yixing/Desktop/scala_flexible/scala_flexible_type_with_test_script/community-build/dotty-community-build-deps does not exist[0m
SLF4J: No SLF4J providers were found.
SLF4J: Defaulting to no-operation (NOP) logger implementation
SLF4J: See https://www.slf4j.org/codes.html#noProviders for further details.
SLF4J: Class path contains SLF4J bindings targeting slf4j-api versions 1.7.x or earlier.
SLF4J: Ignoring binding found at [jar:file:/Users/yixing/.sbt/boot/scala-2.12.17/org.scala-sbt/sbt/1.8.0/log4j-slf4j-impl-2.17.1.jar!/org/slf4j/impl/StaticLoggerBinder.class]
SLF4J: See https://www.slf4j.org/codes.html#ignoredBindings for an explanation.
[0m[[0m[0minfo[0m] [0m[0mset current project to root (in build file:/Users/yixing/Desktop/scala_flexible/scala_flexible_type_with_test_script/community-build/community-projects/shapeless/)[0m
[0m[[0m[0minfo[0m] [0m[0mDefining Global / testOptions[0m
[0m[[0m[0minfo[0m] [0m[0mThe new value will be used by Test / test / testOptions, Test / testOnly / testOptions and 15 others.[0m
[0m[[0m[0minfo[0m] [0m[0m	Run `last` for details.[0m
[0m[[0m[0minfo[0m] [0m[0mReapplying settings...[0m
[0m[[0m[0minfo[0m] [0m[0mLoading dependency tracking file /Users/yixing/Desktop/scala_flexible/scala_flexible_type_with_test_script/community-build/dotty-community-build-deps[0m
[0m[[0m[0minfo[0m] [0m[0mDependency tracking file /Users/yixing/Desktop/scala_flexible/scala_flexible_type_with_test_script/community-build/dotty-community-build-deps does not exist[0m
[0m[[0m[0minfo[0m] [0m[0mset current project to root (in build file:/Users/yixing/Desktop/scala_flexible/scala_flexible_type_with_test_script/community-build/community-projects/shapeless/)[0m
[0m[[0m[32msuccess[0m] [0m[0mTotal time: 0 s, completed Jun 29, 2023 7:35:58 AM[0m
[0m[[0m[0minfo[0m] [0m[0mDefining Global / logLevel[0m
[0m[[0m[0minfo[0m] [0m[0mThe new value will be used by Test / test / testListeners, Test / testOnly / testListeners and 45 others.[0m
[0m[[0m[0minfo[0m] [0m[0m	Run `last` for details.[0m
[0m[[0m[0minfo[0m] [0m[0mReapplying settings...[0m
[0m[[0m[0minfo[0m] [0m[0mLoading dependency tracking file /Users/yixing/Desktop/scala_flexible/scala_flexible_type_with_test_script/community-build/dotty-community-build-deps[0m
[0m[[0m[0minfo[0m] [0m[0mDependency tracking file /Users/yixing/Desktop/scala_flexible/scala_flexible_type_with_test_script/community-build/dotty-community-build-deps does not exist[0m
[0m[[0m[0minfo[0m] [0m[0mset current project to root (in build file:/Users/yixing/Desktop/scala_flexible/scala_flexible_type_with_test_script/community-build/community-projects/shapeless/)[0m
[0m[[0m[0minfo[0m] [0m[0mDefining Global / updateOptions[0m
[0m[[0m[0minfo[0m] [0m[0mThe new value will be used by ThisBuild / updateOptions[0m
[0m[[0m[0minfo[0m] [0m[0mReapplying settings...[0m
[0m[[0m[0minfo[0m] [0m[0mLoading dependency tracking file /Users/yixing/Desktop/scala_flexible/scala_flexible_type_with_test_script/community-build/dotty-community-build-deps[0m
[0m[[0m[0minfo[0m] [0m[0mDependency tracking file /Users/yixing/Desktop/scala_flexible/scala_flexible_type_with_test_script/community-build/dotty-community-build-deps does not exist[0m
[0m[[0m[0minfo[0m] [0m[0mset current project to root (in build file:/Users/yixing/Desktop/scala_flexible/scala_flexible_type_with_test_script/community-build/community-projects/shapeless/)[0m
[0m[[0m[0minfo[0m] [0m[0mDefining Global / scalacOptions[0m
[0m[[0m[0minfo[0m] [0m[0mThe new value will be used by data / scalacOptions, deriving / scalacOptions and 3 others.[0m
[0m[[0m[0minfo[0m] [0m[0m	Run `last` for details.[0m
[0m[[0m[0minfo[0m] [0m[0mReapplying settings...[0m
[0m[[0m[0minfo[0m] [0m[0mLoading dependency tracking file /Users/yixing/Desktop/scala_flexible/scala_flexible_type_with_test_script/community-build/dotty-community-build-deps[0m
[0m[[0m[0minfo[0m] [0m[0mDependency tracking file /Users/yixing/Desktop/scala_flexible/scala_flexible_type_with_test_script/community-build/dotty-community-build-deps does not exist[0m
[0m[[0m[0minfo[0m] [0m[0mset current project to root (in build file:/Users/yixing/Desktop/scala_flexible/scala_flexible_type_with_test_script/community-build/community-projects/shapeless/)[0m
[0m[[0m[0minfo[0m] [0m[0mForcing Scala version to 3.3.1-RC1-bin-SNAPSHOT on all projects.[0m
[0m[[0m[0minfo[0m] [0m[0mReapplying settings...[0m
[0m[[0m[0minfo[0m] [0m[0mLoading dependency tracking file /Users/yixing/Desktop/scala_flexible/scala_flexible_type_with_test_script/community-build/dotty-community-build-deps[0m
[0m[[0m[0minfo[0m] [0m[0mDependency tracking file /Users/yixing/Desktop/scala_flexible/scala_flexible_type_with_test_script/community-build/dotty-community-build-deps does not exist[0m
[0m[[0m[0minfo[0m] [0m[0mset current project to root (in build file:/Users/yixing/Desktop/scala_flexible/scala_flexible_type_with_test_script/community-build/community-projects/shapeless/)[0m
[0m[[0m[0minfo[0m] [0m[0mDefining deriving / scalacOptions[0m
[0m[[0m[0minfo[0m] [0m[0mThe new value will be used by deriving / Compile / scalacOptions[0m
[0m[[0m[0minfo[0m] [0m[0mReapplying settings...[0m
[0m[[0m[0minfo[0m] [0m[0mLoading dependency tracking file /Users/yixing/Desktop/scala_flexible/scala_flexible_type_with_test_script/community-build/dotty-community-build-deps[0m
[0m[[0m[0minfo[0m] [0m[0mDependency tracking file /Users/yixing/Desktop/scala_flexible/scala_flexible_type_with_test_script/community-build/dotty-community-build-deps does not exist[0m
[0m[[0m[0minfo[0m] [0m[0mset current project to root (in build file:/Users/yixing/Desktop/scala_flexible/scala_flexible_type_with_test_script/community-build/community-projects/shapeless/)[0m
[0m[[0m[0minfo[0m] [0m[0mDefining typeable / scalacOptions[0m
[0m[[0m[0minfo[0m] [0m[0mThe new value will be used by typeable / Compile / scalacOptions[0m
[0m[[0m[0minfo[0m] [0m[0mReapplying settings...[0m
[0m[[0m[0minfo[0m] [0m[0mLoading dependency tracking file /Users/yixing/Desktop/scala_flexible/scala_flexible_type_with_test_script/community-build/dotty-community-build-deps[0m
[0m[[0m[0minfo[0m] [0m[0mDependency tracking file /Users/yixing/Desktop/scala_flexible/scala_flexible_type_with_test_script/community-build/dotty-community-build-deps does not exist[0m
[0m[[0m[0minfo[0m] [0m[0mset current project to root (in build file:/Users/yixing/Desktop/scala_flexible/scala_flexible_type_with_test_script/community-build/community-projects/shapeless/)[0m
[0m[[0m[32msuccess[0m] [0m[0mTotal time: 38 s, completed Jun 29, 2023 7:36:44 AM[0m
[0J[32m[SUCCESS shapeless][0m
[32m[shapeless DONE RUNNING][0m
[info] Test run dotty.communitybuild.CommunityBuildTestC finished: 0 failed, 0 ignored, 1 total, 82.013s
[info] Test run dotty.communitybuild.CommunityBuildTestB started
[info] Test run dotty.communitybuild.CommunityBuildTestB finished: 0 failed, 0 ignored, 0 total, 0.0s
[info] Passed: Total 1, Failed 0, Errors 0, Passed 1
[success] Total time: 138 s (02:18), completed Jun 29, 2023 7:36:45 AM
