[info] welcome to sbt 1.8.0 (Oracle Corporation Java 9.0.4)
[info] loading global plugins from /Users/y3536zha/.sbt/1.0/plugins
[info] loading settings for project scala_flexible_type_with_test_script-build-build from build.sbt ...
[info] loading project definition from /Users/y3536zha/Desktop/scala_flexible_unsafe/scala_flexible_type_with_test_script/project/project
[info] loading settings for project scala_flexible_type_with_test_script-build from build.sbt,plugins.sbt ...
[info] loading project definition from /Users/y3536zha/Desktop/scala_flexible_unsafe/scala_flexible_type_with_test_script/project
[info] loading settings for project scala3 from build.sbt ...
[info] resolving key references (31394 settings) ...
[info] set current project to scala3 (in build file:/Users/y3536zha/Desktop/scala_flexible_unsafe/scala_flexible_type_with_test_script/)
SLF4J: No SLF4J providers were found.
SLF4J: Defaulting to no-operation (NOP) logger implementation
SLF4J: See https://www.slf4j.org/codes.html#noProviders for further details.
SLF4J: Class path contains SLF4J bindings targeting slf4j-api versions 1.7.x or earlier.
SLF4J: Ignoring binding found at [jar:file:/Users/y3536zha/.sbt/boot/scala-2.12.17/org.scala-sbt/sbt/1.8.0/log4j-slf4j-impl-2.17.1.jar!/org/slf4j/impl/StaticLoggerBinder.class]
SLF4J: See https://www.slf4j.org/codes.html#ignoredBindings for an explanation.
[info] Wrote /Users/y3536zha/Desktop/scala_flexible_unsafe/scala_flexible_type_with_test_script/interfaces/target/scala3-interfaces-3.3.1-RC1-bin-SNAPSHOT.pom
[info] Wrote /Users/y3536zha/Desktop/scala_flexible_unsafe/scala_flexible_type_with_test_script/library-js/../out/bootstrap/scala3-library-bootstrappedJS/scala-3.3.1-RC1-bin-SNAPSHOT-nonbootstrapped/scala3-library_sjs1_3-3.3.1-RC1-bin-SNAPSHOT.pom
[info] Wrote /Users/y3536zha/Desktop/scala_flexible_unsafe/scala_flexible_type_with_test_script/compiler/../out/bootstrap/scala3-compiler-bootstrapped/scala-3.3.1-RC1-bin-SNAPSHOT-nonbootstrapped/scala3-compiler_3-3.3.1-RC1-bin-SNAPSHOT.pom
[info] Wrote /Users/y3536zha/Desktop/scala_flexible_unsafe/scala_flexible_type_with_test_script/sbt-community-build/target/scala-2.12/sbt-1.0/sbt-community-build-0.1.0-SNAPSHOT.pom
[info] Wrote /Users/y3536zha/Desktop/scala_flexible_unsafe/scala_flexible_type_with_test_script/library/../out/bootstrap/scala3-library-bootstrapped/scala-3.3.1-RC1-bin-SNAPSHOT-nonbootstrapped/scala3-library_3-3.3.1-RC1-bin-SNAPSHOT.pom
[info] Wrote /Users/y3536zha/Desktop/scala_flexible_unsafe/scala_flexible_type_with_test_script/tasty/../out/bootstrap/tasty-core-bootstrapped/scala-3.3.1-RC1-bin-SNAPSHOT-nonbootstrapped/tasty-core_3-3.3.1-RC1-bin-SNAPSHOT.pom
[info] Wrote /Users/y3536zha/Desktop/scala_flexible_unsafe/scala_flexible_type_with_test_script/tasty-inspector/../out/bootstrap/scala3-tasty-inspector/scala-3.3.1-RC1-bin-SNAPSHOT-nonbootstrapped/scala3-tasty-inspector_3-3.3.1-RC1-bin-SNAPSHOT.pom
[info] Wrote /Users/y3536zha/Desktop/scala_flexible_unsafe/scala_flexible_type_with_test_script/sbt-bridge/src/target/scala3-sbt-bridge-3.3.1-RC1-bin-SNAPSHOT.pom
[info] Wrote /Users/y3536zha/Desktop/scala_flexible_unsafe/scala_flexible_type_with_test_script/scaladoc/../out/bootstrap/scaladoc/scala-3.3.1-RC1-bin-SNAPSHOT-nonbootstrapped/scaladoc_3-3.3.1-RC1-bin-SNAPSHOT.pom
[info] :: delivering :: org.scala-lang#scala3-interfaces;3.3.1-RC1-bin-SNAPSHOT :: 3.3.1-RC1-bin-SNAPSHOT :: integration :: Wed Jun 21 20:43:14 EDT 2023
[info] 	delivering ivy file to /Users/y3536zha/Desktop/scala_flexible_unsafe/scala_flexible_type_with_test_script/interfaces/target/ivy-3.3.1-RC1-bin-SNAPSHOT.xml
[info] :: delivering :: ch.epfl.lamp#sbt-community-build;0.1.0-SNAPSHOT :: 0.1.0-SNAPSHOT :: integration :: Wed Jun 21 20:43:14 EDT 2023
[info] 	delivering ivy file to /Users/y3536zha/Desktop/scala_flexible_unsafe/scala_flexible_type_with_test_script/sbt-community-build/target/scala-2.12/sbt-1.0/ivy-0.1.0-SNAPSHOT.xml
[info] 	published scala3-interfaces to /Users/y3536zha/.ivy2/local/org.scala-lang/scala3-interfaces/3.3.1-RC1-bin-SNAPSHOT/poms/scala3-interfaces.pom
[info] 	published scala3-interfaces to /Users/y3536zha/.ivy2/local/org.scala-lang/scala3-interfaces/3.3.1-RC1-bin-SNAPSHOT/jars/scala3-interfaces.jar
[info] 	published scala3-interfaces to /Users/y3536zha/.ivy2/local/org.scala-lang/scala3-interfaces/3.3.1-RC1-bin-SNAPSHOT/srcs/scala3-interfaces-sources.jar
[info] 	published scala3-interfaces to /Users/y3536zha/.ivy2/local/org.scala-lang/scala3-interfaces/3.3.1-RC1-bin-SNAPSHOT/docs/scala3-interfaces-javadoc.jar
[info] 	published ivy to /Users/y3536zha/.ivy2/local/org.scala-lang/scala3-interfaces/3.3.1-RC1-bin-SNAPSHOT/ivys/ivy.xml
[info] 	published sbt-community-build to /Users/y3536zha/.ivy2/local/ch.epfl.lamp/sbt-community-build/scala_2.12/sbt_1.0/0.1.0-SNAPSHOT/poms/sbt-community-build.pom
[info] 	published sbt-community-build to /Users/y3536zha/.ivy2/local/ch.epfl.lamp/sbt-community-build/scala_2.12/sbt_1.0/0.1.0-SNAPSHOT/jars/sbt-community-build.jar
[info] 	published sbt-community-build to /Users/y3536zha/.ivy2/local/ch.epfl.lamp/sbt-community-build/scala_2.12/sbt_1.0/0.1.0-SNAPSHOT/srcs/sbt-community-build-sources.jar
[info] 	published sbt-community-build to /Users/y3536zha/.ivy2/local/ch.epfl.lamp/sbt-community-build/scala_2.12/sbt_1.0/0.1.0-SNAPSHOT/docs/sbt-community-build-javadoc.jar
[info] 	published ivy to /Users/y3536zha/.ivy2/local/ch.epfl.lamp/sbt-community-build/scala_2.12/sbt_1.0/0.1.0-SNAPSHOT/ivys/ivy.xml
[info] :: delivering :: org.scala-lang#scala3-sbt-bridge;3.3.1-RC1-bin-SNAPSHOT :: 3.3.1-RC1-bin-SNAPSHOT :: integration :: Wed Jun 21 20:43:16 EDT 2023
[info] 	delivering ivy file to /Users/y3536zha/Desktop/scala_flexible_unsafe/scala_flexible_type_with_test_script/sbt-bridge/src/target/ivy-3.3.1-RC1-bin-SNAPSHOT.xml
[info] 	published scala3-sbt-bridge to /Users/y3536zha/.ivy2/local/org.scala-lang/scala3-sbt-bridge/3.3.1-RC1-bin-SNAPSHOT/poms/scala3-sbt-bridge.pom
[info] 	published scala3-sbt-bridge to /Users/y3536zha/.ivy2/local/org.scala-lang/scala3-sbt-bridge/3.3.1-RC1-bin-SNAPSHOT/jars/scala3-sbt-bridge.jar
[info] 	published scala3-sbt-bridge to /Users/y3536zha/.ivy2/local/org.scala-lang/scala3-sbt-bridge/3.3.1-RC1-bin-SNAPSHOT/srcs/scala3-sbt-bridge-sources.jar
[info] 	published scala3-sbt-bridge to /Users/y3536zha/.ivy2/local/org.scala-lang/scala3-sbt-bridge/3.3.1-RC1-bin-SNAPSHOT/docs/scala3-sbt-bridge-javadoc.jar
[info] 	published ivy to /Users/y3536zha/.ivy2/local/org.scala-lang/scala3-sbt-bridge/3.3.1-RC1-bin-SNAPSHOT/ivys/ivy.xml
[info] Main Scala API documentation to /Users/y3536zha/Desktop/scala_flexible_unsafe/scala_flexible_type_with_test_script/library/../out/bootstrap/scala3-library-bootstrapped/scala-3.3.1-RC1-bin-SNAPSHOT-nonbootstrapped/api...
[info] Main Scala API documentation to /Users/y3536zha/Desktop/scala_flexible_unsafe/scala_flexible_type_with_test_script/library-js/../out/bootstrap/scala3-library-bootstrappedJS/scala-3.3.1-RC1-bin-SNAPSHOT-nonbootstrapped/api...
[info] :: delivering :: org.scala-lang#tasty-core_3;3.3.1-RC1-bin-SNAPSHOT :: 3.3.1-RC1-bin-SNAPSHOT :: integration :: Wed Jun 21 20:43:19 EDT 2023
[info] 	delivering ivy file to /Users/y3536zha/Desktop/scala_flexible_unsafe/scala_flexible_type_with_test_script/out/bootstrap/tasty-core-bootstrapped/scala-3.3.1-RC1-bin-SNAPSHOT-nonbootstrapped/ivy-3.3.1-RC1-bin-SNAPSHOT.xml
[info] 	published tasty-core_3 to /Users/y3536zha/.ivy2/local/org.scala-lang/tasty-core_3/3.3.1-RC1-bin-SNAPSHOT/poms/tasty-core_3.pom
[info] 	published tasty-core_3 to /Users/y3536zha/.ivy2/local/org.scala-lang/tasty-core_3/3.3.1-RC1-bin-SNAPSHOT/jars/tasty-core_3.jar
[info] 	published tasty-core_3 to /Users/y3536zha/.ivy2/local/org.scala-lang/tasty-core_3/3.3.1-RC1-bin-SNAPSHOT/srcs/tasty-core_3-sources.jar
[info] 	published tasty-core_3 to /Users/y3536zha/.ivy2/local/org.scala-lang/tasty-core_3/3.3.1-RC1-bin-SNAPSHOT/docs/tasty-core_3-javadoc.jar
[info] 	published ivy to /Users/y3536zha/.ivy2/local/org.scala-lang/tasty-core_3/3.3.1-RC1-bin-SNAPSHOT/ivys/ivy.xml
[info] :: delivering :: org.scala-lang#scala3-tasty-inspector_3;3.3.1-RC1-bin-SNAPSHOT :: 3.3.1-RC1-bin-SNAPSHOT :: integration :: Wed Jun 21 20:43:20 EDT 2023
[info] 	delivering ivy file to /Users/y3536zha/Desktop/scala_flexible_unsafe/scala_flexible_type_with_test_script/out/bootstrap/scala3-tasty-inspector/scala-3.3.1-RC1-bin-SNAPSHOT-nonbootstrapped/ivy-3.3.1-RC1-bin-SNAPSHOT.xml
[info] 	published scala3-tasty-inspector_3 to /Users/y3536zha/.ivy2/local/org.scala-lang/scala3-tasty-inspector_3/3.3.1-RC1-bin-SNAPSHOT/poms/scala3-tasty-inspector_3.pom
[info] 	published scala3-tasty-inspector_3 to /Users/y3536zha/.ivy2/local/org.scala-lang/scala3-tasty-inspector_3/3.3.1-RC1-bin-SNAPSHOT/jars/scala3-tasty-inspector_3.jar
[info] 	published scala3-tasty-inspector_3 to /Users/y3536zha/.ivy2/local/org.scala-lang/scala3-tasty-inspector_3/3.3.1-RC1-bin-SNAPSHOT/srcs/scala3-tasty-inspector_3-sources.jar
[info] 	published scala3-tasty-inspector_3 to /Users/y3536zha/.ivy2/local/org.scala-lang/scala3-tasty-inspector_3/3.3.1-RC1-bin-SNAPSHOT/docs/scala3-tasty-inspector_3-javadoc.jar
[info] 	published ivy to /Users/y3536zha/.ivy2/local/org.scala-lang/scala3-tasty-inspector_3/3.3.1-RC1-bin-SNAPSHOT/ivys/ivy.xml
[info] :: delivering :: org.scala-lang#scaladoc_3;3.3.1-RC1-bin-SNAPSHOT :: 3.3.1-RC1-bin-SNAPSHOT :: integration :: Wed Jun 21 20:43:20 EDT 2023
[info] 	delivering ivy file to /Users/y3536zha/Desktop/scala_flexible_unsafe/scala_flexible_type_with_test_script/out/bootstrap/scaladoc/scala-3.3.1-RC1-bin-SNAPSHOT-nonbootstrapped/ivy-3.3.1-RC1-bin-SNAPSHOT.xml
[info] 	published scaladoc_3 to /Users/y3536zha/.ivy2/local/org.scala-lang/scaladoc_3/3.3.1-RC1-bin-SNAPSHOT/poms/scaladoc_3.pom
[info] 	published scaladoc_3 to /Users/y3536zha/.ivy2/local/org.scala-lang/scaladoc_3/3.3.1-RC1-bin-SNAPSHOT/jars/scaladoc_3.jar
[info] 	published scaladoc_3 to /Users/y3536zha/.ivy2/local/org.scala-lang/scaladoc_3/3.3.1-RC1-bin-SNAPSHOT/srcs/scaladoc_3-sources.jar
[info] 	published scaladoc_3 to /Users/y3536zha/.ivy2/local/org.scala-lang/scaladoc_3/3.3.1-RC1-bin-SNAPSHOT/docs/scaladoc_3-javadoc.jar
[info] 	published ivy to /Users/y3536zha/.ivy2/local/org.scala-lang/scaladoc_3/3.3.1-RC1-bin-SNAPSHOT/ivys/ivy.xml
[warn] Setting -skip-by-regex set to .+\.internal($|\..+) redundantly
[warn] bad option '-project-version 3.3.1-RC1-bin-SNAPSHOT' was ignored
[warn] Setting -skip-by-regex set to .+\.internal($|\..+) redundantly
[warn] Setting -skip-by-regex set to .+\.impl($|\..+) redundantly
[warn] Setting -skip-by-regex set to .+\.impl($|\..+) redundantly
[warn] Flag -project-logo set repeatedly
[warn] Setting -skip-by-id set to scala.runtime.stdLibPatches redundantly
[warn] Setting -skip-by-id set to scala.runtime.MatchCase redundantly
[warn] Setting -social-links set to github::https://github.com/lampepfl/dotty redundantly
[warn] bad option '-project-logo docs/_assets/images/logo.svg' was ignored
[warn] Setting -social-links set to discord::https://discord.com/invite/scala redundantly
[warn] Setting -social-links set to github::https://github.com/lampepfl/dotty redundantly
[warn] Setting -social-links set to twitter::https://twitter.com/scala_lang redundantly
[warn] Setting -social-links set to discord::https://discord.com/invite/scala redundantly
[warn] Setting -skip-by-id set to scala.runtime.stdLibPatches redundantly
[warn] Setting -social-links set to twitter::https://twitter.com/scala_lang redundantly
[warn] Setting -skip-by-id set to scala.runtime.MatchCase redundantly
[warn] bad option '-project-footer "Copyright (c) 2002-2023, LAMP/EPFL"' was ignored
[warn] Flag -project-footer set repeatedly
[warn] bad option '-default-template static-site-main' was ignored
[warn] Flag -author set repeatedly
[warn] Flag -author set repeatedly
[warn] Flag -groups set repeatedly
[warn] Flag -groups set repeatedly
[warn] Flag -default-template set repeatedly
[warn] Setting -external-mappings set to .*scala/.*::scaladoc3::https://dotty.epfl.ch/api/ redundantly
[warn] Setting -external-mappings set to .*java/.*::javadoc::https://docs.oracle.com/javase/8/docs/api/ redundantly
[warn] bad option '-project-version 3.3.1-RC1-bin-SNAPSHOT' was ignored
[warn] Setting -skip-by-regex set to .+\.internal($|\..+) redundantly
[warn] Setting -skip-by-regex set to .+\.impl($|\..+) redundantly
[warn] Setting -skip-by-id set to scala.runtime.stdLibPatches redundantly
[warn] Setting -skip-by-id set to scala.runtime.MatchCase redundantly
[warn] bad option '-project-logo docs/_assets/images/logo.svg' was ignored
[warn] Setting -social-links set to github::https://github.com/lampepfl/dotty redundantly
[warn] Setting -social-links set to discord::https://discord.com/invite/scala redundantly
[warn] Setting -social-links set to twitter::https://twitter.com/scala_lang redundantly
[warn] bad option '-project-footer "Copyright (c) 2002-2023, LAMP/EPFL"' was ignored
[warn] bad option '-default-template static-site-main' was ignored
[warn] Flag -author set repeatedly
[warn] Flag -groups set repeatedly
[info] Skipping unused scalacOptions: -Werror, -Yno-experimental, -Yexplicit-nulls
[info] Skipping unused scalacOptions: -Werror, -Yno-experimental, -Yexplicit-nulls
[info] :: delivering :: org.scala-lang#scala3-compiler_3;3.3.1-RC1-bin-SNAPSHOT :: 3.3.1-RC1-bin-SNAPSHOT :: integration :: Wed Jun 21 20:43:22 EDT 2023
[info] 	delivering ivy file to /Users/y3536zha/Desktop/scala_flexible_unsafe/scala_flexible_type_with_test_script/out/bootstrap/scala3-compiler-bootstrapped/scala-3.3.1-RC1-bin-SNAPSHOT-nonbootstrapped/ivy-3.3.1-RC1-bin-SNAPSHOT.xml
[info] 	published scala3-compiler_3 to /Users/y3536zha/.ivy2/local/org.scala-lang/scala3-compiler_3/3.3.1-RC1-bin-SNAPSHOT/poms/scala3-compiler_3.pom
[info] 	published scala3-compiler_3 to /Users/y3536zha/.ivy2/local/org.scala-lang/scala3-compiler_3/3.3.1-RC1-bin-SNAPSHOT/jars/scala3-compiler_3.jar
[info] 	published scala3-compiler_3 to /Users/y3536zha/.ivy2/local/org.scala-lang/scala3-compiler_3/3.3.1-RC1-bin-SNAPSHOT/srcs/scala3-compiler_3-sources.jar
[info] 	published scala3-compiler_3 to /Users/y3536zha/.ivy2/local/org.scala-lang/scala3-compiler_3/3.3.1-RC1-bin-SNAPSHOT/docs/scala3-compiler_3-javadoc.jar
[info] 	published ivy to /Users/y3536zha/.ivy2/local/org.scala-lang/scala3-compiler_3/3.3.1-RC1-bin-SNAPSHOT/ivys/ivy.xml
[warn] -- Warning: library/src/scala/util/FromDigits.scala:21:6 -----------------------
[warn] -- Warning: library/src/scala/util/FromDigits.scala:21:6 -----------------------
[warn] 21 |  def fromDigits(digits: String): T
[warn] 21 |  def fromDigits(digits: String): T
[warn]    |      ^
[warn]    |      ^
[warn]    |      No DRI found for query: MalformedNumber
[warn]    |      No DRI found for query: MalformedNumber
[error] -- [E069] Naming Error: /Users/y3536zha/Desktop/scala_flexible_unsafe/scala_flexible_type_with_test_script/library/src/scala/IArray.scala:13:7 
[error] -- [E069] Naming Error: /Users/y3536zha/Desktop/scala_flexible_unsafe/scala_flexible_type_with_test_script/library/src/scala/IArray.scala:13:7 
[error] 13 |object IArray:
[error] 13 |object IArray:
[error]    |       ^
[error]    |       ^
[error]    |object IArray cannot have the same name as object IArray in package scala -- cannot define object member with the same name as a object member in self reference _.
[error]    |object IArray cannot have the same name as object IArray in package scala -- cannot define object member with the same name as a object member in self reference _.
[error]    |(Note: this can be resolved by using another name)
[error]    |(Note: this can be resolved by using another name)
[warn] 28 warnings found
[warn] 14 warnings found
[error] one error found
[error] one error found
[info] :: delivering :: org.scala-lang#scala3-library_3;3.3.1-RC1-bin-SNAPSHOT :: 3.3.1-RC1-bin-SNAPSHOT :: integration :: Wed Jun 21 20:43:43 EDT 2023
[info] 	delivering ivy file to /Users/y3536zha/Desktop/scala_flexible_unsafe/scala_flexible_type_with_test_script/out/bootstrap/scala3-library-bootstrapped/scala-3.3.1-RC1-bin-SNAPSHOT-nonbootstrapped/ivy-3.3.1-RC1-bin-SNAPSHOT.xml
[info] 	published scala3-library_3 to /Users/y3536zha/.ivy2/local/org.scala-lang/scala3-library_3/3.3.1-RC1-bin-SNAPSHOT/poms/scala3-library_3.pom
[info] 	published scala3-library_3 to /Users/y3536zha/.ivy2/local/org.scala-lang/scala3-library_3/3.3.1-RC1-bin-SNAPSHOT/jars/scala3-library_3.jar
[info] 	published scala3-library_3 to /Users/y3536zha/.ivy2/local/org.scala-lang/scala3-library_3/3.3.1-RC1-bin-SNAPSHOT/srcs/scala3-library_3-sources.jar
[info] 	published scala3-library_3 to /Users/y3536zha/.ivy2/local/org.scala-lang/scala3-library_3/3.3.1-RC1-bin-SNAPSHOT/docs/scala3-library_3-javadoc.jar
[info] 	published ivy to /Users/y3536zha/.ivy2/local/org.scala-lang/scala3-library_3/3.3.1-RC1-bin-SNAPSHOT/ivys/ivy.xml
[info] waiting for lock on /Users/y3536zha/.ivy2/.sbt.ivy.lock to be available...
[info] :: delivering :: org.scala-lang#scala3-library_sjs1_3;3.3.1-RC1-bin-SNAPSHOT :: 3.3.1-RC1-bin-SNAPSHOT :: integration :: Wed Jun 21 20:43:43 EDT 2023
[info] 	delivering ivy file to /Users/y3536zha/Desktop/scala_flexible_unsafe/scala_flexible_type_with_test_script/out/bootstrap/scala3-library-bootstrappedJS/scala-3.3.1-RC1-bin-SNAPSHOT-nonbootstrapped/ivy-3.3.1-RC1-bin-SNAPSHOT.xml
[info] 	published scala3-library_sjs1_3 to /Users/y3536zha/.ivy2/local/org.scala-lang/scala3-library_sjs1_3/3.3.1-RC1-bin-SNAPSHOT/poms/scala3-library_sjs1_3.pom
[info] 	published scala3-library_sjs1_3 to /Users/y3536zha/.ivy2/local/org.scala-lang/scala3-library_sjs1_3/3.3.1-RC1-bin-SNAPSHOT/jars/scala3-library_sjs1_3.jar
[info] 	published scala3-library_sjs1_3 to /Users/y3536zha/.ivy2/local/org.scala-lang/scala3-library_sjs1_3/3.3.1-RC1-bin-SNAPSHOT/srcs/scala3-library_sjs1_3-sources.jar
[info] 	published scala3-library_sjs1_3 to /Users/y3536zha/.ivy2/local/org.scala-lang/scala3-library_sjs1_3/3.3.1-RC1-bin-SNAPSHOT/docs/scala3-library_sjs1_3-javadoc.jar
[info] 	published ivy to /Users/y3536zha/.ivy2/local/org.scala-lang/scala3-library_sjs1_3/3.3.1-RC1-bin-SNAPSHOT/ivys/ivy.xml
[info] Test run dotty.communitybuild.CommunityBuildTestA started
[info] Test run dotty.communitybuild.CommunityBuildTestA finished: 0 failed, 0 ignored, 0 total, 0.001s
[info] Test run dotty.communitybuild.CommunityBuildTestC started
[info] Test dotty.communitybuild.CommunityBuildTestC.onnxScala started
[32m[STARTING onnx-scala][0m
[32mPublishing scala-xml[0m
[32msbt -sbt-version 1.8.0 -Dsbt.supershell=false -Ddotty.communitybuild.dir=/Users/y3536zha/Desktop/scala_flexible_unsafe/scala_flexible_type_with_test_script/community-build --addPluginSbtFile=/Users/y3536zha/Desktop/scala_flexible_unsafe/scala_flexible_type_with_test_script/community-build/sbt-injected-plugins clean; set Global/logLevel := Level.Error; set Global/updateOptions ~= (_.withLatestSnapshots(false)); set Global/scalacOptions ++= List("-Xcheck-macros","-Ysafe-init","-Yexplicit-nulls","-language:unsafeNulls","-Yflexible-types");++3.3.1-RC1-bin-SNAPSHOT!; xml/publishLocal[0m
[info] welcome to sbt 1.8.0 (Oracle Corporation Java 9.0.4)
[info] loading global plugins from /Users/y3536zha/.sbt/1.0/plugins
[info] loading settings for project scala-xml-build from plugins.sbt,sbt-injected-plugins ...
[info] loading project definition from /Users/y3536zha/Desktop/scala_flexible_unsafe/scala_flexible_type_with_test_script/community-build/community-projects/scala-xml/project
[info] loading settings for project scala-xml from build.sbt ...
SLF4J: No SLF4J providers were found.
SLF4J: Defaulting to no-operation (NOP) logger implementation
SLF4J: See https://www.slf4j.org/codes.html#noProviders for further details.
SLF4J: Class path contains SLF4J bindings targeting slf4j-api versions 1.7.x or earlier.
SLF4J: Ignoring binding found at [jar:file:/Users/y3536zha/.sbt/boot/scala-2.12.17/org.scala-sbt/sbt/1.8.0/log4j-slf4j-impl-2.17.1.jar!/org/slf4j/impl/StaticLoggerBinder.class]
SLF4J: See https://www.slf4j.org/codes.html#ignoredBindings for an explanation.
[info] set current project to scala-xml (in build file:/Users/y3536zha/Desktop/scala_flexible_unsafe/scala_flexible_type_with_test_script/community-build/community-projects/scala-xml/)
[info] waiting for lock on /Users/y3536zha/.ivy2/.sbt.ivy.lock to be available...
[success] Total time: 1 s, completed Jun 21, 2023, 8:44:02 PM
[info] Defining Global / logLevel
[info] The new value will be used by Test / test / testListeners, Test / testOnly / testListeners and 29 others.
[info] 	Run `last` for details.
[info] Reapplying settings...
[info] set current project to scala-xml (in build file:/Users/y3536zha/Desktop/scala_flexible_unsafe/scala_flexible_type_with_test_script/community-build/community-projects/scala-xml/)
[info] Defining Global / updateOptions
[info] The new value will be used by dependencyTreeIgnoreMissingUpdate / updateOptions, ivyConfiguration and 9 others.
[info] 	Run `last` for details.
[info] Reapplying settings...
[info] set current project to scala-xml (in build file:/Users/y3536zha/Desktop/scala_flexible_unsafe/scala_flexible_type_with_test_script/community-build/community-projects/scala-xml/)
[info] Defining Global / scalacOptions
[info] The new value will be used by Compile / scalacOptions, xml / scalacOptions and 1 others.
[info] 	Run `last` for details.
[info] Reapplying settings...
[info] set current project to scala-xml (in build file:/Users/y3536zha/Desktop/scala_flexible_unsafe/scala_flexible_type_with_test_script/community-build/community-projects/scala-xml/)
[info] Forcing Scala version to 3.3.1-RC1-bin-SNAPSHOT on all projects.
[info] Reapplying settings...
[info] Loading dependency tracking file /Users/y3536zha/Desktop/scala_flexible_unsafe/scala_flexible_type_with_test_script/community-build/dotty-community-build-deps
[info] Dependency tracking file /Users/y3536zha/Desktop/scala_flexible_unsafe/scala_flexible_type_with_test_script/community-build/dotty-community-build-deps does not exist
[info] set current project to scala-xml (in build file:/Users/y3536zha/Desktop/scala_flexible_unsafe/scala_flexible_type_with_test_script/community-build/community-projects/scala-xml/)
Exception while compiling /Users/y3536zha/Desktop/scala_flexible_unsafe/scala_flexible_type_with_test_script/community-build/community-projects/scala-xml/jvm/target/scala-3.3.1-RC1-bin-SNAPSHOT/classes/scala/xml/Atom.tasty, /Users/y3536zha/Desktop/scala_flexible_unsafe/scala_flexible_type_with_test_script/community-build/community-projects/scala-xml/jvm/target/scala-3.3.1-RC1-bin-SNAPSHOT/classes/scala/xml/Attribute.tasty, /Users/y3536zha/Desktop/scala_flexible_unsafe/scala_flexible_type_with_test_script/community-build/community-projects/scala-xml/jvm/target/scala-3.3.1-RC1-bin-SNAPSHOT/classes/scala/xml/Comment.tasty, /Users/y3536zha/Desktop/scala_flexible_unsafe/scala_flexible_type_with_test_script/community-build/community-projects/scala-xml/jvm/target/scala-3.3.1-RC1-bin-SNAPSHOT/classes/scala/xml/Document.tasty, /Users/y3536zha/Desktop/scala_flexible_unsafe/scala_flexible_type_with_test_script/community-build/community-projects/scala-xml/jvm/target/scala-3.3.1-RC1-bin-SNAPSHOT/classes/scala/xml/Elem.tasty, /Users/y3536zha/Desktop/scala_flexible_unsafe/scala_flexible_type_with_test_script/community-build/community-projects/scala-xml/jvm/target/scala-3.3.1-RC1-bin-SNAPSHOT/classes/scala/xml/EntityRef.tasty, /Users/y3536zha/Desktop/scala_flexible_unsafe/scala_flexible_type_with_test_script/community-build/community-projects/scala-xml/jvm/target/scala-3.3.1-RC1-bin-SNAPSHOT/classes/scala/xml/Equality.tasty, /Users/y3536zha/Desktop/scala_flexible_unsafe/scala_flexible_type_with_test_script/community-build/community-projects/scala-xml/jvm/target/scala-3.3.1-RC1-bin-SNAPSHOT/classes/scala/xml/Group.tasty, /Users/y3536zha/Desktop/scala_flexible_unsafe/scala_flexible_type_with_test_script/community-build/community-projects/scala-xml/jvm/target/scala-3.3.1-RC1-bin-SNAPSHOT/classes/scala/xml/MalformedAttributeException.tasty, /Users/y3536zha/Desktop/scala_flexible_unsafe/scala_flexible_type_with_test_script/community-build/community-projects/scala-xml/jvm/target/scala-3.3.1-RC1-bin-SNAPSHOT/classes/scala/xml/MetaData.tasty, /Users/y3536zha/Desktop/scala_flexible_unsafe/scala_flexible_type_with_test_script/community-build/community-projects/scala-xml/jvm/target/scala-3.3.1-RC1-bin-SNAPSHOT/classes/scala/xml/MinimizeMode.tasty, /Users/y3536zha/Desktop/scala_flexible_unsafe/scala_flexible_type_with_test_script/community-build/community-projects/scala-xml/jvm/target/scala-3.3.1-RC1-bin-SNAPSHOT/classes/scala/xml/NamespaceBinding.tasty, /Users/y3536zha/Desktop/scala_flexible_unsafe/scala_flexible_type_with_test_script/community-build/community-projects/scala-xml/jvm/target/scala-3.3.1-RC1-bin-SNAPSHOT/classes/scala/xml/Node.tasty, /Users/y3536zha/Desktop/scala_flexible_unsafe/scala_flexible_type_with_test_script/community-build/community-projects/scala-xml/jvm/target/scala-3.3.1-RC1-bin-SNAPSHOT/classes/scala/xml/NodeBuffer.tasty, /Users/y3536zha/Desktop/scala_flexible_unsafe/scala_flexible_type_with_test_script/community-build/community-projects/scala-xml/jvm/target/scala-3.3.1-RC1-bin-SNAPSHOT/classes/scala/xml/NodeSeq.tasty, /Users/y3536zha/Desktop/scala_flexible_unsafe/scala_flexible_type_with_test_script/community-build/community-projects/scala-xml/jvm/target/scala-3.3.1-RC1-bin-SNAPSHOT/classes/scala/xml/Null.tasty, /Users/y3536zha/Desktop/scala_flexible_unsafe/scala_flexible_type_with_test_script/community-build/community-projects/scala-xml/jvm/target/scala-3.3.1-RC1-bin-SNAPSHOT/classes/scala/xml/PCData.tasty, /Users/y3536zha/Desktop/scala_flexible_unsafe/scala_flexible_type_with_test_script/community-build/community-projects/scala-xml/jvm/target/scala-3.3.1-RC1-bin-SNAPSHOT/classes/scala/xml/PrefixedAttribute.tasty, /Users/y3536zha/Desktop/scala_flexible_unsafe/scala_flexible_type_with_test_script/community-build/community-projects/scala-xml/jvm/target/scala-3.3.1-RC1-bin-SNAPSHOT/classes/scala/xml/PrettyPrinter.tasty, /Users/y3536zha/Desktop/scala_flexible_unsafe/scala_flexible_type_with_test_script/community-build/community-projects/scala-xml/jvm/target/scala-3.3.1-RC1-bin-SNAPSHOT/classes/scala/xml/ProcInstr.tasty, /Users/y3536zha/Desktop/scala_flexible_unsafe/scala_flexible_type_with_test_script/community-build/community-projects/scala-xml/jvm/target/scala-3.3.1-RC1-bin-SNAPSHOT/classes/scala/xml/QNode.tasty, /Users/y3536zha/Desktop/scala_flexible_unsafe/scala_flexible_type_with_test_script/community-build/community-projects/scala-xml/jvm/target/scala-3.3.1-RC1-bin-SNAPSHOT/classes/scala/xml/ScalaVersionSpecific.tasty, /Users/y3536zha/Desktop/scala_flexible_unsafe/scala_flexible_type_with_test_script/community-build/community-projects/scala-xml/jvm/target/scala-3.3.1-RC1-bin-SNAPSHOT/classes/scala/xml/ScalaVersionSpecificNodeBuffer.tasty, /Users/y3536zha/Desktop/scala_flexible_unsafe/scala_flexible_type_with_test_script/community-build/community-projects/scala-xml/jvm/target/scala-3.3.1-RC1-bin-SNAPSHOT/classes/scala/xml/ScalaVersionSpecificNodeSeq.tasty, /Users/y3536zha/Desktop/scala_flexible_unsafe/scala_flexible_type_with_test_script/community-build/community-projects/scala-xml/jvm/target/scala-3.3.1-RC1-bin-SNAPSHOT/classes/scala/xml/Source.tasty, /Users/y3536zha/Desktop/scala_flexible_unsafe/scala_flexible_type_with_test_script/community-build/community-projects/scala-xml/jvm/target/scala-3.3.1-RC1-bin-SNAPSHOT/classes/scala/xml/SpecialNode.tasty, /Users/y3536zha/Desktop/scala_flexible_unsafe/scala_flexible_type_with_test_script/community-build/community-projects/scala-xml/jvm/target/scala-3.3.1-RC1-bin-SNAPSHOT/classes/scala/xml/Text.tasty, /Users/y3536zha/Desktop/scala_flexible_unsafe/scala_flexible_type_with_test_script/community-build/community-projects/scala-xml/jvm/target/scala-3.3.1-RC1-bin-SNAPSHOT/classes/scala/xml/TextBuffer.tasty, /Users/y3536zha/Desktop/scala_flexible_unsafe/scala_flexible_type_with_test_script/community-build/community-projects/scala-xml/jvm/target/scala-3.3.1-RC1-bin-SNAPSHOT/classes/scala/xml/TopScope.tasty, /Users/y3536zha/Desktop/scala_flexible_unsafe/scala_flexible_type_with_test_script/community-build/community-projects/scala-xml/jvm/target/scala-3.3.1-RC1-bin-SNAPSHOT/classes/scala/xml/TypeSymbol.tasty, /Users/y3536zha/Desktop/scala_flexible_unsafe/scala_flexible_type_with_test_script/community-build/community-projects/scala-xml/jvm/target/scala-3.3.1-RC1-bin-SNAPSHOT/classes/scala/xml/Unparsed.tasty, /Users/y3536zha/Desktop/scala_flexible_unsafe/scala_flexible_type_with_test_script/community-build/community-projects/scala-xml/jvm/target/scala-3.3.1-RC1-bin-SNAPSHOT/classes/scala/xml/UnprefixedAttribute.tasty, /Users/y3536zha/Desktop/scala_flexible_unsafe/scala_flexible_type_with_test_script/community-build/community-projects/scala-xml/jvm/target/scala-3.3.1-RC1-bin-SNAPSHOT/classes/scala/xml/Utility.tasty, /Users/y3536zha/Desktop/scala_flexible_unsafe/scala_flexible_type_with_test_script/community-build/community-projects/scala-xml/jvm/target/scala-3.3.1-RC1-bin-SNAPSHOT/classes/scala/xml/XML.tasty, /Users/y3536zha/Desktop/scala_flexible_unsafe/scala_flexible_type_with_test_script/community-build/community-projects/scala-xml/jvm/target/scala-3.3.1-RC1-bin-SNAPSHOT/classes/scala/xml/Xhtml.tasty, /Users/y3536zha/Desktop/scala_flexible_unsafe/scala_flexible_type_with_test_script/community-build/community-projects/scala-xml/jvm/target/scala-3.3.1-RC1-bin-SNAPSHOT/classes/scala/xml/dtd/ANY.tasty, /Users/y3536zha/Desktop/scala_flexible_unsafe/scala_flexible_type_with_test_script/community-build/community-projects/scala-xml/jvm/target/scala-3.3.1-RC1-bin-SNAPSHOT/classes/scala/xml/dtd/AttListDecl.tasty, /Users/y3536zha/Desktop/scala_flexible_unsafe/scala_flexible_type_with_test_script/community-build/community-projects/scala-xml/jvm/target/scala-3.3.1-RC1-bin-SNAPSHOT/classes/scala/xml/dtd/AttrDecl.tasty, /Users/y3536zha/Desktop/scala_flexible_unsafe/scala_flexible_type_with_test_script/community-build/community-projects/scala-xml/jvm/target/scala-3.3.1-RC1-bin-SNAPSHOT/classes/scala/xml/dtd/ContentModel.tasty, /Users/y3536zha/Desktop/scala_flexible_unsafe/scala_flexible_type_with_test_script/community-build/community-projects/scala-xml/jvm/target/scala-3.3.1-RC1-bin-SNAPSHOT/classes/scala/xml/dtd/DEFAULT.tasty, /Users/y3536zha/Desktop/scala_flexible_unsafe/scala_flexible_type_with_test_script/community-build/community-projects/scala-xml/jvm/target/scala-3.3.1-RC1-bin-SNAPSHOT/classes/scala/xml/dtd/DFAContentModel.tasty, /Users/y3536zha/Desktop/scala_flexible_unsafe/scala_flexible_type_with_test_script/community-build/community-projects/scala-xml/jvm/target/scala-3.3.1-RC1-bin-SNAPSHOT/classes/scala/xml/dtd/DTD.tasty, /Users/y3536zha/Desktop/scala_flexible_unsafe/scala_flexible_type_with_test_script/community-build/community-projects/scala-xml/jvm/target/scala-3.3.1-RC1-bin-SNAPSHOT/classes/scala/xml/dtd/Decl.tasty, /Users/y3536zha/Desktop/scala_flexible_unsafe/scala_flexible_type_with_test_script/community-build/community-projects/scala-xml/jvm/target/scala-3.3.1-RC1-bin-SNAPSHOT/classes/scala/xml/dtd/DefaultDecl.tasty, /Users/y3536zha/Desktop/scala_flexible_unsafe/scala_flexible_type_with_test_script/community-build/community-projects/scala-xml/jvm/target/scala-3.3.1-RC1-bin-SNAPSHOT/classes/scala/xml/dtd/DocType.tasty, /Users/y3536zha/Desktop/scala_flexible_unsafe/scala_flexible_type_with_test_script/community-build/community-projects/scala-xml/jvm/target/scala-3.3.1-RC1-bin-SNAPSHOT/classes/scala/xml/dtd/ELEMENTS.tasty, /Users/y3536zha/Desktop/scala_flexible_unsafe/scala_flexible_type_with_test_script/community-build/community-projects/scala-xml/jvm/target/scala-3.3.1-RC1-bin-SNAPSHOT/classes/scala/xml/dtd/EMPTY.tasty, /Users/y3536zha/Desktop/scala_flexible_unsafe/scala_flexible_type_with_test_script/community-build/community-projects/scala-xml/jvm/target/scala-3.3.1-RC1-bin-SNAPSHOT/classes/scala/xml/dtd/ElemDecl.tasty, /Users/y3536zha/Desktop/scala_flexible_unsafe/scala_flexible_type_with_test_script/community-build/community-projects/scala-xml/jvm/target/scala-3.3.1-RC1-bin-SNAPSHOT/classes/scala/xml/dtd/EntityDecl.tasty, /Users/y3536zha/Desktop/scala_flexible_unsafe/scala_flexible_type_with_test_script/community-build/community-projects/scala-xml/jvm/target/scala-3.3.1-RC1-bin-SNAPSHOT/classes/scala/xml/dtd/EntityDef.tasty, /Users/y3536zha/Desktop/scala_flexible_unsafe/scala_flexible_type_with_test_script/community-build/community-projects/scala-xml/jvm/target/scala-3.3.1-RC1-bin-SNAPSHOT/classes/scala/xml/dtd/ExtDef.tasty, /Users/y3536zha/Desktop/scala_flexible_unsafe/scala_flexible_type_with_test_script/community-build/community-projects/scala-xml/jvm/target/scala-3.3.1-RC1-bin-SNAPSHOT/classes/scala/xml/dtd/ExternalID.tasty, /Users/y3536zha/Desktop/scala_flexible_unsafe/scala_flexible_type_with_test_script/community-build/community-projects/scala-xml/jvm/target/scala-3.3.1-RC1-bin-SNAPSHOT/classes/scala/xml/dtd/IMPLIED.tasty, /Users/y3536zha/Desktop/scala_flexible_unsafe/scala_flexible_type_with_test_script/community-build/community-projects/scala-xml/jvm/target/scala-3.3.1-RC1-bin-SNAPSHOT/classes/scala/xml/dtd/IntDef.tasty, /Users/y3536zha/Desktop/scala_flexible_unsafe/scala_flexible_type_with_test_script/community-build/community-projects/scala-xml/jvm/target/scala-3.3.1-RC1-bin-SNAPSHOT/classes/scala/xml/dtd/MIXED.tasty, /Users/y3536zha/Desktop/scala_flexible_unsafe/scala_flexible_type_with_test_script/community-build/community-projects/scala-xml/jvm/target/scala-3.3.1-RC1-bin-SNAPSHOT/classes/scala/xml/dtd/MakeValidationException.tasty, /Users/y3536zha/Desktop/scala_flexible_unsafe/scala_flexible_type_with_test_script/community-build/community-projects/scala-xml/jvm/target/scala-3.3.1-RC1-bin-SNAPSHOT/classes/scala/xml/dtd/MarkupDecl.tasty, /Users/y3536zha/Desktop/scala_flexible_unsafe/scala_flexible_type_with_test_script/community-build/community-projects/scala-xml/jvm/target/scala-3.3.1-RC1-bin-SNAPSHOT/classes/scala/xml/dtd/NoExternalID.tasty, /Users/y3536zha/Desktop/scala_flexible_unsafe/scala_flexible_type_with_test_script/community-build/community-projects/scala-xml/jvm/target/scala-3.3.1-RC1-bin-SNAPSHOT/classes/scala/xml/dtd/NotationDecl.tasty, /Users/y3536zha/Desktop/scala_flexible_unsafe/scala_flexible_type_with_test_script/community-build/community-projects/scala-xml/jvm/target/scala-3.3.1-RC1-bin-SNAPSHOT/classes/scala/xml/dtd/PCDATA.tasty, /Users/y3536zha/Desktop/scala_flexible_unsafe/scala_flexible_type_with_test_script/community-build/community-projects/scala-xml/jvm/target/scala-3.3.1-RC1-bin-SNAPSHOT/classes/scala/xml/dtd/PEReference.tasty, /Users/y3536zha/Desktop/scala_flexible_unsafe/scala_flexible_type_with_test_script/community-build/community-projects/scala-xml/jvm/target/scala-3.3.1-RC1-bin-SNAPSHOT/classes/scala/xml/dtd/ParameterEntityDecl.tasty, /Users/y3536zha/Desktop/scala_flexible_unsafe/scala_flexible_type_with_test_script/community-build/community-projects/scala-xml/jvm/target/scala-3.3.1-RC1-bin-SNAPSHOT/classes/scala/xml/dtd/ParsedEntityDecl.tasty, /Users/y3536zha/Desktop/scala_flexible_unsafe/scala_flexible_type_with_test_script/community-build/community-projects/scala-xml/jvm/target/scala-3.3.1-RC1-bin-SNAPSHOT/classes/scala/xml/dtd/PublicID.tasty, /Users/y3536zha/Desktop/scala_flexible_unsafe/scala_flexible_type_with_test_script/community-build/community-projects/scala-xml/jvm/target/scala-3.3.1-RC1-bin-SNAPSHOT/classes/scala/xml/dtd/REQUIRED.tasty, /Users/y3536zha/Desktop/scala_flexible_unsafe/scala_flexible_type_with_test_script/community-build/community-projects/scala-xml/jvm/target/scala-3.3.1-RC1-bin-SNAPSHOT/classes/scala/xml/dtd/SystemID.tasty, /Users/y3536zha/Desktop/scala_flexible_unsafe/scala_flexible_type_with_test_script/community-build/community-projects/scala-xml/jvm/target/scala-3.3.1-RC1-bin-SNAPSHOT/classes/scala/xml/dtd/Tokens.tasty, /Users/y3536zha/Desktop/scala_flexible_unsafe/scala_flexible_type_with_test_script/community-build/community-projects/scala-xml/jvm/target/scala-3.3.1-RC1-bin-SNAPSHOT/classes/scala/xml/dtd/UnparsedEntityDecl.tasty, /Users/y3536zha/Desktop/scala_flexible_unsafe/scala_flexible_type_with_test_script/community-build/community-projects/scala-xml/jvm/target/scala-3.3.1-RC1-bin-SNAPSHOT/classes/scala/xml/dtd/ValidationException.tasty, /Users/y3536zha/Desktop/scala_flexible_unsafe/scala_flexible_type_with_test_script/community-build/community-projects/scala-xml/jvm/target/scala-3.3.1-RC1-bin-SNAPSHOT/classes/scala/xml/dtd/impl/Base.tasty, /Users/y3536zha/Desktop/scala_flexible_unsafe/scala_flexible_type_with_test_script/community-build/community-projects/scala-xml/jvm/target/scala-3.3.1-RC1-bin-SNAPSHOT/classes/scala/xml/dtd/impl/BaseBerrySethi.tasty, /Users/y3536zha/Desktop/scala_flexible_unsafe/scala_flexible_type_with_test_script/community-build/community-projects/scala-xml/jvm/target/scala-3.3.1-RC1-bin-SNAPSHOT/classes/scala/xml/dtd/impl/DetWordAutom.tasty, /Users/y3536zha/Desktop/scala_flexible_unsafe/scala_flexible_type_with_test_script/community-build/community-projects/scala-xml/jvm/target/scala-3.3.1-RC1-bin-SNAPSHOT/classes/scala/xml/dtd/impl/Inclusion.tasty, /Users/y3536zha/Desktop/scala_flexible_unsafe/scala_flexible_type_with_test_script/community-build/community-projects/scala-xml/jvm/target/scala-3.3.1-RC1-bin-SNAPSHOT/classes/scala/xml/dtd/impl/NondetWordAutom.tasty, /Users/y3536zha/Desktop/scala_flexible_unsafe/scala_flexible_type_with_test_script/community-build/community-projects/scala-xml/jvm/target/scala-3.3.1-RC1-bin-SNAPSHOT/classes/scala/xml/dtd/impl/SubsetConstruction.tasty, /Users/y3536zha/Desktop/scala_flexible_unsafe/scala_flexible_type_with_test_script/community-build/community-projects/scala-xml/jvm/target/scala-3.3.1-RC1-bin-SNAPSHOT/classes/scala/xml/dtd/impl/SyntaxError.tasty, /Users/y3536zha/Desktop/scala_flexible_unsafe/scala_flexible_type_with_test_script/community-build/community-projects/scala-xml/jvm/target/scala-3.3.1-RC1-bin-SNAPSHOT/classes/scala/xml/dtd/impl/WordBerrySethi.tasty, /Users/y3536zha/Desktop/scala_flexible_unsafe/scala_flexible_type_with_test_script/community-build/community-projects/scala-xml/jvm/target/scala-3.3.1-RC1-bin-SNAPSHOT/classes/scala/xml/dtd/impl/WordExp.tasty, /Users/y3536zha/Desktop/scala_flexible_unsafe/scala_flexible_type_with_test_script/community-build/community-projects/scala-xml/jvm/target/scala-3.3.1-RC1-bin-SNAPSHOT/classes/scala/xml/factory/NodeFactory.tasty, /Users/y3536zha/Desktop/scala_flexible_unsafe/scala_flexible_type_with_test_script/community-build/community-projects/scala-xml/jvm/target/scala-3.3.1-RC1-bin-SNAPSHOT/classes/scala/xml/factory/XMLLoader.tasty, /Users/y3536zha/Desktop/scala_flexible_unsafe/scala_flexible_type_with_test_script/community-build/community-projects/scala-xml/jvm/target/scala-3.3.1-RC1-bin-SNAPSHOT/classes/scala/xml/include/CircularIncludeException.tasty, /Users/y3536zha/Desktop/scala_flexible_unsafe/scala_flexible_type_with_test_script/community-build/community-projects/scala-xml/jvm/target/scala-3.3.1-RC1-bin-SNAPSHOT/classes/scala/xml/include/UnavailableResourceException.tasty, /Users/y3536zha/Desktop/scala_flexible_unsafe/scala_flexible_type_with_test_script/community-build/community-projects/scala-xml/jvm/target/scala-3.3.1-RC1-bin-SNAPSHOT/classes/scala/xml/include/XIncludeException.tasty, /Users/y3536zha/Desktop/scala_flexible_unsafe/scala_flexible_type_with_test_script/community-build/community-projects/scala-xml/jvm/target/scala-3.3.1-RC1-bin-SNAPSHOT/classes/scala/xml/include/sax/EncodingHeuristics.tasty, /Users/y3536zha/Desktop/scala_flexible_unsafe/scala_flexible_type_with_test_script/community-build/community-projects/scala-xml/jvm/target/scala-3.3.1-RC1-bin-SNAPSHOT/classes/scala/xml/include/sax/XIncludeFilter.tasty, /Users/y3536zha/Desktop/scala_flexible_unsafe/scala_flexible_type_with_test_script/community-build/community-projects/scala-xml/jvm/target/scala-3.3.1-RC1-bin-SNAPSHOT/classes/scala/xml/include/sax/XIncluder.tasty, /Users/y3536zha/Desktop/scala_flexible_unsafe/scala_flexible_type_with_test_script/community-build/community-projects/scala-xml/jvm/target/scala-3.3.1-RC1-bin-SNAPSHOT/classes/scala/xml/package.tasty, /Users/y3536zha/Desktop/scala_flexible_unsafe/scala_flexible_type_with_test_script/community-build/community-projects/scala-xml/jvm/target/scala-3.3.1-RC1-bin-SNAPSHOT/classes/scala/xml/parsing/ConsoleErrorHandler.tasty, /Users/y3536zha/Desktop/scala_flexible_unsafe/scala_flexible_type_with_test_script/community-build/community-projects/scala-xml/jvm/target/scala-3.3.1-RC1-bin-SNAPSHOT/classes/scala/xml/parsing/ConstructingHandler.tasty, /Users/y3536zha/Desktop/scala_flexible_unsafe/scala_flexible_type_with_test_script/community-build/community-projects/scala-xml/jvm/target/scala-3.3.1-RC1-bin-SNAPSHOT/classes/scala/xml/parsing/ConstructingParser.tasty, /Users/y3536zha/Desktop/scala_flexible_unsafe/scala_flexible_type_with_test_script/community-build/community-projects/scala-xml/jvm/target/scala-3.3.1-RC1-bin-SNAPSHOT/classes/scala/xml/parsing/DefaultMarkupHandler.tasty, /Users/y3536zha/Desktop/scala_flexible_unsafe/scala_flexible_type_with_test_script/community-build/community-projects/scala-xml/jvm/target/scala-3.3.1-RC1-bin-SNAPSHOT/classes/scala/xml/parsing/ExternalSources.tasty, /Users/y3536zha/Desktop/scala_flexible_unsafe/scala_flexible_type_with_test_script/community-build/community-projects/scala-xml/jvm/target/scala-3.3.1-RC1-bin-SNAPSHOT/classes/scala/xml/parsing/FactoryAdapter.tasty, /Users/y3536zha/Desktop/scala_flexible_unsafe/scala_flexible_type_with_test_script/community-build/community-projects/scala-xml/jvm/target/scala-3.3.1-RC1-bin-SNAPSHOT/classes/scala/xml/parsing/FatalError.tasty, /Users/y3536zha/Desktop/scala_flexible_unsafe/scala_flexible_type_with_test_script/community-build/community-projects/scala-xml/jvm/target/scala-3.3.1-RC1-bin-SNAPSHOT/classes/scala/xml/parsing/MarkupHandler.tasty, /Users/y3536zha/Desktop/scala_flexible_unsafe/scala_flexible_type_with_test_script/community-build/community-projects/scala-xml/jvm/target/scala-3.3.1-RC1-bin-SNAPSHOT/classes/scala/xml/parsing/MarkupParser.tasty, /Users/y3536zha/Desktop/scala_flexible_unsafe/scala_flexible_type_with_test_script/community-build/community-projects/scala-xml/jvm/target/scala-3.3.1-RC1-bin-SNAPSHOT/classes/scala/xml/parsing/MarkupParserCommon.tasty, /Users/y3536zha/Desktop/scala_flexible_unsafe/scala_flexible_type_with_test_script/community-build/community-projects/scala-xml/jvm/target/scala-3.3.1-RC1-bin-SNAPSHOT/classes/scala/xml/parsing/NoBindingFactoryAdapter.tasty, /Users/y3536zha/Desktop/scala_flexible_unsafe/scala_flexible_type_with_test_script/community-build/community-projects/scala-xml/jvm/target/scala-3.3.1-RC1-bin-SNAPSHOT/classes/scala/xml/parsing/TokenTests.tasty, /Users/y3536zha/Desktop/scala_flexible_unsafe/scala_flexible_type_with_test_script/community-build/community-projects/scala-xml/jvm/target/scala-3.3.1-RC1-bin-SNAPSHOT/classes/scala/xml/parsing/XhtmlEntities.tasty, /Users/y3536zha/Desktop/scala_flexible_unsafe/scala_flexible_type_with_test_script/community-build/community-projects/scala-xml/jvm/target/scala-3.3.1-RC1-bin-SNAPSHOT/classes/scala/xml/parsing/XhtmlParser.tasty, /Users/y3536zha/Desktop/scala_flexible_unsafe/scala_flexible_type_with_test_script/community-build/community-projects/scala-xml/jvm/target/scala-3.3.1-RC1-bin-SNAPSHOT/classes/scala/xml/transform/BasicTransformer.tasty, /Users/y3536zha/Desktop/scala_flexible_unsafe/scala_flexible_type_with_test_script/community-build/community-projects/scala-xml/jvm/target/scala-3.3.1-RC1-bin-SNAPSHOT/classes/scala/xml/transform/NestingTransformer.tasty, /Users/y3536zha/Desktop/scala_flexible_unsafe/scala_flexible_type_with_test_script/community-build/community-projects/scala-xml/jvm/target/scala-3.3.1-RC1-bin-SNAPSHOT/classes/scala/xml/transform/RewriteRule.tasty, /Users/y3536zha/Desktop/scala_flexible_unsafe/scala_flexible_type_with_test_script/community-build/community-projects/scala-xml/jvm/target/scala-3.3.1-RC1-bin-SNAPSHOT/classes/scala/xml/transform/RuleTransformer.tasty
[error] java.lang.RuntimeException: java.lang.reflect.InvocationTargetException
[error] 	at xsbt.DottydocRunner.run(DottydocRunner.java:65)
[error] 	at xsbt.ScaladocInterface.run(ScaladocInterface.java:11)
[error] 	at java.base/jdk.internal.reflect.NativeMethodAccessorImpl.invoke0(Native Method)
[error] 	at java.base/jdk.internal.reflect.NativeMethodAccessorImpl.invoke(Unknown Source)
[error] 	at java.base/jdk.internal.reflect.DelegatingMethodAccessorImpl.invoke(Unknown Source)
[error] 	at java.base/java.lang.reflect.Method.invoke(Unknown Source)
[error] 	at sbt.internal.inc.AnalyzingCompiler.invoke(AnalyzingCompiler.scala:329)
[error] 	at sbt.internal.inc.AnalyzingCompiler.doc(AnalyzingCompiler.scala:175)
[error] 	at sbt.internal.inc.AnalyzingCompiler.doc(AnalyzingCompiler.scala:133)
[error] 	at sbt.Doc$.$anonfun$scaladoc$1(Doc.scala:52)
[error] 	at sbt.Doc$.$anonfun$scaladoc$1$adapted(Doc.scala:40)
[error] 	at sbt.RawCompileLike$.$anonfun$prepare$1(RawCompileLike.scala:79)
[error] 	at sbt.RawCompileLike$.$anonfun$prepare$1$adapted(RawCompileLike.scala:72)
[error] 	at sbt.RawCompileLike$.$anonfun$cached$4(RawCompileLike.scala:63)
[error] 	at sbt.RawCompileLike$.$anonfun$cached$4$adapted(RawCompileLike.scala:61)
[error] 	at sbt.util.Tracked$.$anonfun$inputChangedW$1(Tracked.scala:219)
[error] 	at sbt.RawCompileLike$.$anonfun$cached$1(RawCompileLike.scala:68)
[error] 	at sbt.RawCompileLike$.$anonfun$cached$1$adapted(RawCompileLike.scala:52)
[error] 	at sbt.Defaults$.$anonfun$docTaskSettings$4(Defaults.scala:2156)
[error] 	at scala.Function1.$anonfun$compose$1(Function1.scala:49)
[error] 	at sbt.internal.util.$tilde$greater.$anonfun$$u2219$1(TypeFunctions.scala:62)
[error] 	at sbt.std.Transform$$anon$4.work(Transform.scala:68)
[error] 	at sbt.Execute.$anonfun$submit$2(Execute.scala:282)
[error] 	at sbt.internal.util.ErrorHandling$.wideConvert(ErrorHandling.scala:23)
[error] 	at sbt.Execute.work(Execute.scala:291)
[error] 	at sbt.Execute.$anonfun$submit$1(Execute.scala:282)
[error] 	at sbt.ConcurrentRestrictions$$anon$4.$anonfun$submitValid$1(ConcurrentRestrictions.scala:265)
[error] 	at sbt.CompletionService$$anon$2.call(CompletionService.scala:64)
[error] 	at java.base/java.util.concurrent.FutureTask.run(Unknown Source)
[error] 	at java.base/java.util.concurrent.Executors$RunnableAdapter.call(Unknown Source)
[error] 	at java.base/java.util.concurrent.FutureTask.run(Unknown Source)
[error] 	at java.base/java.util.concurrent.ThreadPoolExecutor.runWorker(Unknown Source)
[error] 	at java.base/java.util.concurrent.ThreadPoolExecutor$Worker.run(Unknown Source)
[error] 	at java.base/java.lang.Thread.run(Unknown Source)
[error] Caused by: java.lang.reflect.InvocationTargetException
[error] 	at java.base/jdk.internal.reflect.NativeMethodAccessorImpl.invoke0(Native Method)
[error] 	at java.base/jdk.internal.reflect.NativeMethodAccessorImpl.invoke(Unknown Source)
[error] 	at java.base/jdk.internal.reflect.DelegatingMethodAccessorImpl.invoke(Unknown Source)
[error] 	at java.base/java.lang.reflect.Method.invoke(Unknown Source)
[error] 	at xsbt.DottydocRunner.run(DottydocRunner.java:61)
[error] 	at xsbt.ScaladocInterface.run(ScaladocInterface.java:11)
[error] 	at java.base/jdk.internal.reflect.NativeMethodAccessorImpl.invoke0(Native Method)
[error] 	at java.base/jdk.internal.reflect.NativeMethodAccessorImpl.invoke(Unknown Source)
[error] 	at java.base/jdk.internal.reflect.DelegatingMethodAccessorImpl.invoke(Unknown Source)
[error] 	at java.base/java.lang.reflect.Method.invoke(Unknown Source)
[error] 	at sbt.internal.inc.AnalyzingCompiler.invoke(AnalyzingCompiler.scala:329)
[error] 	at sbt.internal.inc.AnalyzingCompiler.doc(AnalyzingCompiler.scala:175)
[error] 	at sbt.internal.inc.AnalyzingCompiler.doc(AnalyzingCompiler.scala:133)
[error] 	at sbt.Doc$.$anonfun$scaladoc$1(Doc.scala:52)
[error] 	at sbt.Doc$.$anonfun$scaladoc$1$adapted(Doc.scala:40)
[error] 	at sbt.RawCompileLike$.$anonfun$prepare$1(RawCompileLike.scala:79)
[error] 	at sbt.RawCompileLike$.$anonfun$prepare$1$adapted(RawCompileLike.scala:72)
[error] 	at sbt.RawCompileLike$.$anonfun$cached$4(RawCompileLike.scala:63)
[error] 	at sbt.RawCompileLike$.$anonfun$cached$4$adapted(RawCompileLike.scala:61)
[error] 	at sbt.util.Tracked$.$anonfun$inputChangedW$1(Tracked.scala:219)
[error] 	at sbt.RawCompileLike$.$anonfun$cached$1(RawCompileLike.scala:68)
[error] 	at sbt.RawCompileLike$.$anonfun$cached$1$adapted(RawCompileLike.scala:52)
[error] 	at sbt.Defaults$.$anonfun$docTaskSettings$4(Defaults.scala:2156)
[error] 	at scala.Function1.$anonfun$compose$1(Function1.scala:49)
[error] 	at sbt.internal.util.$tilde$greater.$anonfun$$u2219$1(TypeFunctions.scala:62)
[error] 	at sbt.std.Transform$$anon$4.work(Transform.scala:68)
[error] 	at sbt.Execute.$anonfun$submit$2(Execute.scala:282)
[error] 	at sbt.internal.util.ErrorHandling$.wideConvert(ErrorHandling.scala:23)
[error] 	at sbt.Execute.work(Execute.scala:291)
[error] 	at sbt.Execute.$anonfun$submit$1(Execute.scala:282)
[error] 	at sbt.ConcurrentRestrictions$$anon$4.$anonfun$submitValid$1(ConcurrentRestrictions.scala:265)
[error] 	at sbt.CompletionService$$anon$2.call(CompletionService.scala:64)
[error] 	at java.base/java.util.concurrent.FutureTask.run(Unknown Source)
[error] 	at java.base/java.util.concurrent.Executors$RunnableAdapter.call(Unknown Source)
[error] 	at java.base/java.util.concurrent.FutureTask.run(Unknown Source)
[error] 	at java.base/java.util.concurrent.ThreadPoolExecutor.runWorker(Unknown Source)
[error] 	at java.base/java.util.concurrent.ThreadPoolExecutor$Worker.run(Unknown Source)
[error] 	at java.base/java.lang.Thread.run(Unknown Source)
[error] Caused by: scala.MatchError: 193 (of class java.lang.Integer)
[error] 	at dotty.tools.dotc.core.tasty.TreeUnpickler$TreeReader.readLengthType$1(TreeUnpickler.scala:416)
[error] 	at dotty.tools.dotc.core.tasty.TreeUnpickler$TreeReader.readType(TreeUnpickler.scala:465)
[error] 	at dotty.tools.dotc.core.tasty.TreeUnpickler$TreeReader.readLengthTree$1(TreeUnpickler.scala:1388)
[error] 	at dotty.tools.dotc.core.tasty.TreeUnpickler$TreeReader.readTree(TreeUnpickler.scala:1450)
[error] 	at dotty.tools.dotc.core.tasty.TreeUnpickler$TreeReader.readCase(TreeUnpickler.scala:1503)
[error] 	at dotty.tools.dotc.core.tasty.TreeUnpickler$TreeReader.readCases$$anonfun$2(TreeUnpickler.scala:1494)
[error] 	at dotty.tools.tasty.TastyReader.collectWhile(TastyReader.scala:137)
[error] 	at dotty.tools.dotc.core.tasty.TreeUnpickler$TreeReader.readCases(TreeUnpickler.scala:1495)
[error] 	at dotty.tools.dotc.core.tasty.TreeUnpickler$TreeReader.readLengthTree$1(TreeUnpickler.scala:1338)
[error] 	at dotty.tools.dotc.core.tasty.TreeUnpickler$TreeReader.readTree(TreeUnpickler.scala:1450)
[error] 	at dotty.tools.dotc.core.tasty.TreeUnpickler.readRhs$1$$anonfun$1$$anonfun$1(TreeUnpickler.scala:861)
[error] 	at dotty.tools.dotc.core.tasty.TreeUnpickler$LazyReader.complete(TreeUnpickler.scala:1587)
[error] 	at dotty.tools.dotc.ast.Trees$WithLazyFields.force(Trees.scala:1033)
[error] 	at dotty.tools.dotc.ast.Trees$WithLazyFields.force$(Trees.scala:1029)
[error] 	at dotty.tools.dotc.ast.Trees$ValOrDefDef.force(Trees.scala:410)
[error] 	at dotty.tools.dotc.ast.Trees$DefDef.forceFields(Trees.scala:825)
[error] 	at dotty.tools.dotc.ast.Trees$DefDef.rhs(Trees.scala:826)
[error] 	at dotty.tools.dotc.ast.Trees$Instance$TreeAccumulator.foldOver(Trees.scala:1620)
[error] 	at dotty.tools.dotc.ast.Trees$Instance$TreeTraverser.traverseChildren(Trees.scala:1661)
[error] 	at dotty.tools.dotc.CompilationUnit$Force.traverse(CompilationUnit.scala:172)
[error] 	at dotty.tools.dotc.ast.Trees$Instance$TreeTraverser.apply(Trees.scala:1660)
[error] 	at dotty.tools.dotc.ast.Trees$Instance$TreeTraverser.apply(Trees.scala:1660)
[error] 	at dotty.tools.dotc.ast.Trees$Instance$TreeAccumulator.fold$1(Trees.scala:1532)
[error] 	at dotty.tools.dotc.ast.Trees$Instance$TreeAccumulator.apply(Trees.scala:1534)
[error] 	at dotty.tools.dotc.ast.Trees$Instance$TreeAccumulator.foldOver(Trees.scala:1627)
[error] 	at dotty.tools.dotc.ast.Trees$Instance$TreeTraverser.traverseChildren(Trees.scala:1661)
[error] 	at dotty.tools.dotc.CompilationUnit$Force.traverse(CompilationUnit.scala:172)
[error] 	at dotty.tools.dotc.ast.Trees$Instance$TreeTraverser.apply(Trees.scala:1660)
[error] 	at dotty.tools.dotc.ast.Trees$Instance$TreeTraverser.apply(Trees.scala:1660)
[error] 	at dotty.tools.dotc.ast.Trees$Instance$TreeAccumulator.foldOver(Trees.scala:1624)
[error] 	at dotty.tools.dotc.ast.Trees$Instance$TreeTraverser.traverseChildren(Trees.scala:1661)
[error] 	at dotty.tools.dotc.CompilationUnit$Force.traverse(CompilationUnit.scala:172)
[error] 	at dotty.tools.dotc.ast.Trees$Instance$TreeTraverser.apply(Trees.scala:1660)
[error] 	at dotty.tools.dotc.ast.Trees$Instance$TreeTraverser.apply(Trees.scala:1660)
[error] 	at dotty.tools.dotc.ast.Trees$Instance$TreeAccumulator.fold$1(Trees.scala:1532)
[error] 	at dotty.tools.dotc.ast.Trees$Instance$TreeAccumulator.apply(Trees.scala:1534)
[error] 	at dotty.tools.dotc.ast.Trees$Instance$TreeAccumulator.foldOver(Trees.scala:1633)
[error] 	at dotty.tools.dotc.ast.Trees$Instance$TreeTraverser.traverseChildren(Trees.scala:1661)
[error] 	at dotty.tools.dotc.CompilationUnit$Force.traverse(CompilationUnit.scala:172)
[error] 	at dotty.tools.dotc.ast.Trees$Instance$TreeTraverser.apply(Trees.scala:1660)
[error] 	at dotty.tools.dotc.ast.Trees$Instance$TreeTraverser.apply(Trees.scala:1660)
[error] 	at dotty.tools.dotc.ast.Trees$Instance$TreeAccumulator.fold$1(Trees.scala:1532)
[error] 	at dotty.tools.dotc.ast.Trees$Instance$TreeAccumulator.apply(Trees.scala:1534)
[error] 	at dotty.tools.dotc.ast.Trees$Instance$TreeAccumulator.foldOver(Trees.scala:1633)
[error] 	at dotty.tools.dotc.ast.Trees$Instance$TreeAccumulator.foldOver(Trees.scala:1538)
[error] 	at dotty.tools.dotc.ast.Trees$Instance$TreeTraverser.traverseChildren(Trees.scala:1661)
[error] 	at dotty.tools.dotc.CompilationUnit$Force.traverse(CompilationUnit.scala:172)
[error] 	at dotty.tools.dotc.CompilationUnit$.apply(CompilationUnit.scala:123)
[error] 	at dotty.tools.dotc.CompilationUnit$.apply(CompilationUnit.scala:114)
[error] 	at dotty.tools.dotc.fromtasty.ReadTasty.compilationUnit$1(ReadTasty.scala:42)
[error] 	at dotty.tools.dotc.fromtasty.ReadTasty.readTASTY(ReadTasty.scala:70)
[error] 	at dotty.tools.dotc.fromtasty.ReadTasty.runOn$$anonfun$1(ReadTasty.scala:25)
[error] 	at scala.collection.immutable.List.flatMap(List.scala:293)
[error] 	at dotty.tools.dotc.fromtasty.ReadTasty.runOn(ReadTasty.scala:25)
[error] 	at dotty.tools.dotc.Run.runPhases$1$$anonfun$1(Run.scala:246)
[error] 	at scala.runtime.function.JProcedure1.apply(JProcedure1.java:15)
[error] 	at scala.runtime.function.JProcedure1.apply(JProcedure1.java:10)
[error] 	at scala.collection.ArrayOps$.foreach$extension(ArrayOps.scala:1321)
[error] 	at dotty.tools.dotc.Run.runPhases$1(Run.scala:262)
[error] 	at dotty.tools.dotc.Run.compileUnits$$anonfun$1(Run.scala:270)
[error] 	at dotty.tools.dotc.Run.compileUnits$$anonfun$adapted$1(Run.scala:279)
[error] 	at dotty.tools.dotc.util.Stats$.maybeMonitored(Stats.scala:67)
[error] 	at dotty.tools.dotc.Run.compileUnits(Run.scala:279)
[error] 	at dotty.tools.dotc.Run.compileUnits(Run.scala:200)
[error] 	at dotty.tools.dotc.fromtasty.TASTYRun.compile(TASTYRun.scala:15)
[error] 	at dotty.tools.dotc.Driver.doCompile(Driver.scala:37)
[error] 	at dotty.tools.dotc.Driver.process(Driver.scala:197)
[error] 	at scala.tasty.inspector.OldTastyInspector.inspectFilesInContext(OldTastyInspector.scala:72)
[error] 	at scala.tasty.inspector.OldTastyInspector.inspectFilesInContext$(OldTastyInspector.scala:22)
[error] 	at scala.tasty.inspector.DocTastyInspector.inspectFilesInContext(DocTastyInspector.scala:5)
[error] 	at dotty.tools.scaladoc.tasty.ScaladocTastyInspector.result(TastyParser.scala:147)
[error] 	at dotty.tools.scaladoc.ScalaModuleProvider$.mkModule(ScalaModuleProvider.scala:11)
[error] 	at dotty.tools.scaladoc.Scaladoc$.run(Scaladoc.scala:241)
[error] 	at dotty.tools.scaladoc.Scaladoc$.run$$anonfun$1(Scaladoc.scala:73)
[error] 	at scala.runtime.function.JProcedure1.apply(JProcedure1.java:15)
[error] 	at scala.runtime.function.JProcedure1.apply(JProcedure1.java:10)
[error] 	at scala.Option.map(Option.scala:242)
[error] 	at dotty.tools.scaladoc.Scaladoc$.run(Scaladoc.scala:77)
[error] 	at dotty.tools.dottydoc.Main$.process(Main.scala:25)
[error] 	at dotty.tools.dottydoc.Main.process(Main.scala)
[error] 	at java.base/jdk.internal.reflect.NativeMethodAccessorImpl.invoke0(Native Method)
[error] 	at java.base/jdk.internal.reflect.NativeMethodAccessorImpl.invoke(Unknown Source)
[error] 	at java.base/jdk.internal.reflect.DelegatingMethodAccessorImpl.invoke(Unknown Source)
[error] 	at java.base/java.lang.reflect.Method.invoke(Unknown Source)
[error] 	at xsbt.DottydocRunner.run(DottydocRunner.java:61)
[error] 	at xsbt.ScaladocInterface.run(ScaladocInterface.java:11)
[error] 	at java.base/jdk.internal.reflect.NativeMethodAccessorImpl.invoke0(Native Method)
[error] 	at java.base/jdk.internal.reflect.NativeMethodAccessorImpl.invoke(Unknown Source)
[error] 	at java.base/jdk.internal.reflect.DelegatingMethodAccessorImpl.invoke(Unknown Source)
[error] 	at java.base/java.lang.reflect.Method.invoke(Unknown Source)
[error] 	at sbt.internal.inc.AnalyzingCompiler.invoke(AnalyzingCompiler.scala:329)
[error] 	at sbt.internal.inc.AnalyzingCompiler.doc(AnalyzingCompiler.scala:175)
[error] 	at sbt.internal.inc.AnalyzingCompiler.doc(AnalyzingCompiler.scala:133)
[error] 	at sbt.Doc$.$anonfun$scaladoc$1(Doc.scala:52)
[error] 	at sbt.Doc$.$anonfun$scaladoc$1$adapted(Doc.scala:40)
[error] 	at sbt.RawCompileLike$.$anonfun$prepare$1(RawCompileLike.scala:79)
[error] 	at sbt.RawCompileLike$.$anonfun$prepare$1$adapted(RawCompileLike.scala:72)
[error] 	at sbt.RawCompileLike$.$anonfun$cached$4(RawCompileLike.scala:63)
[error] 	at sbt.RawCompileLike$.$anonfun$cached$4$adapted(RawCompileLike.scala:61)
[error] 	at sbt.util.Tracked$.$anonfun$inputChangedW$1(Tracked.scala:219)
[error] 	at sbt.RawCompileLike$.$anonfun$cached$1(RawCompileLike.scala:68)
[error] 	at sbt.RawCompileLike$.$anonfun$cached$1$adapted(RawCompileLike.scala:52)
[error] 	at sbt.Defaults$.$anonfun$docTaskSettings$4(Defaults.scala:2156)
[error] 	at scala.Function1.$anonfun$compose$1(Function1.scala:49)
[error] 	at sbt.internal.util.$tilde$greater.$anonfun$$u2219$1(TypeFunctions.scala:62)
[error] 	at sbt.std.Transform$$anon$4.work(Transform.scala:68)
[error] 	at sbt.Execute.$anonfun$submit$2(Execute.scala:282)
[error] 	at sbt.internal.util.ErrorHandling$.wideConvert(ErrorHandling.scala:23)
[error] 	at sbt.Execute.work(Execute.scala:291)
[error] 	at sbt.Execute.$anonfun$submit$1(Execute.scala:282)
[error] 	at sbt.ConcurrentRestrictions$$anon$4.$anonfun$submitValid$1(ConcurrentRestrictions.scala:265)
[error] 	at sbt.CompletionService$$anon$2.call(CompletionService.scala:64)
[error] 	at java.base/java.util.concurrent.FutureTask.run(Unknown Source)
[error] 	at java.base/java.util.concurrent.Executors$RunnableAdapter.call(Unknown Source)
[error] 	at java.base/java.util.concurrent.FutureTask.run(Unknown Source)
[error] 	at java.base/java.util.concurrent.ThreadPoolExecutor.runWorker(Unknown Source)
[error] 	at java.base/java.util.concurrent.ThreadPoolExecutor$Worker.run(Unknown Source)
[error] 	at java.base/java.lang.Thread.run(Unknown Source)
[error] (xml / Compile / doc) java.lang.reflect.InvocationTargetException
[error] Total time: 20 s, completed Jun 21, 2023, 8:44:25 PM
[error] Test dotty.communitybuild.CommunityBuildTestC.onnxScala failed: java.lang.RuntimeException: Publish command exited with code 1 for project scala-xml. Project details:
[error] SbtCommunityProject(scala-xml,xml/test,List(),List(),dotty.communitybuild.SbtCommunityProject$$$Lambda$50/1926039125@20c47022,xml/publishLocal,xml/doc,List(-Xcheck-macros, -Ysafe-init, -Yexplicit-nulls, -language:unsafeNulls, -Yflexible-types),false), took 41.059 sec
[error]     at dotty.communitybuild.CommunityProject.publish(projects.scala:64)
[error]     at dotty.communitybuild.CommunityProject.publish$(projects.scala:35)
[error]     at dotty.communitybuild.SbtCommunityProject.publish(projects.scala:104)
[error]     at dotty.communitybuild.CommunityProject.publishDependencies$$anonfun$1(projects.scala:52)
[error]     at scala.runtime.function.JProcedure1.apply(JProcedure1.java:15)
[error]     at scala.runtime.function.JProcedure1.apply(JProcedure1.java:10)
[error]     at scala.collection.immutable.List.foreach(List.scala:333)
[error]     at dotty.communitybuild.CommunityProject.publishDependencies(projects.scala:52)
[error]     at dotty.communitybuild.CommunityProject.publishDependencies$(projects.scala:35)
[error]     at dotty.communitybuild.SbtCommunityProject.publishDependencies(projects.scala:104)
[error]     at dotty.communitybuild.CommunityProject.publish(projects.scala:58)
[error]     at dotty.communitybuild.CommunityProject.publish$(projects.scala:35)
[error]     at dotty.communitybuild.SbtCommunityProject.publish(projects.scala:104)
[error]     at dotty.communitybuild.CommunityBuildRunner$.run$$anonfun$1(CommunityBuildRunner.scala:24)
[error]     at scala.runtime.function.JProcedure1.apply(JProcedure1.java:15)
[error]     at scala.runtime.function.JProcedure1.apply(JProcedure1.java:10)
[error]     at scala.collection.immutable.List.foreach(List.scala:333)
[error]     at dotty.communitybuild.CommunityBuildRunner$.run(CommunityBuildRunner.scala:24)
[error]     at dotty.communitybuild.CommunityBuildTestC.onnxScala(CommunityBuildTest.scala:75)
[error]     at jdk.internal.reflect.NativeMethodAccessorImpl.invoke0(Native Method)
[error]     at jdk.internal.reflect.NativeMethodAccessorImpl.invoke(Unknown Source)
[error]     at jdk.internal.reflect.DelegatingMethodAccessorImpl.invoke(Unknown Source)
[error]     at java.lang.reflect.Method.invoke(Unknown Source)
[error]     ...
[info] Test run dotty.communitybuild.CommunityBuildTestC finished: 1 failed, 0 ignored, 1 total, 41.067s
********************************************************************************
Failed projects:
 - dotty.communitybuild.CommunityBuildTestC.onnxScala
********************************************************************************
[info] Test run dotty.communitybuild.CommunityBuildTestB started
[info] Test run dotty.communitybuild.CommunityBuildTestB finished: 0 failed, 0 ignored, 0 total, 0.0s
[error] Failed: Total 1, Failed 1, Errors 0, Passed 0
[error] Failed tests:
[error] 	dotty.communitybuild.CommunityBuildTestC
[error] (community-build / Test / testOnly) sbt.TestsFailedException: Tests unsuccessful
[error] Total time: 73 s (01:13), completed Jun 21, 2023, 8:44:26 PM
